This file contains any messages produced by compilers while
running configure, to aid debugging if configure makes a mistake.

It was created by libgcrypt configure 1.12.1-beta10, which was
generated by GNU Autoconf 2.72.  Invocation command line was

  $ ./configure

## --------- ##
## Platform. ##
## --------- ##

hostname = MacBook-Pro-van-Andy-9.local
uname -m = arm64
uname -r = 25.2.0
uname -s = Darwin
uname -v = Darwin Kernel Version 25.2.0: Tue Nov 18 21:03:25 PST 2025; root:xnu-12377.61.12~1/RELEASE_ARM64_T8122

/usr/bin/uname -p = arm
/bin/uname -X     = unknown

/bin/arch              = unknown
/usr/bin/arch -k       = unknown
/usr/convex/getsysinfo = unknown
/usr/bin/hostinfo      = Mach kernel version:
	 Darwin Kernel Version 25.2.0: Tue Nov 18 21:03:25 PST 2025; root:xnu-12377.61.12~1/RELEASE_ARM64_T8122
Kernel configured for up to 8 processors.
8 processors are physically available.
8 processors are logically available.
Processor type: arm64e (ARM64E)
Processors active: 0 1 2 3 4 5 6 7
Primary memory available: 8.00 gigabytes
Default processor set: 572 tasks, 2852 threads, 8 processors
Load average: 9.94, Mach factor: 4.47
/bin/machine           = unknown
/usr/bin/oslevel       = unknown
/bin/universe          = unknown

PATH: /Library/Frameworks/Python.framework/Versions/3.14/bin/
PATH: /Library/Frameworks/Python.framework/Versions/2.7/bin/
PATH: /usr/local/bin/
PATH: /System/Cryptexes/App/usr/bin/
PATH: /usr/bin/
PATH: /bin/
PATH: /usr/sbin/
PATH: /sbin/
PATH: /var/run/com.apple.security.cryptexd/codex.system/bootstrap/usr/local/bin/
PATH: /var/run/com.apple.security.cryptexd/codex.system/bootstrap/usr/bin/
PATH: /var/run/com.apple.security.cryptexd/codex.system/bootstrap/usr/appleinternal/bin/
PATH: /opt/pmk/env/global/bin/
PATH: /opt/X11/bin/
PATH: /Library/Apple/usr/bin/
PATH: /Applications/VMware Fusion.app/Contents/Public/
PATH: /opt/devkitpro/tools/bin/
PATH: /usr/local/share/dotnet/
PATH: ~/.dotnet/tools/
PATH: /usr/local/go/bin/
PATH: /opt/homebrew/bin/
PATH: /Library/Frameworks/Mono.framework/Versions/Current/Commands/
PATH: /Users/andyvand/.cargo/bin/


## ----------- ##
## Core tests. ##
## ----------- ##

configure:2973: looking for aux files: ltmain.sh compile config.guess config.sub missing install-sh
configure:2986:  trying ./build-aux/
configure:3015:   ./build-aux/ltmain.sh found
configure:3015:   ./build-aux/compile found
configure:3015:   ./build-aux/config.guess found
configure:3015:   ./build-aux/config.sub found
configure:3015:   ./build-aux/missing found
configure:2997:   ./build-aux/install-sh found
configure:3176: checking for a BSD-compatible install
configure:3250: result: /usr/bin/install -c
configure:3261: checking whether sleep supports fractional seconds
configure:3277: result: yes
configure:3280: checking filesystem timestamp resolution
configure:3415: result: 2
configure:3420: checking whether build environment is sane
configure:3465: result: yes
configure:3636: checking for a race-free mkdir -p
configure:3679: result: mkdir -p
configure:3686: checking for gawk
configure:3707: found /usr/local/bin/gawk
configure:3719: result: gawk
configure:3730: checking whether make sets $(MAKE)
configure:3754: result: yes
configure:3780: checking whether make supports nested variables
configure:3799: result: yes
configure:3813: checking xargs -n works
configure:3829: result: yes
configure:3914: checking whether UID '501' is supported by ustar format
configure:3920: result: yes
configure:3927: checking whether GID '20' is supported by ustar format
configure:3933: result: yes
configure:3941: checking how to create a ustar tar archive
configure:3952: tar --version
tar (GNU tar) 1.35
Copyright (C) 2023 Free Software Foundation, Inc.
License GPLv3+: GNU GPL version 3 or later <https://gnu.org/licenses/gpl.html>.
This is free software: you are free to change and redistribute it.
There is NO WARRANTY, to the extent permitted by law.

Written by John Gilmore and Jay Fenlason.
configure:3955: $? = 0
configure:3995: tardir=conftest.dir && eval tar --format=ustar -chf - "$tardir" >conftest.tar
configure:3998: $? = 0
configure:4002: tar -xf - <conftest.tar
configure:4005: $? = 0
configure:4007: cat conftest.dir/file
GrepMe
configure:4010: $? = 0
configure:4025: result: gnutar
configure:4061: checking build system type
configure:4077: result: aarch64-apple-darwin25.2.0
configure:4097: checking host system type
configure:4112: result: aarch64-apple-darwin25.2.0
configure:4133: checking whether to enable maintainer-specific portions of Makefiles
configure:4144: result: no
configure:4174: checking whether make supports the include directive
configure:4189: make -f confmf.GNU && cat confinc.out
this is the am__doit target
configure:4192: $? = 0
configure:4211: result: yes (GNU style)
configure:4288: checking for gcc
configure:4309: found /usr/bin/gcc
configure:4321: result: gcc
configure:4680: checking for C compiler version
configure:4689: gcc --version >&5
Apple clang version 17.0.0 (clang-1700.3.19.1)
Target: arm64-apple-darwin25.2.0
Thread model: posix
InstalledDir: /Applications/Xcode.app/Contents/Developer/Toolchains/XcodeDefault.xctoolchain/usr/bin
configure:4700: $? = 0
configure:4689: gcc -v >&5
Apple clang version 17.0.0 (clang-1700.3.19.1)
Target: arm64-apple-darwin25.2.0
Thread model: posix
InstalledDir: /Applications/Xcode.app/Contents/Developer/Toolchains/XcodeDefault.xctoolchain/usr/bin
configure:4700: $? = 0
configure:4689: gcc -V >&5
clang: error: argument to '-V' is missing (expected 1 value)
clang: error: no input files
configure:4700: $? = 1
configure:4689: gcc -qversion >&5
clang: error: unknown argument '-qversion'; did you mean '--version'?
clang: error: no input files
configure:4700: $? = 1
configure:4689: gcc -version >&5
clang: error: unknown argument '-version'; did you mean '--version'?
clang: error: no input files
configure:4700: $? = 1
configure:4720: checking whether the C compiler works
configure:4742: gcc    conftest.c  >&5
configure:4746: $? = 0
configure:4797: result: yes
configure:4801: checking for C compiler default output file name
configure:4803: result: a.out
configure:4809: checking for suffix of executables
configure:4816: gcc -o conftest    conftest.c  >&5
configure:4820: $? = 0
configure:4844: result: 
configure:4868: checking whether we are cross compiling
configure:4876: gcc -o conftest    conftest.c  >&5
configure:4880: $? = 0
configure:4887: ./conftest
configure:4891: $? = 0
configure:4906: result: no
configure:4912: checking for suffix of object files
configure:4935: gcc -c   conftest.c >&5
configure:4939: $? = 0
configure:4963: result: o
configure:4967: checking whether the compiler supports GNU C
configure:4987: gcc -c   conftest.c >&5
configure:4987: $? = 0
configure:4999: result: yes
configure:5010: checking whether gcc accepts -g
configure:5031: gcc -c -g  conftest.c >&5
configure:5031: $? = 0
configure:5078: result: yes
configure:5098: checking for gcc option to enable C11 features
configure:5113: gcc  -c -g -O2  conftest.c >&5
configure:5113: $? = 0
configure:5132: result: none needed
configure:5256: checking whether gcc understands -c and -o together
configure:5279: gcc -c conftest.c -o conftest2.o
configure:5282: $? = 0
configure:5279: gcc -c conftest.c -o conftest2.o
configure:5282: $? = 0
configure:5298: result: yes
configure:5317: checking dependency style of gcc
configure:5430: result: gcc3
configure:5450: checking for stdio.h
configure:5450: gcc -c -g -O2  conftest.c >&5
configure:5450: $? = 0
configure:5450: result: yes
configure:5450: checking for stdlib.h
configure:5450: gcc -c -g -O2  conftest.c >&5
configure:5450: $? = 0
configure:5450: result: yes
configure:5450: checking for string.h
configure:5450: gcc -c -g -O2  conftest.c >&5
configure:5450: $? = 0
configure:5450: result: yes
configure:5450: checking for inttypes.h
configure:5450: gcc -c -g -O2  conftest.c >&5
configure:5450: $? = 0
configure:5450: result: yes
configure:5450: checking for stdint.h
configure:5450: gcc -c -g -O2  conftest.c >&5
configure:5450: $? = 0
configure:5450: result: yes
configure:5450: checking for strings.h
configure:5450: gcc -c -g -O2  conftest.c >&5
configure:5450: $? = 0
configure:5450: result: yes
configure:5450: checking for sys/stat.h
configure:5450: gcc -c -g -O2  conftest.c >&5
configure:5450: $? = 0
configure:5450: result: yes
configure:5450: checking for sys/types.h
configure:5450: gcc -c -g -O2  conftest.c >&5
configure:5450: $? = 0
configure:5450: result: yes
configure:5450: checking for unistd.h
configure:5450: gcc -c -g -O2  conftest.c >&5
configure:5450: $? = 0
configure:5450: result: yes
configure:5450: checking for wchar.h
configure:5450: gcc -c -g -O2  conftest.c >&5
configure:5450: $? = 0
configure:5450: result: yes
configure:5450: checking for minix/config.h
configure:5450: gcc -c -g -O2  conftest.c >&5
conftest.c:49:10: fatal error: 'minix/config.h' file not found
   49 | #include <minix/config.h>
      |          ^~~~~~~~~~~~~~~~
1 error generated.
configure:5450: $? = 1
configure: failed program was:
| /* confdefs.h */
| #define PACKAGE_NAME "libgcrypt"
| #define PACKAGE_TARNAME "libgcrypt"
| #define PACKAGE_VERSION "1.12.1-beta10"
| #define PACKAGE_STRING "libgcrypt 1.12.1-beta10"
| #define PACKAGE_BUGREPORT "https://bugs.gnupg.org"
| #define PACKAGE_URL ""
| #define PACKAGE "libgcrypt"
| #define VERSION "1.12.1-beta10"
| #define HAVE_STDIO_H 1
| #define HAVE_STDLIB_H 1
| #define HAVE_STRING_H 1
| #define HAVE_INTTYPES_H 1
| #define HAVE_STDINT_H 1
| #define HAVE_STRINGS_H 1
| #define HAVE_SYS_STAT_H 1
| #define HAVE_SYS_TYPES_H 1
| #define HAVE_UNISTD_H 1
| #define HAVE_WCHAR_H 1
| /* end confdefs.h.  */
| #include <stddef.h>
| #ifdef HAVE_STDIO_H
| # include <stdio.h>
| #endif
| #ifdef HAVE_STDLIB_H
| # include <stdlib.h>
| #endif
| #ifdef HAVE_STRING_H
| # include <string.h>
| #endif
| #ifdef HAVE_INTTYPES_H
| # include <inttypes.h>
| #endif
| #ifdef HAVE_STDINT_H
| # include <stdint.h>
| #endif
| #ifdef HAVE_STRINGS_H
| # include <strings.h>
| #endif
| #ifdef HAVE_SYS_TYPES_H
| # include <sys/types.h>
| #endif
| #ifdef HAVE_SYS_STAT_H
| # include <sys/stat.h>
| #endif
| #ifdef HAVE_UNISTD_H
| # include <unistd.h>
| #endif
| #include <minix/config.h>
configure:5450: result: no
configure:5481: checking whether it is safe to define __EXTENSIONS__
configure:5500: gcc -c -g -O2  conftest.c >&5
configure:5500: $? = 0
configure:5510: result: yes
configure:5513: checking whether _XOPEN_SOURCE should be defined
configure:5535: gcc -c -g -O2  conftest.c >&5
configure:5535: $? = 0
configure:5564: result: no
configure:5637: checking whether make sets $(MAKE)
configure:5661: result: yes
configure:5738: checking for gcc
configure:5771: result: gcc
configure:6130: checking for C compiler version
configure:6139: gcc --version >&5
Apple clang version 17.0.0 (clang-1700.3.19.1)
Target: arm64-apple-darwin25.2.0
Thread model: posix
InstalledDir: /Applications/Xcode.app/Contents/Developer/Toolchains/XcodeDefault.xctoolchain/usr/bin
configure:6150: $? = 0
configure:6139: gcc -v >&5
Apple clang version 17.0.0 (clang-1700.3.19.1)
Target: arm64-apple-darwin25.2.0
Thread model: posix
InstalledDir: /Applications/Xcode.app/Contents/Developer/Toolchains/XcodeDefault.xctoolchain/usr/bin
configure:6150: $? = 0
configure:6139: gcc -V >&5
clang: error: argument to '-V' is missing (expected 1 value)
clang: error: no input files
configure:6150: $? = 1
configure:6139: gcc -qversion >&5
clang: error: unknown argument '-qversion'; did you mean '--version'?
clang: error: no input files
configure:6150: $? = 1
configure:6139: gcc -version >&5
clang: error: unknown argument '-version'; did you mean '--version'?
clang: error: no input files
configure:6150: $? = 1
configure:6154: checking whether the compiler supports GNU C
configure:6186: result: yes
configure:6197: checking whether gcc accepts -g
configure:6265: result: yes
configure:6285: checking for gcc option to enable C11 features
configure:6319: result: none needed
configure:6443: checking whether gcc understands -c and -o together
configure:6485: result: yes
configure:6504: checking dependency style of gcc
configure:6617: result: gcc3
configure:6637: checking how to run the C preprocessor
configure:6663: gcc -E  conftest.c
configure:6663: $? = 0
configure:6679: gcc -E  conftest.c
conftest.c:39:10: fatal error: 'ac_nonexistent.h' file not found
   39 | #include <ac_nonexistent.h>
      |          ^~~~~~~~~~~~~~~~~~
1 error generated.
configure:6679: $? = 1
configure: failed program was:
| /* confdefs.h */
| #define PACKAGE_NAME "libgcrypt"
| #define PACKAGE_TARNAME "libgcrypt"
| #define PACKAGE_VERSION "1.12.1-beta10"
| #define PACKAGE_STRING "libgcrypt 1.12.1-beta10"
| #define PACKAGE_BUGREPORT "https://bugs.gnupg.org"
| #define PACKAGE_URL ""
| #define PACKAGE "libgcrypt"
| #define VERSION "1.12.1-beta10"
| #define HAVE_STDIO_H 1
| #define HAVE_STDLIB_H 1
| #define HAVE_STRING_H 1
| #define HAVE_INTTYPES_H 1
| #define HAVE_STDINT_H 1
| #define HAVE_STRINGS_H 1
| #define HAVE_SYS_STAT_H 1
| #define HAVE_SYS_TYPES_H 1
| #define HAVE_UNISTD_H 1
| #define HAVE_WCHAR_H 1
| #define STDC_HEADERS 1
| #define _ALL_SOURCE 1
| #define _DARWIN_C_SOURCE 1
| #define _GNU_SOURCE 1
| #define _HPUX_ALT_XOPEN_SOCKET_API 1
| #define _NETBSD_SOURCE 1
| #define _OPENBSD_SOURCE 1
| #define _POSIX_PTHREAD_SEMANTICS 1
| #define __STDC_WANT_IEC_60559_ATTRIBS_EXT__ 1
| #define __STDC_WANT_IEC_60559_BFP_EXT__ 1
| #define __STDC_WANT_IEC_60559_DFP_EXT__ 1
| #define __STDC_WANT_IEC_60559_EXT__ 1
| #define __STDC_WANT_IEC_60559_FUNCS_EXT__ 1
| #define __STDC_WANT_IEC_60559_TYPES_EXT__ 1
| #define __STDC_WANT_LIB_EXT2__ 1
| #define __STDC_WANT_MATH_SPEC_FUNCS__ 1
| #define _TANDEM_SOURCE 1
| #define __EXTENSIONS__ 1
| /* end confdefs.h.  */
| #include <ac_nonexistent.h>
configure:6708: result: gcc -E
configure:6722: gcc -E  conftest.c
configure:6722: $? = 0
configure:6738: gcc -E  conftest.c
conftest.c:39:10: fatal error: 'ac_nonexistent.h' file not found
   39 | #include <ac_nonexistent.h>
      |          ^~~~~~~~~~~~~~~~~~
1 error generated.
configure:6738: $? = 1
configure: failed program was:
| /* confdefs.h */
| #define PACKAGE_NAME "libgcrypt"
| #define PACKAGE_TARNAME "libgcrypt"
| #define PACKAGE_VERSION "1.12.1-beta10"
| #define PACKAGE_STRING "libgcrypt 1.12.1-beta10"
| #define PACKAGE_BUGREPORT "https://bugs.gnupg.org"
| #define PACKAGE_URL ""
| #define PACKAGE "libgcrypt"
| #define VERSION "1.12.1-beta10"
| #define HAVE_STDIO_H 1
| #define HAVE_STDLIB_H 1
| #define HAVE_STRING_H 1
| #define HAVE_INTTYPES_H 1
| #define HAVE_STDINT_H 1
| #define HAVE_STRINGS_H 1
| #define HAVE_SYS_STAT_H 1
| #define HAVE_SYS_TYPES_H 1
| #define HAVE_UNISTD_H 1
| #define HAVE_WCHAR_H 1
| #define STDC_HEADERS 1
| #define _ALL_SOURCE 1
| #define _DARWIN_C_SOURCE 1
| #define _GNU_SOURCE 1
| #define _HPUX_ALT_XOPEN_SOCKET_API 1
| #define _NETBSD_SOURCE 1
| #define _OPENBSD_SOURCE 1
| #define _POSIX_PTHREAD_SEMANTICS 1
| #define __STDC_WANT_IEC_60559_ATTRIBS_EXT__ 1
| #define __STDC_WANT_IEC_60559_BFP_EXT__ 1
| #define __STDC_WANT_IEC_60559_DFP_EXT__ 1
| #define __STDC_WANT_IEC_60559_EXT__ 1
| #define __STDC_WANT_IEC_60559_FUNCS_EXT__ 1
| #define __STDC_WANT_IEC_60559_TYPES_EXT__ 1
| #define __STDC_WANT_LIB_EXT2__ 1
| #define __STDC_WANT_MATH_SPEC_FUNCS__ 1
| #define _TANDEM_SOURCE 1
| #define __EXTENSIONS__ 1
| /* end confdefs.h.  */
| #include <ac_nonexistent.h>
configure:6780: checking dependency style of gcc
configure:6891: result: gcc3
configure:6906: checking for library containing strerror
configure:6942: gcc -o conftest -g -O2   conftest.c  >&5
conftest.c:49:6: warning: incompatible redeclaration of library function 'strerror' [-Wincompatible-library-redeclaration]
   49 | char strerror (void);
      |      ^
conftest.c:49:6: note: 'strerror' is a builtin with type 'char *(int)'
1 warning generated.
configure:6942: $? = 0
configure:6964: result: none required
configure:6978: checking for gawk
configure:7011: result: gawk
configure:7022: checking for grep that handles long lines and -e
configure:7088: result: /usr/bin/grep
configure:7093: checking for fgrep
configure:7163: result: /usr/bin/grep -F
configure:7296: checking how to print strings
configure:7323: result: printf
configure:7344: checking for a sed that does not truncate output
configure:7416: result: /usr/bin/sed
configure:7434: checking for egrep
configure:7504: result: /usr/bin/grep -E
configure:7543: checking for ld used by gcc
configure:7612: result: /Applications/Xcode.app/Contents/Developer/Toolchains/XcodeDefault.xctoolchain/usr/bin/ld
configure:7619: checking if the linker (/Applications/Xcode.app/Contents/Developer/Toolchains/XcodeDefault.xctoolchain/usr/bin/ld) is GNU ld
configure:7636: result: no
configure:7648: checking for BSD- or MS-compatible name lister (nm)
configure:7704: result: /usr/bin/nm -B
configure:7846: checking the name lister (/usr/bin/nm -B) interface
configure:7854: gcc -c -g -O2  conftest.c >&5
configure:7857: /usr/bin/nm -B "conftest.o"
configure:7860: output
0000000000000284 S _some_variable
0000000000000000 t ltmp0
0000000000000284 s ltmp1
configure:7868: result: BSD nm
configure:7871: checking whether ln -s works
configure:7875: result: yes
configure:7883: checking the maximum length of command line arguments
configure:8016: result: 786432
configure:8064: checking how to convert aarch64-apple-darwin25.2.0 file names to aarch64-apple-darwin25.2.0 format
configure:8106: result: func_convert_file_noop
configure:8113: checking how to convert aarch64-apple-darwin25.2.0 file names to toolchain format
configure:8135: result: func_convert_file_noop
configure:8142: checking for /Applications/Xcode.app/Contents/Developer/Toolchains/XcodeDefault.xctoolchain/usr/bin/ld option to reload object files
configure:8151: result: -r
configure:8231: checking for file
configure:8252: found /usr/bin/file
configure:8264: result: file
configure:8341: checking for objdump
configure:8362: found /usr/bin/objdump
configure:8374: result: objdump
configure:8403: checking how to recognize dependent libraries
configure:8609: result: pass_all
configure:8700: checking for dlltool
configure:8736: result: no
configure:8763: checking how to associate runtime and link libraries
configure:8792: result: printf %s\n
configure:8858: checking for ar
configure:8879: found /usr/bin/ar
configure:8891: result: ar
configure:8944: checking for archiver @FILE support
configure:8962: gcc -c -g -O2  conftest.c >&5
configure:8962: $? = 0
configure:8966: ar cr libconftest.a @conftest.lst >&5
ar: @conftest.lst: No such file or directory
configure:8969: $? = 1
configure:8990: result: no
configure:9054: checking for strip
configure:9075: found /usr/bin/strip
configure:9087: result: strip
configure:9165: checking for ranlib
configure:9186: found /usr/bin/ranlib
configure:9198: result: ranlib
configure:9300: checking command to parse /usr/bin/nm -B output from gcc object
configure:9454: gcc -c -g -O2  conftest.c >&5
configure:9457: $? = 0
configure:9461: /usr/bin/nm -B conftest.o | /usr/bin/sed -n -e 's/^.*[	 ]\([ABCDGIRSTW][ABCDGIRSTW]*\)[	 ][	 ]*\([_A-Za-z][_A-Za-z0-9]*\)$/\1 \2 \2/p' | /usr/bin/sed '/ __gnu_lto/d' > conftest.nm
cannot find nm_test_var in conftest.nm
configure:9454: gcc -c -g -O2  conftest.c >&5
configure:9457: $? = 0
configure:9461: /usr/bin/nm -B conftest.o | /usr/bin/sed -n -e 's/^.*[	 ]\([ABCDGIRSTW][ABCDGIRSTW]*\)[	 ][	 ]*_\([_A-Za-z][_A-Za-z0-9]*\)$/\1 _\2 \2/p' | /usr/bin/sed '/ __gnu_lto/d' > conftest.nm
configure:9527: gcc -o conftest -g -O2   conftest.c conftstm.o >&5
configure:9530: $? = 0
configure:9569: result: ok
configure:9616: checking for sysroot
configure:9648: result: no
configure:9655: checking for a working dd
configure:9700: result: /bin/dd
configure:9704: checking how to truncate binary pipes
configure:9721: result: /bin/dd bs=4096 count=1
configure:10061: checking for mt
configure:10097: result: no
configure:10117: checking if : is a manifest tool
configure:10124: : '-?'
configure:10133: result: no
configure:10195: checking for dsymutil
configure:10216: found /usr/local/bin/dsymutil
configure:10228: result: dsymutil
configure:10299: checking for nmedit
configure:10320: found /usr/bin/nmedit
configure:10332: result: nmedit
configure:10403: checking for lipo
configure:10424: found /usr/bin/lipo
configure:10436: result: lipo
configure:10507: checking for otool
configure:10528: found /usr/bin/otool
configure:10540: result: otool
configure:10611: checking for otool64
configure:10647: result: no
configure:10692: checking for -single_module linker flag
gcc -g -O2  -o libconftest.dylib -dynamiclib -Wl,-single_module conftest.c
ld: warning: -single_module is obsolete
configure:10727: result: no
configure:10730: checking for -exported_symbols_list linker flag
configure:10751: gcc -o conftest -g -O2   -Wl,-exported_symbols_list,conftest.sym conftest.c  >&5
configure:10751: $? = 0
configure:10764: result: yes
configure:10767: checking for -force_load linker flag
gcc -g -O2 -c -o conftest.o conftest.c
ar cr libconftest.a conftest.o
ranlib libconftest.a
gcc -g -O2  -o conftest conftest.c -Wl,-force_load,./libconftest.a
configure:10801: result: yes
configure:10868: checking for dlfcn.h
configure:10868: gcc -c -g -O2  conftest.c >&5
configure:10868: $? = 0
configure:10868: result: yes
configure:11466: checking for objdir
configure:11483: result: .libs
configure:11749: checking if gcc supports -fno-rtti -fno-exceptions
configure:11768: gcc -c -g -O2  -fno-rtti -fno-exceptions conftest.c >&5
configure:11772: $? = 0
configure:11786: result: yes
configure:12150: checking for gcc option to produce PIC
configure:12159: result: -fno-common -DPIC
configure:12167: checking if gcc PIC flag -fno-common -DPIC works
configure:12186: gcc -c -g -O2  -fno-common -DPIC -DPIC conftest.c >&5
configure:12190: $? = 0
configure:12204: result: yes
configure:12233: checking if gcc static flag -static works
configure:12263: result: no
configure:12278: checking if gcc supports -c -o file.o
configure:12300: gcc -c -g -O2  -o out/conftest2.o conftest.c >&5
configure:12304: $? = 0
configure:12327: result: yes
configure:12335: checking if gcc supports -c -o file.o
configure:12384: result: yes
configure:12417: checking whether the gcc linker (/Applications/Xcode.app/Contents/Developer/Toolchains/XcodeDefault.xctoolchain/usr/bin/ld) supports shared libraries
configure:13696: result: yes
configure:13938: checking dynamic linker characteristics
configure:14772: result: darwin25.2.0 dyld
configure:14894: checking how to hardcode library paths into programs
configure:14919: result: immediate
configure:15519: checking whether stripping libraries is possible
configure:15536: result: yes
configure:15570: checking if libtool supports shared libraries
configure:15572: result: yes
configure:15575: checking whether to build shared libraries
configure:15600: result: yes
configure:15603: checking whether to build static libraries
configure:15607: result: no
configure:15693: checking for windres
configure:15714: found /usr/local/bin/windres
configure:15726: result: windres
configure:15932: checking for spawn.h
configure:15932: gcc -c -g -O2  conftest.c >&5
configure:15932: $? = 0
configure:15932: result: yes
configure:16008: checking whether byte ordering is bigendian
configure:16024: gcc -c -g -O2  conftest.c >&5
configure:16024: $? = 0
configure:16070: gcc -c -g -O2  conftest.c >&5
configure:16070: $? = 0
configure:16089: gcc -c -g -O2  conftest.c >&5
conftest.c:51:4: error: use of undeclared identifier 'not'
   51 |                  not big endian
      |                  ^
1 error generated.
configure:16089: $? = 1
configure: failed program was:
| /* confdefs.h */
| #define PACKAGE_NAME "libgcrypt"
| #define PACKAGE_TARNAME "libgcrypt"
| #define PACKAGE_VERSION "1.12.1-beta10"
| #define PACKAGE_STRING "libgcrypt 1.12.1-beta10"
| #define PACKAGE_BUGREPORT "https://bugs.gnupg.org"
| #define PACKAGE_URL ""
| #define PACKAGE "libgcrypt"
| #define VERSION "1.12.1-beta10"
| #define HAVE_STDIO_H 1
| #define HAVE_STDLIB_H 1
| #define HAVE_STRING_H 1
| #define HAVE_INTTYPES_H 1
| #define HAVE_STDINT_H 1
| #define HAVE_STRINGS_H 1
| #define HAVE_SYS_STAT_H 1
| #define HAVE_SYS_TYPES_H 1
| #define HAVE_UNISTD_H 1
| #define HAVE_WCHAR_H 1
| #define STDC_HEADERS 1
| #define _ALL_SOURCE 1
| #define _DARWIN_C_SOURCE 1
| #define _GNU_SOURCE 1
| #define _HPUX_ALT_XOPEN_SOCKET_API 1
| #define _NETBSD_SOURCE 1
| #define _OPENBSD_SOURCE 1
| #define _POSIX_PTHREAD_SEMANTICS 1
| #define __STDC_WANT_IEC_60559_ATTRIBS_EXT__ 1
| #define __STDC_WANT_IEC_60559_BFP_EXT__ 1
| #define __STDC_WANT_IEC_60559_DFP_EXT__ 1
| #define __STDC_WANT_IEC_60559_EXT__ 1
| #define __STDC_WANT_IEC_60559_FUNCS_EXT__ 1
| #define __STDC_WANT_IEC_60559_TYPES_EXT__ 1
| #define __STDC_WANT_LIB_EXT2__ 1
| #define __STDC_WANT_MATH_SPEC_FUNCS__ 1
| #define _TANDEM_SOURCE 1
| #define __EXTENSIONS__ 1
| #define HAVE_DLFCN_H 1
| #define LT_OBJDIR ".libs/"
| #define _DARWIN_C_SOURCE 1
| #define USE_POSIX_SPAWN_FOR_TESTS 1
| #define HAVE_SPAWN_H 1
| /* end confdefs.h.  */
| #include <sys/types.h>
| 		#include <sys/param.h>
| 
| int
| main (void)
| {
| #if BYTE_ORDER != BIG_ENDIAN
| 		 not big endian
| 		#endif
| 
|   ;
|   return 0;
| }
configure:16230: result: no
configure:16258: checking size of unsigned short
configure:16264: gcc -o conftest -g -O2   conftest.c  >&5
configure:16264: $? = 0
configure:16264: ./conftest
configure:16264: $? = 0
configure:16281: result: 2
configure:16293: checking size of unsigned int
configure:16299: gcc -o conftest -g -O2   conftest.c  >&5
configure:16299: $? = 0
configure:16299: ./conftest
configure:16299: $? = 0
configure:16316: result: 4
configure:16328: checking size of unsigned long
configure:16334: gcc -o conftest -g -O2   conftest.c  >&5
configure:16334: $? = 0
configure:16334: ./conftest
configure:16334: $? = 0
configure:16351: result: 8
configure:16363: checking size of unsigned long long
configure:16369: gcc -o conftest -g -O2   conftest.c  >&5
configure:16369: $? = 0
configure:16369: ./conftest
configure:16369: $? = 0
configure:16386: result: 8
configure:16398: checking size of unsigned __int128
configure:16404: gcc -o conftest -g -O2   conftest.c  >&5
configure:16404: $? = 0
configure:16404: ./conftest
configure:16404: $? = 0
configure:16421: result: 16
configure:16433: checking size of void *
configure:16439: gcc -o conftest -g -O2   conftest.c  >&5
configure:16439: $? = 0
configure:16439: ./conftest
configure:16439: $? = 0
configure:16456: result: 8
configure:16466: checking for uintptr_t
configure:16466: gcc -c -g -O2  conftest.c >&5
configure:16466: $? = 0
configure:16466: gcc -c -g -O2  conftest.c >&5
conftest.c:81:24: error: expected expression
   81 | if (sizeof ((uintptr_t)))
      |                        ^
1 error generated.
configure:16466: $? = 1
configure: failed program was:
| /* confdefs.h */
| #define PACKAGE_NAME "libgcrypt"
| #define PACKAGE_TARNAME "libgcrypt"
| #define PACKAGE_VERSION "1.12.1-beta10"
| #define PACKAGE_STRING "libgcrypt 1.12.1-beta10"
| #define PACKAGE_BUGREPORT "https://bugs.gnupg.org"
| #define PACKAGE_URL ""
| #define PACKAGE "libgcrypt"
| #define VERSION "1.12.1-beta10"
| #define HAVE_STDIO_H 1
| #define HAVE_STDLIB_H 1
| #define HAVE_STRING_H 1
| #define HAVE_INTTYPES_H 1
| #define HAVE_STDINT_H 1
| #define HAVE_STRINGS_H 1
| #define HAVE_SYS_STAT_H 1
| #define HAVE_SYS_TYPES_H 1
| #define HAVE_UNISTD_H 1
| #define HAVE_WCHAR_H 1
| #define STDC_HEADERS 1
| #define _ALL_SOURCE 1
| #define _DARWIN_C_SOURCE 1
| #define _GNU_SOURCE 1
| #define _HPUX_ALT_XOPEN_SOCKET_API 1
| #define _NETBSD_SOURCE 1
| #define _OPENBSD_SOURCE 1
| #define _POSIX_PTHREAD_SEMANTICS 1
| #define __STDC_WANT_IEC_60559_ATTRIBS_EXT__ 1
| #define __STDC_WANT_IEC_60559_BFP_EXT__ 1
| #define __STDC_WANT_IEC_60559_DFP_EXT__ 1
| #define __STDC_WANT_IEC_60559_EXT__ 1
| #define __STDC_WANT_IEC_60559_FUNCS_EXT__ 1
| #define __STDC_WANT_IEC_60559_TYPES_EXT__ 1
| #define __STDC_WANT_LIB_EXT2__ 1
| #define __STDC_WANT_MATH_SPEC_FUNCS__ 1
| #define _TANDEM_SOURCE 1
| #define __EXTENSIONS__ 1
| #define HAVE_DLFCN_H 1
| #define LT_OBJDIR ".libs/"
| #define _DARWIN_C_SOURCE 1
| #define USE_POSIX_SPAWN_FOR_TESTS 1
| #define HAVE_SPAWN_H 1
| #define SIZEOF_UNSIGNED_SHORT 2
| #define SIZEOF_UNSIGNED_INT 4
| #define SIZEOF_UNSIGNED_LONG 8
| #define SIZEOF_UNSIGNED_LONG_LONG 8
| #define SIZEOF_UNSIGNED___INT128 16
| #define SIZEOF_VOID_P 8
| /* end confdefs.h.  */
| #include <stddef.h>
| #ifdef HAVE_STDIO_H
| # include <stdio.h>
| #endif
| #ifdef HAVE_STDLIB_H
| # include <stdlib.h>
| #endif
| #ifdef HAVE_STRING_H
| # include <string.h>
| #endif
| #ifdef HAVE_INTTYPES_H
| # include <inttypes.h>
| #endif
| #ifdef HAVE_STDINT_H
| # include <stdint.h>
| #endif
| #ifdef HAVE_STRINGS_H
| # include <strings.h>
| #endif
| #ifdef HAVE_SYS_TYPES_H
| # include <sys/types.h>
| #endif
| #ifdef HAVE_SYS_STAT_H
| # include <sys/stat.h>
| #endif
| #ifdef HAVE_UNISTD_H
| # include <unistd.h>
| #endif
| int
| main (void)
| {
| if (sizeof ((uintptr_t)))
| 	    return 0;
|   ;
|   return 0;
| }
configure:16466: result: yes
configure:16512: checking for UINT64_C
configure:16529: gcc -c -g -O2  conftest.c >&5
configure:16529: $? = 0
configure:16539: result: yes
configure:16546: checking size of uint64_t
configure:16552: gcc -o conftest -g -O2   conftest.c  >&5
configure:16552: $? = 0
configure:16552: ./conftest
configure:16552: $? = 0
configure:16569: result: 8
configure:16628: checking which symmetric ciphers to include
configure:16646: result: arcfour blowfish cast5 des aes twofish serpent rfc2268 seed camellia idea salsa20 gost28147 chacha20 sm4 aria
configure:16664: checking which public-key ciphers to include
configure:16682: result: dsa elgamal rsa ecc kyber dilithium
configure:16700: checking which message digests to include
configure:16718: result: crc gostr3411-94  md4 md5 rmd160 sha1 sha256 sha512 sha3 tiger whirlpool stribog blake2 sm3
configure:16736: checking which key derivation functions to include
configure:16754: result: s2k pkdf2 scrypt
configure:16767: checking which random module to use
configure:16785: result: default
configure:16789: checking whether use of /dev/random is requested
configure:16800: result: yes
configure:16820: checking whether MPI and cipher assembler modules are requested
configure:16831: result: yes
configure:16840: checking whether to run large data tests
configure:16851: result: no
configure:16857: checking whether 'soft' HW feature bits are forced on
configure:16868: result: no
configure:16874: checking whether use of capabilities is requested
configure:16886: result: no
configure:16890: checking whether a HMAC binary check is requested
configure:16901: result: no
configure:17147: checking whether jitter entropy support is requested
configure:17158: result: yes
configure:17162: checking whether padlock support is requested
configure:17173: result: yes
configure:17177: checking whether AESNI support is requested
configure:17188: result: yes
configure:17192: checking whether SHAEXT support is requested
configure:17203: result: yes
configure:17207: checking whether PCLMUL support is requested
configure:17218: result: yes
configure:17222: checking whether SSE4.1 support is requested
configure:17233: result: yes
configure:17237: checking whether DRNG support is requested
configure:17248: result: yes
configure:17252: checking whether AVX support is requested
configure:17263: result: yes
configure:17267: checking whether AVX2 support is requested
configure:17278: result: yes
configure:17282: checking whether AVX512 support is requested
configure:17293: result: yes
configure:17297: checking whether GFNI support is requested
configure:17308: result: yes
configure:17312: checking whether NEON support is requested
configure:17323: result: yes
configure:17327: checking whether ARMv8 Crypto Extension support is requested
configure:17338: result: yes
configure:17342: checking whether SVE support is requested
configure:17353: result: yes
configure:17357: checking whether SVE2 support is requested
configure:17368: result: yes
configure:17372: checking whether PPC crypto support is requested
configure:17383: result: yes
configure:17387: checking whether a -O flag munging is requested
configure:17398: result: yes
configure:17410: checking whether a instrumentation (-fprofile, -fsanitize) munging is requested
configure:17421: result: yes
configure:17433: checking whether to enable AMD64 as(1) feature detection
configure:17444: result: yes
configure:17565: checking for gpg-error-config
configure:17602: result: no
configure:17613: checking for gpgrt-config
configure:17637: found /usr/local/bin/gpgrt-config
configure:17651: result: /usr/local/bin/gpgrt-config
configure:17738: Use gpgrt-config with /usr/local/lib as gpg-error-config
configure:17768: checking for GPG Error - version >= 1.56
configure:17782: result: yes (1.58)
configure:17792: WARNING:
***
*** The config script "/usr/local/bin/gpgrt-config --libdir=/usr/local/lib gpg-error" was
*** built for aarch64-apple-darwin25.1.0 and thus may not match the
*** used host aarch64-apple-darwin25.2.0.
*** You may want to use the configure option --with-libgpg-error-prefix
*** to specify a matching config script or use $SYSROOT.
***
configure:17848: checking for pthread_create in -lpthread
configure:17877: gcc -o conftest -g -O2   conftest.c -lpthread   >&5
configure:17877: $? = 0
configure:17889: result: yes
configure:17905: checking for library containing setsockopt
configure:17941: gcc -o conftest -g -O2   conftest.c  >&5
configure:17941: $? = 0
configure:17963: result: none required
configure:18041: checking for library containing setsockopt
configure:18099: result: none required
configure:18113: checking for unistd.h
configure:18113: result: yes
configure:18119: checking for sys/auxv.h
configure:18119: gcc -c -g -O2  conftest.c >&5
conftest.c:88:10: fatal error: 'sys/auxv.h' file not found
   88 | #include <sys/auxv.h>
      |          ^~~~~~~~~~~~
1 error generated.
configure:18119: $? = 1
configure: failed program was:
| /* confdefs.h */
| #define PACKAGE_NAME "libgcrypt"
| #define PACKAGE_TARNAME "libgcrypt"
| #define PACKAGE_VERSION "1.12.1-beta10"
| #define PACKAGE_STRING "libgcrypt 1.12.1-beta10"
| #define PACKAGE_BUGREPORT "https://bugs.gnupg.org"
| #define PACKAGE_URL ""
| #define PACKAGE "libgcrypt"
| #define VERSION "1.12.1-beta10"
| #define HAVE_STDIO_H 1
| #define HAVE_STDLIB_H 1
| #define HAVE_STRING_H 1
| #define HAVE_INTTYPES_H 1
| #define HAVE_STDINT_H 1
| #define HAVE_STRINGS_H 1
| #define HAVE_SYS_STAT_H 1
| #define HAVE_SYS_TYPES_H 1
| #define HAVE_UNISTD_H 1
| #define HAVE_WCHAR_H 1
| #define STDC_HEADERS 1
| #define _ALL_SOURCE 1
| #define _DARWIN_C_SOURCE 1
| #define _GNU_SOURCE 1
| #define _HPUX_ALT_XOPEN_SOCKET_API 1
| #define _NETBSD_SOURCE 1
| #define _OPENBSD_SOURCE 1
| #define _POSIX_PTHREAD_SEMANTICS 1
| #define __STDC_WANT_IEC_60559_ATTRIBS_EXT__ 1
| #define __STDC_WANT_IEC_60559_BFP_EXT__ 1
| #define __STDC_WANT_IEC_60559_DFP_EXT__ 1
| #define __STDC_WANT_IEC_60559_EXT__ 1
| #define __STDC_WANT_IEC_60559_FUNCS_EXT__ 1
| #define __STDC_WANT_IEC_60559_TYPES_EXT__ 1
| #define __STDC_WANT_LIB_EXT2__ 1
| #define __STDC_WANT_MATH_SPEC_FUNCS__ 1
| #define _TANDEM_SOURCE 1
| #define __EXTENSIONS__ 1
| #define HAVE_DLFCN_H 1
| #define LT_OBJDIR ".libs/"
| #define _DARWIN_C_SOURCE 1
| #define USE_POSIX_SPAWN_FOR_TESTS 1
| #define HAVE_SPAWN_H 1
| #define SIZEOF_UNSIGNED_SHORT 2
| #define SIZEOF_UNSIGNED_INT 4
| #define SIZEOF_UNSIGNED_LONG 8
| #define SIZEOF_UNSIGNED_LONG_LONG 8
| #define SIZEOF_UNSIGNED___INT128 16
| #define SIZEOF_VOID_P 8
| #define HAVE_UINTPTR_T 1
| #define SIZEOF_UINT64_T 8
| #define EGD_SOCKET_NAME ""
| #define FIPS_MODULE_VERSION ""
| #define PRINTABLE_OS_NAME "Darwin"
| #define NAME_OF_DEV_RANDOM "/dev/random"
| #define NAME_OF_DEV_URANDOM "/dev/urandom"
| #define GPG_ERR_SOURCE_DEFAULT GPG_ERR_SOURCE_GCRYPT
| #define HAVE_PTHREAD 1 
| #define HAVE_UNISTD_H 1
| /* end confdefs.h.  */
| #include <stddef.h>
| #ifdef HAVE_STDIO_H
| # include <stdio.h>
| #endif
| #ifdef HAVE_STDLIB_H
| # include <stdlib.h>
| #endif
| #ifdef HAVE_STRING_H
| # include <string.h>
| #endif
| #ifdef HAVE_INTTYPES_H
| # include <inttypes.h>
| #endif
| #ifdef HAVE_STDINT_H
| # include <stdint.h>
| #endif
| #ifdef HAVE_STRINGS_H
| # include <strings.h>
| #endif
| #ifdef HAVE_SYS_TYPES_H
| # include <sys/types.h>
| #endif
| #ifdef HAVE_SYS_STAT_H
| # include <sys/stat.h>
| #endif
| #ifdef HAVE_UNISTD_H
| # include <unistd.h>
| #endif
| #include <sys/auxv.h>
configure:18119: result: no
configure:18125: checking for sys/random.h
configure:18125: gcc -c -g -O2  conftest.c >&5
configure:18125: $? = 0
configure:18125: result: yes
configure:18131: checking for sys/sysctl.h
configure:18131: gcc -c -g -O2  conftest.c >&5
configure:18131: $? = 0
configure:18131: result: yes
configure:18145: checking for an ANSI C-conforming const
configure:18212: gcc -c -g -O2  conftest.c >&5
configure:18212: $? = 0
configure:18222: result: yes
configure:18230: checking for inline
configure:18247: gcc -c -g -O2  conftest.c >&5
configure:18247: $? = 0
configure:18257: result: inline
configure:18275: checking for size_t
configure:18275: gcc -c -g -O2  conftest.c >&5
configure:18275: $? = 0
configure:18275: gcc -c -g -O2  conftest.c >&5
conftest.c:93:21: error: expected expression
   93 | if (sizeof ((size_t)))
      |                     ^
1 error generated.
configure:18275: $? = 1
configure: failed program was:
| /* confdefs.h */
| #define PACKAGE_NAME "libgcrypt"
| #define PACKAGE_TARNAME "libgcrypt"
| #define PACKAGE_VERSION "1.12.1-beta10"
| #define PACKAGE_STRING "libgcrypt 1.12.1-beta10"
| #define PACKAGE_BUGREPORT "https://bugs.gnupg.org"
| #define PACKAGE_URL ""
| #define PACKAGE "libgcrypt"
| #define VERSION "1.12.1-beta10"
| #define HAVE_STDIO_H 1
| #define HAVE_STDLIB_H 1
| #define HAVE_STRING_H 1
| #define HAVE_INTTYPES_H 1
| #define HAVE_STDINT_H 1
| #define HAVE_STRINGS_H 1
| #define HAVE_SYS_STAT_H 1
| #define HAVE_SYS_TYPES_H 1
| #define HAVE_UNISTD_H 1
| #define HAVE_WCHAR_H 1
| #define STDC_HEADERS 1
| #define _ALL_SOURCE 1
| #define _DARWIN_C_SOURCE 1
| #define _GNU_SOURCE 1
| #define _HPUX_ALT_XOPEN_SOCKET_API 1
| #define _NETBSD_SOURCE 1
| #define _OPENBSD_SOURCE 1
| #define _POSIX_PTHREAD_SEMANTICS 1
| #define __STDC_WANT_IEC_60559_ATTRIBS_EXT__ 1
| #define __STDC_WANT_IEC_60559_BFP_EXT__ 1
| #define __STDC_WANT_IEC_60559_DFP_EXT__ 1
| #define __STDC_WANT_IEC_60559_EXT__ 1
| #define __STDC_WANT_IEC_60559_FUNCS_EXT__ 1
| #define __STDC_WANT_IEC_60559_TYPES_EXT__ 1
| #define __STDC_WANT_LIB_EXT2__ 1
| #define __STDC_WANT_MATH_SPEC_FUNCS__ 1
| #define _TANDEM_SOURCE 1
| #define __EXTENSIONS__ 1
| #define HAVE_DLFCN_H 1
| #define LT_OBJDIR ".libs/"
| #define _DARWIN_C_SOURCE 1
| #define USE_POSIX_SPAWN_FOR_TESTS 1
| #define HAVE_SPAWN_H 1
| #define SIZEOF_UNSIGNED_SHORT 2
| #define SIZEOF_UNSIGNED_INT 4
| #define SIZEOF_UNSIGNED_LONG 8
| #define SIZEOF_UNSIGNED_LONG_LONG 8
| #define SIZEOF_UNSIGNED___INT128 16
| #define SIZEOF_VOID_P 8
| #define HAVE_UINTPTR_T 1
| #define SIZEOF_UINT64_T 8
| #define EGD_SOCKET_NAME ""
| #define FIPS_MODULE_VERSION ""
| #define PRINTABLE_OS_NAME "Darwin"
| #define NAME_OF_DEV_RANDOM "/dev/random"
| #define NAME_OF_DEV_URANDOM "/dev/urandom"
| #define GPG_ERR_SOURCE_DEFAULT GPG_ERR_SOURCE_GCRYPT
| #define HAVE_PTHREAD 1 
| #define HAVE_UNISTD_H 1
| #define HAVE_SYS_RANDOM_H 1
| #define HAVE_SYS_SYSCTL_H 1
| /* end confdefs.h.  */
| #include <stddef.h>
| #ifdef HAVE_STDIO_H
| # include <stdio.h>
| #endif
| #ifdef HAVE_STDLIB_H
| # include <stdlib.h>
| #endif
| #ifdef HAVE_STRING_H
| # include <string.h>
| #endif
| #ifdef HAVE_INTTYPES_H
| # include <inttypes.h>
| #endif
| #ifdef HAVE_STDINT_H
| # include <stdint.h>
| #endif
| #ifdef HAVE_STRINGS_H
| # include <strings.h>
| #endif
| #ifdef HAVE_SYS_TYPES_H
| # include <sys/types.h>
| #endif
| #ifdef HAVE_SYS_STAT_H
| # include <sys/stat.h>
| #endif
| #ifdef HAVE_UNISTD_H
| # include <unistd.h>
| #endif
| int
| main (void)
| {
| if (sizeof ((size_t)))
| 	    return 0;
|   ;
|   return 0;
| }
configure:18275: result: yes
configure:18287: checking for pid_t
configure:18287: gcc -c -g -O2  conftest.c >&5
configure:18287: $? = 0
configure:18287: gcc -c -g -O2  conftest.c >&5
conftest.c:94:20: error: expected expression
   94 | if (sizeof ((pid_t)))
      |                    ^
1 error generated.
configure:18287: $? = 1
configure: failed program was:
| /* confdefs.h */
| #define PACKAGE_NAME "libgcrypt"
| #define PACKAGE_TARNAME "libgcrypt"
| #define PACKAGE_VERSION "1.12.1-beta10"
| #define PACKAGE_STRING "libgcrypt 1.12.1-beta10"
| #define PACKAGE_BUGREPORT "https://bugs.gnupg.org"
| #define PACKAGE_URL ""
| #define PACKAGE "libgcrypt"
| #define VERSION "1.12.1-beta10"
| #define HAVE_STDIO_H 1
| #define HAVE_STDLIB_H 1
| #define HAVE_STRING_H 1
| #define HAVE_INTTYPES_H 1
| #define HAVE_STDINT_H 1
| #define HAVE_STRINGS_H 1
| #define HAVE_SYS_STAT_H 1
| #define HAVE_SYS_TYPES_H 1
| #define HAVE_UNISTD_H 1
| #define HAVE_WCHAR_H 1
| #define STDC_HEADERS 1
| #define _ALL_SOURCE 1
| #define _DARWIN_C_SOURCE 1
| #define _GNU_SOURCE 1
| #define _HPUX_ALT_XOPEN_SOCKET_API 1
| #define _NETBSD_SOURCE 1
| #define _OPENBSD_SOURCE 1
| #define _POSIX_PTHREAD_SEMANTICS 1
| #define __STDC_WANT_IEC_60559_ATTRIBS_EXT__ 1
| #define __STDC_WANT_IEC_60559_BFP_EXT__ 1
| #define __STDC_WANT_IEC_60559_DFP_EXT__ 1
| #define __STDC_WANT_IEC_60559_EXT__ 1
| #define __STDC_WANT_IEC_60559_FUNCS_EXT__ 1
| #define __STDC_WANT_IEC_60559_TYPES_EXT__ 1
| #define __STDC_WANT_LIB_EXT2__ 1
| #define __STDC_WANT_MATH_SPEC_FUNCS__ 1
| #define _TANDEM_SOURCE 1
| #define __EXTENSIONS__ 1
| #define HAVE_DLFCN_H 1
| #define LT_OBJDIR ".libs/"
| #define _DARWIN_C_SOURCE 1
| #define USE_POSIX_SPAWN_FOR_TESTS 1
| #define HAVE_SPAWN_H 1
| #define SIZEOF_UNSIGNED_SHORT 2
| #define SIZEOF_UNSIGNED_INT 4
| #define SIZEOF_UNSIGNED_LONG 8
| #define SIZEOF_UNSIGNED_LONG_LONG 8
| #define SIZEOF_UNSIGNED___INT128 16
| #define SIZEOF_VOID_P 8
| #define HAVE_UINTPTR_T 1
| #define SIZEOF_UINT64_T 8
| #define EGD_SOCKET_NAME ""
| #define FIPS_MODULE_VERSION ""
| #define PRINTABLE_OS_NAME "Darwin"
| #define NAME_OF_DEV_RANDOM "/dev/random"
| #define NAME_OF_DEV_URANDOM "/dev/urandom"
| #define GPG_ERR_SOURCE_DEFAULT GPG_ERR_SOURCE_GCRYPT
| #define HAVE_PTHREAD 1 
| #define HAVE_UNISTD_H 1
| #define HAVE_SYS_RANDOM_H 1
| #define HAVE_SYS_SYSCTL_H 1
| /* end confdefs.h.  */
| #include <stddef.h>
| #ifdef HAVE_STDIO_H
| # include <stdio.h>
| #endif
| #ifdef HAVE_STDLIB_H
| # include <stdlib.h>
| #endif
| #ifdef HAVE_STRING_H
| # include <string.h>
| #endif
| #ifdef HAVE_INTTYPES_H
| # include <inttypes.h>
| #endif
| #ifdef HAVE_STDINT_H
| # include <stdint.h>
| #endif
| #ifdef HAVE_STRINGS_H
| # include <strings.h>
| #endif
| #ifdef HAVE_SYS_TYPES_H
| # include <sys/types.h>
| #endif
| #ifdef HAVE_SYS_STAT_H
| # include <sys/stat.h>
| #endif
| #ifdef HAVE_UNISTD_H
| # include <unistd.h>
| #endif
| 
| int
| main (void)
| {
| if (sizeof ((pid_t)))
| 	    return 0;
|   ;
|   return 0;
| }
configure:18287: result: yes
configure:18326: checking for byte
configure:18326: gcc -c -g -O2  conftest.c >&5
conftest.c:93:13: error: use of undeclared identifier 'byte'
   93 | if (sizeof (byte))
      |             ^
1 error generated.
configure:18326: $? = 1
configure: failed program was:
| /* confdefs.h */
| #define PACKAGE_NAME "libgcrypt"
| #define PACKAGE_TARNAME "libgcrypt"
| #define PACKAGE_VERSION "1.12.1-beta10"
| #define PACKAGE_STRING "libgcrypt 1.12.1-beta10"
| #define PACKAGE_BUGREPORT "https://bugs.gnupg.org"
| #define PACKAGE_URL ""
| #define PACKAGE "libgcrypt"
| #define VERSION "1.12.1-beta10"
| #define HAVE_STDIO_H 1
| #define HAVE_STDLIB_H 1
| #define HAVE_STRING_H 1
| #define HAVE_INTTYPES_H 1
| #define HAVE_STDINT_H 1
| #define HAVE_STRINGS_H 1
| #define HAVE_SYS_STAT_H 1
| #define HAVE_SYS_TYPES_H 1
| #define HAVE_UNISTD_H 1
| #define HAVE_WCHAR_H 1
| #define STDC_HEADERS 1
| #define _ALL_SOURCE 1
| #define _DARWIN_C_SOURCE 1
| #define _GNU_SOURCE 1
| #define _HPUX_ALT_XOPEN_SOCKET_API 1
| #define _NETBSD_SOURCE 1
| #define _OPENBSD_SOURCE 1
| #define _POSIX_PTHREAD_SEMANTICS 1
| #define __STDC_WANT_IEC_60559_ATTRIBS_EXT__ 1
| #define __STDC_WANT_IEC_60559_BFP_EXT__ 1
| #define __STDC_WANT_IEC_60559_DFP_EXT__ 1
| #define __STDC_WANT_IEC_60559_EXT__ 1
| #define __STDC_WANT_IEC_60559_FUNCS_EXT__ 1
| #define __STDC_WANT_IEC_60559_TYPES_EXT__ 1
| #define __STDC_WANT_LIB_EXT2__ 1
| #define __STDC_WANT_MATH_SPEC_FUNCS__ 1
| #define _TANDEM_SOURCE 1
| #define __EXTENSIONS__ 1
| #define HAVE_DLFCN_H 1
| #define LT_OBJDIR ".libs/"
| #define _DARWIN_C_SOURCE 1
| #define USE_POSIX_SPAWN_FOR_TESTS 1
| #define HAVE_SPAWN_H 1
| #define SIZEOF_UNSIGNED_SHORT 2
| #define SIZEOF_UNSIGNED_INT 4
| #define SIZEOF_UNSIGNED_LONG 8
| #define SIZEOF_UNSIGNED_LONG_LONG 8
| #define SIZEOF_UNSIGNED___INT128 16
| #define SIZEOF_VOID_P 8
| #define HAVE_UINTPTR_T 1
| #define SIZEOF_UINT64_T 8
| #define EGD_SOCKET_NAME ""
| #define FIPS_MODULE_VERSION ""
| #define PRINTABLE_OS_NAME "Darwin"
| #define NAME_OF_DEV_RANDOM "/dev/random"
| #define NAME_OF_DEV_URANDOM "/dev/urandom"
| #define GPG_ERR_SOURCE_DEFAULT GPG_ERR_SOURCE_GCRYPT
| #define HAVE_PTHREAD 1 
| #define HAVE_UNISTD_H 1
| #define HAVE_SYS_RANDOM_H 1
| #define HAVE_SYS_SYSCTL_H 1
| /* end confdefs.h.  */
| #include <stddef.h>
| #ifdef HAVE_STDIO_H
| # include <stdio.h>
| #endif
| #ifdef HAVE_STDLIB_H
| # include <stdlib.h>
| #endif
| #ifdef HAVE_STRING_H
| # include <string.h>
| #endif
| #ifdef HAVE_INTTYPES_H
| # include <inttypes.h>
| #endif
| #ifdef HAVE_STDINT_H
| # include <stdint.h>
| #endif
| #ifdef HAVE_STRINGS_H
| # include <strings.h>
| #endif
| #ifdef HAVE_SYS_TYPES_H
| # include <sys/types.h>
| #endif
| #ifdef HAVE_SYS_STAT_H
| # include <sys/stat.h>
| #endif
| #ifdef HAVE_UNISTD_H
| # include <unistd.h>
| #endif
| int
| main (void)
| {
| if (sizeof (byte))
| 	 return 0;
|   ;
|   return 0;
| }
configure:18326: result: no
configure:18334: checking for ushort
configure:18334: gcc -c -g -O2  conftest.c >&5
configure:18334: $? = 0
configure:18334: gcc -c -g -O2  conftest.c >&5
conftest.c:93:21: error: expected expression
   93 | if (sizeof ((ushort)))
      |                     ^
1 error generated.
configure:18334: $? = 1
configure: failed program was:
| /* confdefs.h */
| #define PACKAGE_NAME "libgcrypt"
| #define PACKAGE_TARNAME "libgcrypt"
| #define PACKAGE_VERSION "1.12.1-beta10"
| #define PACKAGE_STRING "libgcrypt 1.12.1-beta10"
| #define PACKAGE_BUGREPORT "https://bugs.gnupg.org"
| #define PACKAGE_URL ""
| #define PACKAGE "libgcrypt"
| #define VERSION "1.12.1-beta10"
| #define HAVE_STDIO_H 1
| #define HAVE_STDLIB_H 1
| #define HAVE_STRING_H 1
| #define HAVE_INTTYPES_H 1
| #define HAVE_STDINT_H 1
| #define HAVE_STRINGS_H 1
| #define HAVE_SYS_STAT_H 1
| #define HAVE_SYS_TYPES_H 1
| #define HAVE_UNISTD_H 1
| #define HAVE_WCHAR_H 1
| #define STDC_HEADERS 1
| #define _ALL_SOURCE 1
| #define _DARWIN_C_SOURCE 1
| #define _GNU_SOURCE 1
| #define _HPUX_ALT_XOPEN_SOCKET_API 1
| #define _NETBSD_SOURCE 1
| #define _OPENBSD_SOURCE 1
| #define _POSIX_PTHREAD_SEMANTICS 1
| #define __STDC_WANT_IEC_60559_ATTRIBS_EXT__ 1
| #define __STDC_WANT_IEC_60559_BFP_EXT__ 1
| #define __STDC_WANT_IEC_60559_DFP_EXT__ 1
| #define __STDC_WANT_IEC_60559_EXT__ 1
| #define __STDC_WANT_IEC_60559_FUNCS_EXT__ 1
| #define __STDC_WANT_IEC_60559_TYPES_EXT__ 1
| #define __STDC_WANT_LIB_EXT2__ 1
| #define __STDC_WANT_MATH_SPEC_FUNCS__ 1
| #define _TANDEM_SOURCE 1
| #define __EXTENSIONS__ 1
| #define HAVE_DLFCN_H 1
| #define LT_OBJDIR ".libs/"
| #define _DARWIN_C_SOURCE 1
| #define USE_POSIX_SPAWN_FOR_TESTS 1
| #define HAVE_SPAWN_H 1
| #define SIZEOF_UNSIGNED_SHORT 2
| #define SIZEOF_UNSIGNED_INT 4
| #define SIZEOF_UNSIGNED_LONG 8
| #define SIZEOF_UNSIGNED_LONG_LONG 8
| #define SIZEOF_UNSIGNED___INT128 16
| #define SIZEOF_VOID_P 8
| #define HAVE_UINTPTR_T 1
| #define SIZEOF_UINT64_T 8
| #define EGD_SOCKET_NAME ""
| #define FIPS_MODULE_VERSION ""
| #define PRINTABLE_OS_NAME "Darwin"
| #define NAME_OF_DEV_RANDOM "/dev/random"
| #define NAME_OF_DEV_URANDOM "/dev/urandom"
| #define GPG_ERR_SOURCE_DEFAULT GPG_ERR_SOURCE_GCRYPT
| #define HAVE_PTHREAD 1 
| #define HAVE_UNISTD_H 1
| #define HAVE_SYS_RANDOM_H 1
| #define HAVE_SYS_SYSCTL_H 1
| /* end confdefs.h.  */
| #include <stddef.h>
| #ifdef HAVE_STDIO_H
| # include <stdio.h>
| #endif
| #ifdef HAVE_STDLIB_H
| # include <stdlib.h>
| #endif
| #ifdef HAVE_STRING_H
| # include <string.h>
| #endif
| #ifdef HAVE_INTTYPES_H
| # include <inttypes.h>
| #endif
| #ifdef HAVE_STDINT_H
| # include <stdint.h>
| #endif
| #ifdef HAVE_STRINGS_H
| # include <strings.h>
| #endif
| #ifdef HAVE_SYS_TYPES_H
| # include <sys/types.h>
| #endif
| #ifdef HAVE_SYS_STAT_H
| # include <sys/stat.h>
| #endif
| #ifdef HAVE_UNISTD_H
| # include <unistd.h>
| #endif
| int
| main (void)
| {
| if (sizeof ((ushort)))
| 	    return 0;
|   ;
|   return 0;
| }
configure:18334: result: yes
configure:18342: checking for u16
configure:18342: gcc -c -g -O2  conftest.c >&5
conftest.c:94:13: error: use of undeclared identifier 'u16'
   94 | if (sizeof (u16))
      |             ^
1 error generated.
configure:18342: $? = 1
configure: failed program was:
| /* confdefs.h */
| #define PACKAGE_NAME "libgcrypt"
| #define PACKAGE_TARNAME "libgcrypt"
| #define PACKAGE_VERSION "1.12.1-beta10"
| #define PACKAGE_STRING "libgcrypt 1.12.1-beta10"
| #define PACKAGE_BUGREPORT "https://bugs.gnupg.org"
| #define PACKAGE_URL ""
| #define PACKAGE "libgcrypt"
| #define VERSION "1.12.1-beta10"
| #define HAVE_STDIO_H 1
| #define HAVE_STDLIB_H 1
| #define HAVE_STRING_H 1
| #define HAVE_INTTYPES_H 1
| #define HAVE_STDINT_H 1
| #define HAVE_STRINGS_H 1
| #define HAVE_SYS_STAT_H 1
| #define HAVE_SYS_TYPES_H 1
| #define HAVE_UNISTD_H 1
| #define HAVE_WCHAR_H 1
| #define STDC_HEADERS 1
| #define _ALL_SOURCE 1
| #define _DARWIN_C_SOURCE 1
| #define _GNU_SOURCE 1
| #define _HPUX_ALT_XOPEN_SOCKET_API 1
| #define _NETBSD_SOURCE 1
| #define _OPENBSD_SOURCE 1
| #define _POSIX_PTHREAD_SEMANTICS 1
| #define __STDC_WANT_IEC_60559_ATTRIBS_EXT__ 1
| #define __STDC_WANT_IEC_60559_BFP_EXT__ 1
| #define __STDC_WANT_IEC_60559_DFP_EXT__ 1
| #define __STDC_WANT_IEC_60559_EXT__ 1
| #define __STDC_WANT_IEC_60559_FUNCS_EXT__ 1
| #define __STDC_WANT_IEC_60559_TYPES_EXT__ 1
| #define __STDC_WANT_LIB_EXT2__ 1
| #define __STDC_WANT_MATH_SPEC_FUNCS__ 1
| #define _TANDEM_SOURCE 1
| #define __EXTENSIONS__ 1
| #define HAVE_DLFCN_H 1
| #define LT_OBJDIR ".libs/"
| #define _DARWIN_C_SOURCE 1
| #define USE_POSIX_SPAWN_FOR_TESTS 1
| #define HAVE_SPAWN_H 1
| #define SIZEOF_UNSIGNED_SHORT 2
| #define SIZEOF_UNSIGNED_INT 4
| #define SIZEOF_UNSIGNED_LONG 8
| #define SIZEOF_UNSIGNED_LONG_LONG 8
| #define SIZEOF_UNSIGNED___INT128 16
| #define SIZEOF_VOID_P 8
| #define HAVE_UINTPTR_T 1
| #define SIZEOF_UINT64_T 8
| #define EGD_SOCKET_NAME ""
| #define FIPS_MODULE_VERSION ""
| #define PRINTABLE_OS_NAME "Darwin"
| #define NAME_OF_DEV_RANDOM "/dev/random"
| #define NAME_OF_DEV_URANDOM "/dev/urandom"
| #define GPG_ERR_SOURCE_DEFAULT GPG_ERR_SOURCE_GCRYPT
| #define HAVE_PTHREAD 1 
| #define HAVE_UNISTD_H 1
| #define HAVE_SYS_RANDOM_H 1
| #define HAVE_SYS_SYSCTL_H 1
| #define HAVE_USHORT 1
| /* end confdefs.h.  */
| #include <stddef.h>
| #ifdef HAVE_STDIO_H
| # include <stdio.h>
| #endif
| #ifdef HAVE_STDLIB_H
| # include <stdlib.h>
| #endif
| #ifdef HAVE_STRING_H
| # include <string.h>
| #endif
| #ifdef HAVE_INTTYPES_H
| # include <inttypes.h>
| #endif
| #ifdef HAVE_STDINT_H
| # include <stdint.h>
| #endif
| #ifdef HAVE_STRINGS_H
| # include <strings.h>
| #endif
| #ifdef HAVE_SYS_TYPES_H
| # include <sys/types.h>
| #endif
| #ifdef HAVE_SYS_STAT_H
| # include <sys/stat.h>
| #endif
| #ifdef HAVE_UNISTD_H
| # include <unistd.h>
| #endif
| int
| main (void)
| {
| if (sizeof (u16))
| 	 return 0;
|   ;
|   return 0;
| }
configure:18342: result: no
configure:18350: checking for u32
configure:18350: gcc -c -g -O2  conftest.c >&5
conftest.c:94:13: error: use of undeclared identifier 'u32'
   94 | if (sizeof (u32))
      |             ^
1 error generated.
configure:18350: $? = 1
configure: failed program was:
| /* confdefs.h */
| #define PACKAGE_NAME "libgcrypt"
| #define PACKAGE_TARNAME "libgcrypt"
| #define PACKAGE_VERSION "1.12.1-beta10"
| #define PACKAGE_STRING "libgcrypt 1.12.1-beta10"
| #define PACKAGE_BUGREPORT "https://bugs.gnupg.org"
| #define PACKAGE_URL ""
| #define PACKAGE "libgcrypt"
| #define VERSION "1.12.1-beta10"
| #define HAVE_STDIO_H 1
| #define HAVE_STDLIB_H 1
| #define HAVE_STRING_H 1
| #define HAVE_INTTYPES_H 1
| #define HAVE_STDINT_H 1
| #define HAVE_STRINGS_H 1
| #define HAVE_SYS_STAT_H 1
| #define HAVE_SYS_TYPES_H 1
| #define HAVE_UNISTD_H 1
| #define HAVE_WCHAR_H 1
| #define STDC_HEADERS 1
| #define _ALL_SOURCE 1
| #define _DARWIN_C_SOURCE 1
| #define _GNU_SOURCE 1
| #define _HPUX_ALT_XOPEN_SOCKET_API 1
| #define _NETBSD_SOURCE 1
| #define _OPENBSD_SOURCE 1
| #define _POSIX_PTHREAD_SEMANTICS 1
| #define __STDC_WANT_IEC_60559_ATTRIBS_EXT__ 1
| #define __STDC_WANT_IEC_60559_BFP_EXT__ 1
| #define __STDC_WANT_IEC_60559_DFP_EXT__ 1
| #define __STDC_WANT_IEC_60559_EXT__ 1
| #define __STDC_WANT_IEC_60559_FUNCS_EXT__ 1
| #define __STDC_WANT_IEC_60559_TYPES_EXT__ 1
| #define __STDC_WANT_LIB_EXT2__ 1
| #define __STDC_WANT_MATH_SPEC_FUNCS__ 1
| #define _TANDEM_SOURCE 1
| #define __EXTENSIONS__ 1
| #define HAVE_DLFCN_H 1
| #define LT_OBJDIR ".libs/"
| #define _DARWIN_C_SOURCE 1
| #define USE_POSIX_SPAWN_FOR_TESTS 1
| #define HAVE_SPAWN_H 1
| #define SIZEOF_UNSIGNED_SHORT 2
| #define SIZEOF_UNSIGNED_INT 4
| #define SIZEOF_UNSIGNED_LONG 8
| #define SIZEOF_UNSIGNED_LONG_LONG 8
| #define SIZEOF_UNSIGNED___INT128 16
| #define SIZEOF_VOID_P 8
| #define HAVE_UINTPTR_T 1
| #define SIZEOF_UINT64_T 8
| #define EGD_SOCKET_NAME ""
| #define FIPS_MODULE_VERSION ""
| #define PRINTABLE_OS_NAME "Darwin"
| #define NAME_OF_DEV_RANDOM "/dev/random"
| #define NAME_OF_DEV_URANDOM "/dev/urandom"
| #define GPG_ERR_SOURCE_DEFAULT GPG_ERR_SOURCE_GCRYPT
| #define HAVE_PTHREAD 1 
| #define HAVE_UNISTD_H 1
| #define HAVE_SYS_RANDOM_H 1
| #define HAVE_SYS_SYSCTL_H 1
| #define HAVE_USHORT 1
| /* end confdefs.h.  */
| #include <stddef.h>
| #ifdef HAVE_STDIO_H
| # include <stdio.h>
| #endif
| #ifdef HAVE_STDLIB_H
| # include <stdlib.h>
| #endif
| #ifdef HAVE_STRING_H
| # include <string.h>
| #endif
| #ifdef HAVE_INTTYPES_H
| # include <inttypes.h>
| #endif
| #ifdef HAVE_STDINT_H
| # include <stdint.h>
| #endif
| #ifdef HAVE_STRINGS_H
| # include <strings.h>
| #endif
| #ifdef HAVE_SYS_TYPES_H
| # include <sys/types.h>
| #endif
| #ifdef HAVE_SYS_STAT_H
| # include <sys/stat.h>
| #endif
| #ifdef HAVE_UNISTD_H
| # include <unistd.h>
| #endif
| int
| main (void)
| {
| if (sizeof (u32))
| 	 return 0;
|   ;
|   return 0;
| }
configure:18350: result: no
configure:18358: checking for u64
configure:18358: gcc -c -g -O2  conftest.c >&5
conftest.c:94:13: error: use of undeclared identifier 'u64'
   94 | if (sizeof (u64))
      |             ^
1 error generated.
configure:18358: $? = 1
configure: failed program was:
| /* confdefs.h */
| #define PACKAGE_NAME "libgcrypt"
| #define PACKAGE_TARNAME "libgcrypt"
| #define PACKAGE_VERSION "1.12.1-beta10"
| #define PACKAGE_STRING "libgcrypt 1.12.1-beta10"
| #define PACKAGE_BUGREPORT "https://bugs.gnupg.org"
| #define PACKAGE_URL ""
| #define PACKAGE "libgcrypt"
| #define VERSION "1.12.1-beta10"
| #define HAVE_STDIO_H 1
| #define HAVE_STDLIB_H 1
| #define HAVE_STRING_H 1
| #define HAVE_INTTYPES_H 1
| #define HAVE_STDINT_H 1
| #define HAVE_STRINGS_H 1
| #define HAVE_SYS_STAT_H 1
| #define HAVE_SYS_TYPES_H 1
| #define HAVE_UNISTD_H 1
| #define HAVE_WCHAR_H 1
| #define STDC_HEADERS 1
| #define _ALL_SOURCE 1
| #define _DARWIN_C_SOURCE 1
| #define _GNU_SOURCE 1
| #define _HPUX_ALT_XOPEN_SOCKET_API 1
| #define _NETBSD_SOURCE 1
| #define _OPENBSD_SOURCE 1
| #define _POSIX_PTHREAD_SEMANTICS 1
| #define __STDC_WANT_IEC_60559_ATTRIBS_EXT__ 1
| #define __STDC_WANT_IEC_60559_BFP_EXT__ 1
| #define __STDC_WANT_IEC_60559_DFP_EXT__ 1
| #define __STDC_WANT_IEC_60559_EXT__ 1
| #define __STDC_WANT_IEC_60559_FUNCS_EXT__ 1
| #define __STDC_WANT_IEC_60559_TYPES_EXT__ 1
| #define __STDC_WANT_LIB_EXT2__ 1
| #define __STDC_WANT_MATH_SPEC_FUNCS__ 1
| #define _TANDEM_SOURCE 1
| #define __EXTENSIONS__ 1
| #define HAVE_DLFCN_H 1
| #define LT_OBJDIR ".libs/"
| #define _DARWIN_C_SOURCE 1
| #define USE_POSIX_SPAWN_FOR_TESTS 1
| #define HAVE_SPAWN_H 1
| #define SIZEOF_UNSIGNED_SHORT 2
| #define SIZEOF_UNSIGNED_INT 4
| #define SIZEOF_UNSIGNED_LONG 8
| #define SIZEOF_UNSIGNED_LONG_LONG 8
| #define SIZEOF_UNSIGNED___INT128 16
| #define SIZEOF_VOID_P 8
| #define HAVE_UINTPTR_T 1
| #define SIZEOF_UINT64_T 8
| #define EGD_SOCKET_NAME ""
| #define FIPS_MODULE_VERSION ""
| #define PRINTABLE_OS_NAME "Darwin"
| #define NAME_OF_DEV_RANDOM "/dev/random"
| #define NAME_OF_DEV_URANDOM "/dev/urandom"
| #define GPG_ERR_SOURCE_DEFAULT GPG_ERR_SOURCE_GCRYPT
| #define HAVE_PTHREAD 1 
| #define HAVE_UNISTD_H 1
| #define HAVE_SYS_RANDOM_H 1
| #define HAVE_SYS_SYSCTL_H 1
| #define HAVE_USHORT 1
| /* end confdefs.h.  */
| #include <stddef.h>
| #ifdef HAVE_STDIO_H
| # include <stdio.h>
| #endif
| #ifdef HAVE_STDLIB_H
| # include <stdlib.h>
| #endif
| #ifdef HAVE_STRING_H
| # include <string.h>
| #endif
| #ifdef HAVE_INTTYPES_H
| # include <inttypes.h>
| #endif
| #ifdef HAVE_STDINT_H
| # include <stdint.h>
| #endif
| #ifdef HAVE_STRINGS_H
| # include <strings.h>
| #endif
| #ifdef HAVE_SYS_TYPES_H
| # include <sys/types.h>
| #endif
| #ifdef HAVE_SYS_STAT_H
| # include <sys/stat.h>
| #endif
| #ifdef HAVE_UNISTD_H
| # include <unistd.h>
| #endif
| int
| main (void)
| {
| if (sizeof (u64))
| 	 return 0;
|   ;
|   return 0;
| }
configure:18358: result: no
configure:18371: checking for __builtin_bswap32
configure:18389: gcc -o conftest -g -O2   conftest.c  >&5
configure:18389: $? = 0
configure:18397: result: yes
configure:18409: checking for __builtin_bswap64
configure:18427: gcc -o conftest -g -O2   conftest.c  >&5
configure:18427: $? = 0
configure:18435: result: yes
configure:18447: checking for __builtin_ctz
configure:18465: gcc -o conftest -g -O2   conftest.c  >&5
configure:18465: $? = 0
configure:18473: result: yes
configure:18485: checking for __builtin_ctzl
configure:18503: gcc -o conftest -g -O2   conftest.c  >&5
configure:18503: $? = 0
configure:18511: result: yes
configure:18523: checking for __builtin_clz
configure:18541: gcc -o conftest -g -O2   conftest.c  >&5
configure:18541: $? = 0
configure:18549: result: yes
configure:18561: checking for __builtin_clzl
configure:18579: gcc -o conftest -g -O2   conftest.c  >&5
configure:18579: $? = 0
configure:18587: result: yes
configure:18599: checking for __sync_synchronize
configure:18617: gcc -o conftest -g -O2   conftest.c  >&5
configure:18617: $? = 0
configure:18625: result: yes
configure:18637: checking whether the variable length arrays are supported
configure:18651: gcc -c -g -O2  conftest.c >&5
configure:18651: $? = 0
configure:18658: result: yes
configure:18670: checking whether the visibility attribute is supported
conftest.c:72:37: error: target does not support 'protected' visibility; using 'default' [-Werror,-Wunsupported-visibility]
   72 |             int bar __attribute__ ((visibility ("protected"))) = 1;
      |                                     ^
1 error generated.
configure:18695: result: no
configure:18813: checking whether the GCC style aligned attribute is supported
configure:18824: gcc -c -g -O2 -Werror  conftest.c >&5
configure:18824: $? = 0
configure:18831: result: yes
configure:18843: checking whether the GCC style packed attribute is supported
configure:18859: gcc -c -g -O2 -Werror  conftest.c >&5
configure:18859: $? = 0
configure:18866: result: yes
configure:18878: checking whether the GCC style may_alias attribute is supported
configure:18890: gcc -c -g -O2 -Werror  conftest.c >&5
configure:18890: $? = 0
configure:18897: result: yes
configure:18914: checking whether 'asm' assembler keyword is supported
configure:18925: gcc -c -g -O2  conftest.c >&5
configure:18925: $? = 0
configure:18932: result: yes
configure:18934: checking whether '__asm__' assembler keyword is supported
configure:18945: gcc -c -g -O2  conftest.c >&5
configure:18945: $? = 0
configure:18952: result: yes
configure:18994: checking whether inline assembly memory barrier is supported
configure:19008: gcc -c -g -O2  conftest.c >&5
configure:19008: $? = 0
configure:19015: result: yes
configure:19030: checking whether GCC assembler is compatible for ARM assembly implementations
configure:19064: gcc -o conftest -g -O2   conftest.c  >&5
<inline asm>:1:1: error: unknown directive
    1 | .syntax unified
      | ^
<inline asm>:2:2: error: unknown directive
    2 |         .arm
      |         ^
<inline asm>:5:22: error: unexpected token in argument list
    5 |         add r0, r0, r4, ror #12;
      |                             ^
<inline asm>:6:2: error: unknown directive
    6 |         .size asmfunc,.-asmfunc;
      |         ^
<inline asm>:7:2: error: unknown directive
    7 |         .type asmfunc,%function;
      |         ^
5 errors generated.
configure:19064: $? = 1
configure: failed program was:
| /* confdefs.h */
| #define PACKAGE_NAME "libgcrypt"
| #define PACKAGE_TARNAME "libgcrypt"
| #define PACKAGE_VERSION "1.12.1-beta10"
| #define PACKAGE_STRING "libgcrypt 1.12.1-beta10"
| #define PACKAGE_BUGREPORT "https://bugs.gnupg.org"
| #define PACKAGE_URL ""
| #define PACKAGE "libgcrypt"
| #define VERSION "1.12.1-beta10"
| #define HAVE_STDIO_H 1
| #define HAVE_STDLIB_H 1
| #define HAVE_STRING_H 1
| #define HAVE_INTTYPES_H 1
| #define HAVE_STDINT_H 1
| #define HAVE_STRINGS_H 1
| #define HAVE_SYS_STAT_H 1
| #define HAVE_SYS_TYPES_H 1
| #define HAVE_UNISTD_H 1
| #define HAVE_WCHAR_H 1
| #define STDC_HEADERS 1
| #define _ALL_SOURCE 1
| #define _DARWIN_C_SOURCE 1
| #define _GNU_SOURCE 1
| #define _HPUX_ALT_XOPEN_SOCKET_API 1
| #define _NETBSD_SOURCE 1
| #define _OPENBSD_SOURCE 1
| #define _POSIX_PTHREAD_SEMANTICS 1
| #define __STDC_WANT_IEC_60559_ATTRIBS_EXT__ 1
| #define __STDC_WANT_IEC_60559_BFP_EXT__ 1
| #define __STDC_WANT_IEC_60559_DFP_EXT__ 1
| #define __STDC_WANT_IEC_60559_EXT__ 1
| #define __STDC_WANT_IEC_60559_FUNCS_EXT__ 1
| #define __STDC_WANT_IEC_60559_TYPES_EXT__ 1
| #define __STDC_WANT_LIB_EXT2__ 1
| #define __STDC_WANT_MATH_SPEC_FUNCS__ 1
| #define _TANDEM_SOURCE 1
| #define __EXTENSIONS__ 1
| #define HAVE_DLFCN_H 1
| #define LT_OBJDIR ".libs/"
| #define _DARWIN_C_SOURCE 1
| #define USE_POSIX_SPAWN_FOR_TESTS 1
| #define HAVE_SPAWN_H 1
| #define SIZEOF_UNSIGNED_SHORT 2
| #define SIZEOF_UNSIGNED_INT 4
| #define SIZEOF_UNSIGNED_LONG 8
| #define SIZEOF_UNSIGNED_LONG_LONG 8
| #define SIZEOF_UNSIGNED___INT128 16
| #define SIZEOF_VOID_P 8
| #define HAVE_UINTPTR_T 1
| #define SIZEOF_UINT64_T 8
| #define EGD_SOCKET_NAME ""
| #define FIPS_MODULE_VERSION ""
| #define PRINTABLE_OS_NAME "Darwin"
| #define NAME_OF_DEV_RANDOM "/dev/random"
| #define NAME_OF_DEV_URANDOM "/dev/urandom"
| #define GPG_ERR_SOURCE_DEFAULT GPG_ERR_SOURCE_GCRYPT
| #define HAVE_PTHREAD 1 
| #define HAVE_UNISTD_H 1
| #define HAVE_SYS_RANDOM_H 1
| #define HAVE_SYS_SYSCTL_H 1
| #define HAVE_USHORT 1
| #define HAVE_BUILTIN_BSWAP32 1
| #define HAVE_BUILTIN_BSWAP64 1
| #define HAVE_BUILTIN_CTZ 1
| #define HAVE_BUILTIN_CTZL 1
| #define HAVE_BUILTIN_CLZ 1
| #define HAVE_BUILTIN_CLZL 1
| #define HAVE_SYNC_SYNCHRONIZE 1
| #define HAVE_VLA 1
| #define HAVE_GCC_ATTRIBUTE_ALIGNED 1
| #define HAVE_GCC_ATTRIBUTE_PACKED 1
| #define HAVE_GCC_ATTRIBUTE_MAY_ALIAS 1
| #define HAVE_GCC_ASM_VOLATILE_MEMORY 1
| /* end confdefs.h.  */
| __asm__(
|                 /* Test if assembler supports UAL syntax.  */
|                 ".syntax unified\n\t"
|                 ".arm\n\t" /* our assembly code is in ARM mode  */
|                 ".text\n\t"
|                 /* Following causes error if assembler ignored '.syntax unified'.  */
|                 "asmfunc:\n\t"
|                 "add r0, r0, r4, ror #12;\n\t"
| 
|                 /* Test if '.type' and '.size' are supported.  */
|                 ".size asmfunc,.-asmfunc;\n\t"
|                 ".type asmfunc,%function;\n\t"
|               );
|               void asmfunc(void);
| int
| main (void)
| {
|  asmfunc();
|   ;
|   return 0;
| }
configure:19073: result: no
configure:19087: checking whether GCC assembler is compatible for ARMv8/Aarch64 assembly implementations
configure:19115: gcc -o conftest -g -O2   conftest.c  >&5
Undefined symbols for architecture arm64:
  "_asmfunc", referenced from:
      _main in conftest-ade313.o
ld: symbol(s) not found for architecture arm64
clang: error: linker command failed with exit code 1 (use -v to see invocation)
configure:19115: $? = 1
configure: failed program was:
| /* confdefs.h */
| #define PACKAGE_NAME "libgcrypt"
| #define PACKAGE_TARNAME "libgcrypt"
| #define PACKAGE_VERSION "1.12.1-beta10"
| #define PACKAGE_STRING "libgcrypt 1.12.1-beta10"
| #define PACKAGE_BUGREPORT "https://bugs.gnupg.org"
| #define PACKAGE_URL ""
| #define PACKAGE "libgcrypt"
| #define VERSION "1.12.1-beta10"
| #define HAVE_STDIO_H 1
| #define HAVE_STDLIB_H 1
| #define HAVE_STRING_H 1
| #define HAVE_INTTYPES_H 1
| #define HAVE_STDINT_H 1
| #define HAVE_STRINGS_H 1
| #define HAVE_SYS_STAT_H 1
| #define HAVE_SYS_TYPES_H 1
| #define HAVE_UNISTD_H 1
| #define HAVE_WCHAR_H 1
| #define STDC_HEADERS 1
| #define _ALL_SOURCE 1
| #define _DARWIN_C_SOURCE 1
| #define _GNU_SOURCE 1
| #define _HPUX_ALT_XOPEN_SOCKET_API 1
| #define _NETBSD_SOURCE 1
| #define _OPENBSD_SOURCE 1
| #define _POSIX_PTHREAD_SEMANTICS 1
| #define __STDC_WANT_IEC_60559_ATTRIBS_EXT__ 1
| #define __STDC_WANT_IEC_60559_BFP_EXT__ 1
| #define __STDC_WANT_IEC_60559_DFP_EXT__ 1
| #define __STDC_WANT_IEC_60559_EXT__ 1
| #define __STDC_WANT_IEC_60559_FUNCS_EXT__ 1
| #define __STDC_WANT_IEC_60559_TYPES_EXT__ 1
| #define __STDC_WANT_LIB_EXT2__ 1
| #define __STDC_WANT_MATH_SPEC_FUNCS__ 1
| #define _TANDEM_SOURCE 1
| #define __EXTENSIONS__ 1
| #define HAVE_DLFCN_H 1
| #define LT_OBJDIR ".libs/"
| #define _DARWIN_C_SOURCE 1
| #define USE_POSIX_SPAWN_FOR_TESTS 1
| #define HAVE_SPAWN_H 1
| #define SIZEOF_UNSIGNED_SHORT 2
| #define SIZEOF_UNSIGNED_INT 4
| #define SIZEOF_UNSIGNED_LONG 8
| #define SIZEOF_UNSIGNED_LONG_LONG 8
| #define SIZEOF_UNSIGNED___INT128 16
| #define SIZEOF_VOID_P 8
| #define HAVE_UINTPTR_T 1
| #define SIZEOF_UINT64_T 8
| #define EGD_SOCKET_NAME ""
| #define FIPS_MODULE_VERSION ""
| #define PRINTABLE_OS_NAME "Darwin"
| #define NAME_OF_DEV_RANDOM "/dev/random"
| #define NAME_OF_DEV_URANDOM "/dev/urandom"
| #define GPG_ERR_SOURCE_DEFAULT GPG_ERR_SOURCE_GCRYPT
| #define HAVE_PTHREAD 1 
| #define HAVE_UNISTD_H 1
| #define HAVE_SYS_RANDOM_H 1
| #define HAVE_SYS_SYSCTL_H 1
| #define HAVE_USHORT 1
| #define HAVE_BUILTIN_BSWAP32 1
| #define HAVE_BUILTIN_BSWAP64 1
| #define HAVE_BUILTIN_CTZ 1
| #define HAVE_BUILTIN_CTZL 1
| #define HAVE_BUILTIN_CLZ 1
| #define HAVE_BUILTIN_CLZL 1
| #define HAVE_SYNC_SYNCHRONIZE 1
| #define HAVE_VLA 1
| #define HAVE_GCC_ATTRIBUTE_ALIGNED 1
| #define HAVE_GCC_ATTRIBUTE_PACKED 1
| #define HAVE_GCC_ATTRIBUTE_MAY_ALIAS 1
| #define HAVE_GCC_ASM_VOLATILE_MEMORY 1
| /* end confdefs.h.  */
| __asm__(
|                 ".text\n\t"
|                 "asmfunc:\n\t"
|                 "eor x0, x0, x30, ror #12;\n\t"
|                 "add x0, x0, x30, asr #12;\n\t"
|                 "eor v0.16b, v0.16b, v31.16b;\n\t"
|               );
|               void asmfunc(void);
| int
| main (void)
| {
|  asmfunc();
|   ;
|   return 0;
| }
configure:19124: result: no
configure:19135: checking whether GCC assembler supports for CFI directives
configure:19167: gcc -o conftest -g -O2   conftest.c  >&5
configure:19167: $? = 0
configure:19175: result: yes
configure:19187: checking whether GCC assembler supports for ELF directives
configure:19211: gcc -o conftest -g -O2   conftest.c  >&5
<inline asm>:3:2: error: unknown directive
    3 |         .size asmfunc,.-asmfunc;
      |         ^
<inline asm>:4:2: error: unknown directive
    4 |         .type asmfunc,STT_FUNC;
      |         ^
2 errors generated.
configure:19211: $? = 1
configure: failed program was:
| /* confdefs.h */
| #define PACKAGE_NAME "libgcrypt"
| #define PACKAGE_TARNAME "libgcrypt"
| #define PACKAGE_VERSION "1.12.1-beta10"
| #define PACKAGE_STRING "libgcrypt 1.12.1-beta10"
| #define PACKAGE_BUGREPORT "https://bugs.gnupg.org"
| #define PACKAGE_URL ""
| #define PACKAGE "libgcrypt"
| #define VERSION "1.12.1-beta10"
| #define HAVE_STDIO_H 1
| #define HAVE_STDLIB_H 1
| #define HAVE_STRING_H 1
| #define HAVE_INTTYPES_H 1
| #define HAVE_STDINT_H 1
| #define HAVE_STRINGS_H 1
| #define HAVE_SYS_STAT_H 1
| #define HAVE_SYS_TYPES_H 1
| #define HAVE_UNISTD_H 1
| #define HAVE_WCHAR_H 1
| #define STDC_HEADERS 1
| #define _ALL_SOURCE 1
| #define _DARWIN_C_SOURCE 1
| #define _GNU_SOURCE 1
| #define _HPUX_ALT_XOPEN_SOCKET_API 1
| #define _NETBSD_SOURCE 1
| #define _OPENBSD_SOURCE 1
| #define _POSIX_PTHREAD_SEMANTICS 1
| #define __STDC_WANT_IEC_60559_ATTRIBS_EXT__ 1
| #define __STDC_WANT_IEC_60559_BFP_EXT__ 1
| #define __STDC_WANT_IEC_60559_DFP_EXT__ 1
| #define __STDC_WANT_IEC_60559_EXT__ 1
| #define __STDC_WANT_IEC_60559_FUNCS_EXT__ 1
| #define __STDC_WANT_IEC_60559_TYPES_EXT__ 1
| #define __STDC_WANT_LIB_EXT2__ 1
| #define __STDC_WANT_MATH_SPEC_FUNCS__ 1
| #define _TANDEM_SOURCE 1
| #define __EXTENSIONS__ 1
| #define HAVE_DLFCN_H 1
| #define LT_OBJDIR ".libs/"
| #define _DARWIN_C_SOURCE 1
| #define USE_POSIX_SPAWN_FOR_TESTS 1
| #define HAVE_SPAWN_H 1
| #define SIZEOF_UNSIGNED_SHORT 2
| #define SIZEOF_UNSIGNED_INT 4
| #define SIZEOF_UNSIGNED_LONG 8
| #define SIZEOF_UNSIGNED_LONG_LONG 8
| #define SIZEOF_UNSIGNED___INT128 16
| #define SIZEOF_VOID_P 8
| #define HAVE_UINTPTR_T 1
| #define SIZEOF_UINT64_T 8
| #define EGD_SOCKET_NAME ""
| #define FIPS_MODULE_VERSION ""
| #define PRINTABLE_OS_NAME "Darwin"
| #define NAME_OF_DEV_RANDOM "/dev/random"
| #define NAME_OF_DEV_URANDOM "/dev/urandom"
| #define GPG_ERR_SOURCE_DEFAULT GPG_ERR_SOURCE_GCRYPT
| #define HAVE_PTHREAD 1 
| #define HAVE_UNISTD_H 1
| #define HAVE_SYS_RANDOM_H 1
| #define HAVE_SYS_SYSCTL_H 1
| #define HAVE_USHORT 1
| #define HAVE_BUILTIN_BSWAP32 1
| #define HAVE_BUILTIN_BSWAP64 1
| #define HAVE_BUILTIN_CTZ 1
| #define HAVE_BUILTIN_CTZL 1
| #define HAVE_BUILTIN_CLZ 1
| #define HAVE_BUILTIN_CLZL 1
| #define HAVE_SYNC_SYNCHRONIZE 1
| #define HAVE_VLA 1
| #define HAVE_GCC_ATTRIBUTE_ALIGNED 1
| #define HAVE_GCC_ATTRIBUTE_PACKED 1
| #define HAVE_GCC_ATTRIBUTE_MAY_ALIAS 1
| #define HAVE_GCC_ASM_VOLATILE_MEMORY 1
| #define HAVE_GCC_ASM_CFI_DIRECTIVES 1
| /* end confdefs.h.  */
| __asm__(
|                 /* Test if ELF directives '.type' and '.size' are supported. */
|                 ".text\n\t"
|                 "asmfunc:\n\t"
|                 ".size asmfunc,.-asmfunc;\n\t"
|                 ".type asmfunc,STT_FUNC;\n\t"
|             );
| int
| main (void)
| {
| 
|   ;
|   return 0;
| }
configure:19219: result: no
configure:19252: checking for _ prefix in compiled symbols
configure:19263: gcc -c -g -O2  conftest.c >&5
configure:19266: $? = 0
configure:19270: /usr/bin/nm -B conftest.o \| /usr/bin/sed -n -e 's/^.*[ ]\([ABCDGIRSTW][ABCDGIRSTW]*\)[ ][ ]*_\([_A-Za-z][_A-Za-z0-9]*\)$/\1 _\2 \2/p' | /usr/bin/sed '/ __gnu_lto/d' \> conftest.nm
configure:19273: $? = 0
configure:19301: result: yes
configure:19326: checking architecture and mpi assembler functions
configure:19333: result: aarch64
configure:19531: checking whether compiler supports 'optimize' function attribute
configure:19542: gcc -c -g -O2 -Werror  conftest.c >&5
conftest.c:77:21: error: unknown attribute 'optimize' ignored [-Werror,-Wunknown-attributes]
   77 | int __attribute__ ((optimize("-O2"))) fn(int i){return i;}
      |                     ^~~~~~~~~~~~~~~
1 error generated.
configure:19542: $? = 1
configure: failed program was:
| /* confdefs.h */
| #define PACKAGE_NAME "libgcrypt"
| #define PACKAGE_TARNAME "libgcrypt"
| #define PACKAGE_VERSION "1.12.1-beta10"
| #define PACKAGE_STRING "libgcrypt 1.12.1-beta10"
| #define PACKAGE_BUGREPORT "https://bugs.gnupg.org"
| #define PACKAGE_URL ""
| #define PACKAGE "libgcrypt"
| #define VERSION "1.12.1-beta10"
| #define HAVE_STDIO_H 1
| #define HAVE_STDLIB_H 1
| #define HAVE_STRING_H 1
| #define HAVE_INTTYPES_H 1
| #define HAVE_STDINT_H 1
| #define HAVE_STRINGS_H 1
| #define HAVE_SYS_STAT_H 1
| #define HAVE_SYS_TYPES_H 1
| #define HAVE_UNISTD_H 1
| #define HAVE_WCHAR_H 1
| #define STDC_HEADERS 1
| #define _ALL_SOURCE 1
| #define _DARWIN_C_SOURCE 1
| #define _GNU_SOURCE 1
| #define _HPUX_ALT_XOPEN_SOCKET_API 1
| #define _NETBSD_SOURCE 1
| #define _OPENBSD_SOURCE 1
| #define _POSIX_PTHREAD_SEMANTICS 1
| #define __STDC_WANT_IEC_60559_ATTRIBS_EXT__ 1
| #define __STDC_WANT_IEC_60559_BFP_EXT__ 1
| #define __STDC_WANT_IEC_60559_DFP_EXT__ 1
| #define __STDC_WANT_IEC_60559_EXT__ 1
| #define __STDC_WANT_IEC_60559_FUNCS_EXT__ 1
| #define __STDC_WANT_IEC_60559_TYPES_EXT__ 1
| #define __STDC_WANT_LIB_EXT2__ 1
| #define __STDC_WANT_MATH_SPEC_FUNCS__ 1
| #define _TANDEM_SOURCE 1
| #define __EXTENSIONS__ 1
| #define HAVE_DLFCN_H 1
| #define LT_OBJDIR ".libs/"
| #define _DARWIN_C_SOURCE 1
| #define USE_POSIX_SPAWN_FOR_TESTS 1
| #define HAVE_SPAWN_H 1
| #define SIZEOF_UNSIGNED_SHORT 2
| #define SIZEOF_UNSIGNED_INT 4
| #define SIZEOF_UNSIGNED_LONG 8
| #define SIZEOF_UNSIGNED_LONG_LONG 8
| #define SIZEOF_UNSIGNED___INT128 16
| #define SIZEOF_VOID_P 8
| #define HAVE_UINTPTR_T 1
| #define SIZEOF_UINT64_T 8
| #define EGD_SOCKET_NAME ""
| #define FIPS_MODULE_VERSION ""
| #define PRINTABLE_OS_NAME "Darwin"
| #define NAME_OF_DEV_RANDOM "/dev/random"
| #define NAME_OF_DEV_URANDOM "/dev/urandom"
| #define GPG_ERR_SOURCE_DEFAULT GPG_ERR_SOURCE_GCRYPT
| #define HAVE_PTHREAD 1 
| #define HAVE_UNISTD_H 1
| #define HAVE_SYS_RANDOM_H 1
| #define HAVE_SYS_SYSCTL_H 1
| #define HAVE_USHORT 1
| #define HAVE_BUILTIN_BSWAP32 1
| #define HAVE_BUILTIN_BSWAP64 1
| #define HAVE_BUILTIN_CTZ 1
| #define HAVE_BUILTIN_CTZL 1
| #define HAVE_BUILTIN_CLZ 1
| #define HAVE_BUILTIN_CLZL 1
| #define HAVE_SYNC_SYNCHRONIZE 1
| #define HAVE_VLA 1
| #define HAVE_GCC_ATTRIBUTE_ALIGNED 1
| #define HAVE_GCC_ATTRIBUTE_PACKED 1
| #define HAVE_GCC_ATTRIBUTE_MAY_ALIAS 1
| #define HAVE_GCC_ASM_VOLATILE_MEMORY 1
| #define HAVE_GCC_ASM_CFI_DIRECTIVES 1
| #define WITH_SYMBOL_UNDERSCORE 1
| /* end confdefs.h.  */
| int __attribute__ ((optimize("-O2"))) fn(int i){return i;}
configure:19549: result: no
configure:19561: checking whether compiler supports 'ms_abi' function attribute
configure:19572: gcc -c -g -O2 -Werror  conftest.c >&5
configure:19572: $? = 0
configure:19579: result: yes
configure:19591: checking whether compiler supports 'sysv_abi' function attribute
configure:19602: gcc -c -g -O2 -Werror  conftest.c >&5
configure:19602: $? = 0
configure:19609: result: yes
configure:19622: checking whether default calling convention is 'ms_abi'
configure:19639: gcc -c -g -O2 -Werror  conftest.c >&5
conftest.c:83:29: error: incompatible function pointer types assigning to 'void *((*))(void) __attribute__((ms_abi))' from 'void *(*)(void)' [-Wincompatible-function-pointer-types]
   83 |                  msabi_func = def_func;
      |                             ^ ~~~~~~~~
1 error generated.
configure:19639: $? = 1
configure: failed program was:
| /* confdefs.h */
| #define PACKAGE_NAME "libgcrypt"
| #define PACKAGE_TARNAME "libgcrypt"
| #define PACKAGE_VERSION "1.12.1-beta10"
| #define PACKAGE_STRING "libgcrypt 1.12.1-beta10"
| #define PACKAGE_BUGREPORT "https://bugs.gnupg.org"
| #define PACKAGE_URL ""
| #define PACKAGE "libgcrypt"
| #define VERSION "1.12.1-beta10"
| #define HAVE_STDIO_H 1
| #define HAVE_STDLIB_H 1
| #define HAVE_STRING_H 1
| #define HAVE_INTTYPES_H 1
| #define HAVE_STDINT_H 1
| #define HAVE_STRINGS_H 1
| #define HAVE_SYS_STAT_H 1
| #define HAVE_SYS_TYPES_H 1
| #define HAVE_UNISTD_H 1
| #define HAVE_WCHAR_H 1
| #define STDC_HEADERS 1
| #define _ALL_SOURCE 1
| #define _DARWIN_C_SOURCE 1
| #define _GNU_SOURCE 1
| #define _HPUX_ALT_XOPEN_SOCKET_API 1
| #define _NETBSD_SOURCE 1
| #define _OPENBSD_SOURCE 1
| #define _POSIX_PTHREAD_SEMANTICS 1
| #define __STDC_WANT_IEC_60559_ATTRIBS_EXT__ 1
| #define __STDC_WANT_IEC_60559_BFP_EXT__ 1
| #define __STDC_WANT_IEC_60559_DFP_EXT__ 1
| #define __STDC_WANT_IEC_60559_EXT__ 1
| #define __STDC_WANT_IEC_60559_FUNCS_EXT__ 1
| #define __STDC_WANT_IEC_60559_TYPES_EXT__ 1
| #define __STDC_WANT_LIB_EXT2__ 1
| #define __STDC_WANT_MATH_SPEC_FUNCS__ 1
| #define _TANDEM_SOURCE 1
| #define __EXTENSIONS__ 1
| #define HAVE_DLFCN_H 1
| #define LT_OBJDIR ".libs/"
| #define _DARWIN_C_SOURCE 1
| #define USE_POSIX_SPAWN_FOR_TESTS 1
| #define HAVE_SPAWN_H 1
| #define SIZEOF_UNSIGNED_SHORT 2
| #define SIZEOF_UNSIGNED_INT 4
| #define SIZEOF_UNSIGNED_LONG 8
| #define SIZEOF_UNSIGNED_LONG_LONG 8
| #define SIZEOF_UNSIGNED___INT128 16
| #define SIZEOF_VOID_P 8
| #define HAVE_UINTPTR_T 1
| #define SIZEOF_UINT64_T 8
| #define EGD_SOCKET_NAME ""
| #define FIPS_MODULE_VERSION ""
| #define PRINTABLE_OS_NAME "Darwin"
| #define NAME_OF_DEV_RANDOM "/dev/random"
| #define NAME_OF_DEV_URANDOM "/dev/urandom"
| #define GPG_ERR_SOURCE_DEFAULT GPG_ERR_SOURCE_GCRYPT
| #define HAVE_PTHREAD 1 
| #define HAVE_UNISTD_H 1
| #define HAVE_SYS_RANDOM_H 1
| #define HAVE_SYS_SYSCTL_H 1
| #define HAVE_USHORT 1
| #define HAVE_BUILTIN_BSWAP32 1
| #define HAVE_BUILTIN_BSWAP64 1
| #define HAVE_BUILTIN_CTZ 1
| #define HAVE_BUILTIN_CTZL 1
| #define HAVE_BUILTIN_CLZ 1
| #define HAVE_BUILTIN_CLZL 1
| #define HAVE_SYNC_SYNCHRONIZE 1
| #define HAVE_VLA 1
| #define HAVE_GCC_ATTRIBUTE_ALIGNED 1
| #define HAVE_GCC_ATTRIBUTE_PACKED 1
| #define HAVE_GCC_ATTRIBUTE_MAY_ALIAS 1
| #define HAVE_GCC_ASM_VOLATILE_MEMORY 1
| #define HAVE_GCC_ASM_CFI_DIRECTIVES 1
| #define WITH_SYMBOL_UNDERSCORE 1
| #define HAVE_GCC_ATTRIBUTE_MS_ABI 1
| #define HAVE_GCC_ATTRIBUTE_SYSV_ABI 1
| /* end confdefs.h.  */
| void *test(void) {
|                  void *(*def_func)(void) = test;
|                  void *__attribute__((ms_abi))(*msabi_func)(void);
|                  /* warning on SysV abi targets, passes on Windows based targets */
|                  msabi_func = def_func;
|                  return msabi_func;
|              }
configure:19646: result: no
configure:19660: checking whether default calling convention is 'sysv_abi'
configure:19677: gcc -c -g -O2 -Werror  conftest.c >&5
configure:19677: $? = 0
configure:19684: result: yes
configure:19696: checking whether compiler supports '__thread' storage class specifier
configure:19715: gcc -c -g -O2 -Werror  conftest.c >&5
configure:19715: $? = 0
configure:19722: result: yes
configure:19738: checking whether GCC inline assembler supports SSSE3 instructions
configure:19773: result: n/a
configure:19785: checking whether GCC inline assembler supports PCLMUL instructions
configure:19818: result: n/a
configure:19830: checking whether GCC inline assembler supports SHA Extensions instructions
configure:19869: result: n/a
configure:19881: checking whether GCC inline assembler supports SSE4.1 instructions
configure:19915: result: n/a
configure:19927: checking whether GCC inline assembler supports AVX instructions
configure:19960: result: n/a
configure:19972: checking whether GCC inline assembler supports AVX2 instructions
configure:20005: result: n/a
configure:20017: checking whether GCC inline assembler supports AVX512 instructions
configure:20054: result: n/a
configure:20066: checking whether GCC inline assembler supports VAES and VPCLMUL instructions
configure:20102: result: n/a
configure:20114: checking whether GCC inline assembler supports GFNI instructions
configure:20149: result: n/a
configure:20161: checking whether GCC inline assembler supports BMI2 instructions
configure:20201: result: n/a
configure:20216: checking whether compiler supports x86/AVX512 intrinsics
configure:20251: result: n/a
configure:20277: checking whether GCC assembler handles division correctly
configure:20296: gcc -o conftest -g -O2   conftest.c  >&5
<inline asm>:3:8: error: invalid token in expression
    3 |          xorl $(123456789/12345678), %ebp;
      |               ^
<inline asm>:3:8: error: invalid operand
    3 |          xorl $(123456789/12345678), %ebp;
      |               ^
2 errors generated.
configure:20296: $? = 1
configure: failed program was:
| /* confdefs.h */
| #define PACKAGE_NAME "libgcrypt"
| #define PACKAGE_TARNAME "libgcrypt"
| #define PACKAGE_VERSION "1.12.1-beta10"
| #define PACKAGE_STRING "libgcrypt 1.12.1-beta10"
| #define PACKAGE_BUGREPORT "https://bugs.gnupg.org"
| #define PACKAGE_URL ""
| #define PACKAGE "libgcrypt"
| #define VERSION "1.12.1-beta10"
| #define HAVE_STDIO_H 1
| #define HAVE_STDLIB_H 1
| #define HAVE_STRING_H 1
| #define HAVE_INTTYPES_H 1
| #define HAVE_STDINT_H 1
| #define HAVE_STRINGS_H 1
| #define HAVE_SYS_STAT_H 1
| #define HAVE_SYS_TYPES_H 1
| #define HAVE_UNISTD_H 1
| #define HAVE_WCHAR_H 1
| #define STDC_HEADERS 1
| #define _ALL_SOURCE 1
| #define _DARWIN_C_SOURCE 1
| #define _GNU_SOURCE 1
| #define _HPUX_ALT_XOPEN_SOCKET_API 1
| #define _NETBSD_SOURCE 1
| #define _OPENBSD_SOURCE 1
| #define _POSIX_PTHREAD_SEMANTICS 1
| #define __STDC_WANT_IEC_60559_ATTRIBS_EXT__ 1
| #define __STDC_WANT_IEC_60559_BFP_EXT__ 1
| #define __STDC_WANT_IEC_60559_DFP_EXT__ 1
| #define __STDC_WANT_IEC_60559_EXT__ 1
| #define __STDC_WANT_IEC_60559_FUNCS_EXT__ 1
| #define __STDC_WANT_IEC_60559_TYPES_EXT__ 1
| #define __STDC_WANT_LIB_EXT2__ 1
| #define __STDC_WANT_MATH_SPEC_FUNCS__ 1
| #define _TANDEM_SOURCE 1
| #define __EXTENSIONS__ 1
| #define HAVE_DLFCN_H 1
| #define LT_OBJDIR ".libs/"
| #define _DARWIN_C_SOURCE 1
| #define USE_POSIX_SPAWN_FOR_TESTS 1
| #define HAVE_SPAWN_H 1
| #define SIZEOF_UNSIGNED_SHORT 2
| #define SIZEOF_UNSIGNED_INT 4
| #define SIZEOF_UNSIGNED_LONG 8
| #define SIZEOF_UNSIGNED_LONG_LONG 8
| #define SIZEOF_UNSIGNED___INT128 16
| #define SIZEOF_VOID_P 8
| #define HAVE_UINTPTR_T 1
| #define SIZEOF_UINT64_T 8
| #define EGD_SOCKET_NAME ""
| #define FIPS_MODULE_VERSION ""
| #define PRINTABLE_OS_NAME "Darwin"
| #define NAME_OF_DEV_RANDOM "/dev/random"
| #define NAME_OF_DEV_URANDOM "/dev/urandom"
| #define GPG_ERR_SOURCE_DEFAULT GPG_ERR_SOURCE_GCRYPT
| #define HAVE_PTHREAD 1 
| #define HAVE_UNISTD_H 1
| #define HAVE_SYS_RANDOM_H 1
| #define HAVE_SYS_SYSCTL_H 1
| #define HAVE_USHORT 1
| #define HAVE_BUILTIN_BSWAP32 1
| #define HAVE_BUILTIN_BSWAP64 1
| #define HAVE_BUILTIN_CTZ 1
| #define HAVE_BUILTIN_CTZL 1
| #define HAVE_BUILTIN_CLZ 1
| #define HAVE_BUILTIN_CLZL 1
| #define HAVE_SYNC_SYNCHRONIZE 1
| #define HAVE_VLA 1
| #define HAVE_GCC_ATTRIBUTE_ALIGNED 1
| #define HAVE_GCC_ATTRIBUTE_PACKED 1
| #define HAVE_GCC_ATTRIBUTE_MAY_ALIAS 1
| #define HAVE_GCC_ASM_VOLATILE_MEMORY 1
| #define HAVE_GCC_ASM_CFI_DIRECTIVES 1
| #define WITH_SYMBOL_UNDERSCORE 1
| #define HAVE_GCC_ATTRIBUTE_MS_ABI 1
| #define HAVE_GCC_ATTRIBUTE_SYSV_ABI 1
| #define HAVE_GCC_DEFAULT_ABI_IS_SYSV_ABI 1
| #define HAVE_GCC_STORAGE_CLASS__THREAD 1
| /* end confdefs.h.  */
| __asm__(".text\n\tfn:\n\t xorl $(123456789/12345678), %ebp;\n\t");
|             void fn(void);
| int
| main (void)
| {
| fn();
|   ;
|   return 0;
| }
configure:20304: result: no
configure:20312: checking whether GCC assembler handles division correctly with "-Wa,--divide"
configure:20331: gcc -o conftest -g -O2  -Wa,--divide  conftest.c  >&5
clang: error: unsupported argument '--divide' to option '-Wa,'
configure:20331: $? = 1
configure: failed program was:
| /* confdefs.h */
| #define PACKAGE_NAME "libgcrypt"
| #define PACKAGE_TARNAME "libgcrypt"
| #define PACKAGE_VERSION "1.12.1-beta10"
| #define PACKAGE_STRING "libgcrypt 1.12.1-beta10"
| #define PACKAGE_BUGREPORT "https://bugs.gnupg.org"
| #define PACKAGE_URL ""
| #define PACKAGE "libgcrypt"
| #define VERSION "1.12.1-beta10"
| #define HAVE_STDIO_H 1
| #define HAVE_STDLIB_H 1
| #define HAVE_STRING_H 1
| #define HAVE_INTTYPES_H 1
| #define HAVE_STDINT_H 1
| #define HAVE_STRINGS_H 1
| #define HAVE_SYS_STAT_H 1
| #define HAVE_SYS_TYPES_H 1
| #define HAVE_UNISTD_H 1
| #define HAVE_WCHAR_H 1
| #define STDC_HEADERS 1
| #define _ALL_SOURCE 1
| #define _DARWIN_C_SOURCE 1
| #define _GNU_SOURCE 1
| #define _HPUX_ALT_XOPEN_SOCKET_API 1
| #define _NETBSD_SOURCE 1
| #define _OPENBSD_SOURCE 1
| #define _POSIX_PTHREAD_SEMANTICS 1
| #define __STDC_WANT_IEC_60559_ATTRIBS_EXT__ 1
| #define __STDC_WANT_IEC_60559_BFP_EXT__ 1
| #define __STDC_WANT_IEC_60559_DFP_EXT__ 1
| #define __STDC_WANT_IEC_60559_EXT__ 1
| #define __STDC_WANT_IEC_60559_FUNCS_EXT__ 1
| #define __STDC_WANT_IEC_60559_TYPES_EXT__ 1
| #define __STDC_WANT_LIB_EXT2__ 1
| #define __STDC_WANT_MATH_SPEC_FUNCS__ 1
| #define _TANDEM_SOURCE 1
| #define __EXTENSIONS__ 1
| #define HAVE_DLFCN_H 1
| #define LT_OBJDIR ".libs/"
| #define _DARWIN_C_SOURCE 1
| #define USE_POSIX_SPAWN_FOR_TESTS 1
| #define HAVE_SPAWN_H 1
| #define SIZEOF_UNSIGNED_SHORT 2
| #define SIZEOF_UNSIGNED_INT 4
| #define SIZEOF_UNSIGNED_LONG 8
| #define SIZEOF_UNSIGNED_LONG_LONG 8
| #define SIZEOF_UNSIGNED___INT128 16
| #define SIZEOF_VOID_P 8
| #define HAVE_UINTPTR_T 1
| #define SIZEOF_UINT64_T 8
| #define EGD_SOCKET_NAME ""
| #define FIPS_MODULE_VERSION ""
| #define PRINTABLE_OS_NAME "Darwin"
| #define NAME_OF_DEV_RANDOM "/dev/random"
| #define NAME_OF_DEV_URANDOM "/dev/urandom"
| #define GPG_ERR_SOURCE_DEFAULT GPG_ERR_SOURCE_GCRYPT
| #define HAVE_PTHREAD 1 
| #define HAVE_UNISTD_H 1
| #define HAVE_SYS_RANDOM_H 1
| #define HAVE_SYS_SYSCTL_H 1
| #define HAVE_USHORT 1
| #define HAVE_BUILTIN_BSWAP32 1
| #define HAVE_BUILTIN_BSWAP64 1
| #define HAVE_BUILTIN_CTZ 1
| #define HAVE_BUILTIN_CTZL 1
| #define HAVE_BUILTIN_CLZ 1
| #define HAVE_BUILTIN_CLZL 1
| #define HAVE_SYNC_SYNCHRONIZE 1
| #define HAVE_VLA 1
| #define HAVE_GCC_ATTRIBUTE_ALIGNED 1
| #define HAVE_GCC_ATTRIBUTE_PACKED 1
| #define HAVE_GCC_ATTRIBUTE_MAY_ALIAS 1
| #define HAVE_GCC_ASM_VOLATILE_MEMORY 1
| #define HAVE_GCC_ASM_CFI_DIRECTIVES 1
| #define WITH_SYMBOL_UNDERSCORE 1
| #define HAVE_GCC_ATTRIBUTE_MS_ABI 1
| #define HAVE_GCC_ATTRIBUTE_SYSV_ABI 1
| #define HAVE_GCC_DEFAULT_ABI_IS_SYSV_ABI 1
| #define HAVE_GCC_STORAGE_CLASS__THREAD 1
| /* end confdefs.h.  */
| __asm__(".text\n\tfn:\n\t xorl $(123456789/12345678), %ebp;\n\t");
|               void fn(void);
| int
| main (void)
| {
| fn();
|   ;
|   return 0;
| }
configure:20339: result: no
configure:20352: checking whether compiler defines __x86_64__ macro
configure:20388: result: n/a
configure:20397: checking whether GCC assembler is compatible for i386/amd64 assembly implementations
configure:20441: result: n/a
configure:20549: checking whether GCC assembler is compatible for Intel syntax assembly implementations
configure:20592: result: n/a
configure:20604: checking whether compiler is configured for ARMv6 or newer architecture
configure:20641: result: n/a
configure:20653: checking whether GCC inline assembler supports NEON instructions
configure:20696: result: n/a
configure:20708: checking whether GCC inline assembler supports AArch32 Crypto Extension instructions
configure:20767: result: n/a
configure:20779: checking whether GCC inline assembler supports AArch64 NEON instructions
configure:20810: gcc -o conftest -g -O2   conftest.c  >&5
conftest.c:85:26: warning: unknown escape sequence '\#' [-Wunknown-escape-sequence]
   85 |                 "mov w0, \#42;\n\t"
      |                          ^~
conftest.c:87:53: warning: unknown escape sequence '\#' [-Wunknown-escape-sequence]
   87 |                 "ld4 {v0.8b,v1.8b,v2.8b,v3.8b},[x0],\#32;\n\t"
      |                                                     ^~
2 warnings generated.
Undefined symbols for architecture arm64:
  "_testfn", referenced from:
      _main in conftest-8bac99.o
ld: symbol(s) not found for architecture arm64
clang: error: linker command failed with exit code 1 (use -v to see invocation)
configure:20810: $? = 1
configure: failed program was:
| /* confdefs.h */
| #define PACKAGE_NAME "libgcrypt"
| #define PACKAGE_TARNAME "libgcrypt"
| #define PACKAGE_VERSION "1.12.1-beta10"
| #define PACKAGE_STRING "libgcrypt 1.12.1-beta10"
| #define PACKAGE_BUGREPORT "https://bugs.gnupg.org"
| #define PACKAGE_URL ""
| #define PACKAGE "libgcrypt"
| #define VERSION "1.12.1-beta10"
| #define HAVE_STDIO_H 1
| #define HAVE_STDLIB_H 1
| #define HAVE_STRING_H 1
| #define HAVE_INTTYPES_H 1
| #define HAVE_STDINT_H 1
| #define HAVE_STRINGS_H 1
| #define HAVE_SYS_STAT_H 1
| #define HAVE_SYS_TYPES_H 1
| #define HAVE_UNISTD_H 1
| #define HAVE_WCHAR_H 1
| #define STDC_HEADERS 1
| #define _ALL_SOURCE 1
| #define _DARWIN_C_SOURCE 1
| #define _GNU_SOURCE 1
| #define _HPUX_ALT_XOPEN_SOCKET_API 1
| #define _NETBSD_SOURCE 1
| #define _OPENBSD_SOURCE 1
| #define _POSIX_PTHREAD_SEMANTICS 1
| #define __STDC_WANT_IEC_60559_ATTRIBS_EXT__ 1
| #define __STDC_WANT_IEC_60559_BFP_EXT__ 1
| #define __STDC_WANT_IEC_60559_DFP_EXT__ 1
| #define __STDC_WANT_IEC_60559_EXT__ 1
| #define __STDC_WANT_IEC_60559_FUNCS_EXT__ 1
| #define __STDC_WANT_IEC_60559_TYPES_EXT__ 1
| #define __STDC_WANT_LIB_EXT2__ 1
| #define __STDC_WANT_MATH_SPEC_FUNCS__ 1
| #define _TANDEM_SOURCE 1
| #define __EXTENSIONS__ 1
| #define HAVE_DLFCN_H 1
| #define LT_OBJDIR ".libs/"
| #define _DARWIN_C_SOURCE 1
| #define USE_POSIX_SPAWN_FOR_TESTS 1
| #define HAVE_SPAWN_H 1
| #define SIZEOF_UNSIGNED_SHORT 2
| #define SIZEOF_UNSIGNED_INT 4
| #define SIZEOF_UNSIGNED_LONG 8
| #define SIZEOF_UNSIGNED_LONG_LONG 8
| #define SIZEOF_UNSIGNED___INT128 16
| #define SIZEOF_VOID_P 8
| #define HAVE_UINTPTR_T 1
| #define SIZEOF_UINT64_T 8
| #define EGD_SOCKET_NAME ""
| #define FIPS_MODULE_VERSION ""
| #define PRINTABLE_OS_NAME "Darwin"
| #define NAME_OF_DEV_RANDOM "/dev/random"
| #define NAME_OF_DEV_URANDOM "/dev/urandom"
| #define GPG_ERR_SOURCE_DEFAULT GPG_ERR_SOURCE_GCRYPT
| #define HAVE_PTHREAD 1 
| #define HAVE_UNISTD_H 1
| #define HAVE_SYS_RANDOM_H 1
| #define HAVE_SYS_SYSCTL_H 1
| #define HAVE_USHORT 1
| #define HAVE_BUILTIN_BSWAP32 1
| #define HAVE_BUILTIN_BSWAP64 1
| #define HAVE_BUILTIN_CTZ 1
| #define HAVE_BUILTIN_CTZL 1
| #define HAVE_BUILTIN_CLZ 1
| #define HAVE_BUILTIN_CLZL 1
| #define HAVE_SYNC_SYNCHRONIZE 1
| #define HAVE_VLA 1
| #define HAVE_GCC_ATTRIBUTE_ALIGNED 1
| #define HAVE_GCC_ATTRIBUTE_PACKED 1
| #define HAVE_GCC_ATTRIBUTE_MAY_ALIAS 1
| #define HAVE_GCC_ASM_VOLATILE_MEMORY 1
| #define HAVE_GCC_ASM_CFI_DIRECTIVES 1
| #define WITH_SYMBOL_UNDERSCORE 1
| #define HAVE_GCC_ATTRIBUTE_MS_ABI 1
| #define HAVE_GCC_ATTRIBUTE_SYSV_ABI 1
| #define HAVE_GCC_DEFAULT_ABI_IS_SYSV_ABI 1
| #define HAVE_GCC_STORAGE_CLASS__THREAD 1
| /* end confdefs.h.  */
| __asm__(
|                 ".cpu generic+simd\n\t"
|                 ".text\n\t"
|                 "testfn:\n\t"
|                 "mov w0, \#42;\n\t"
|                 "dup v0.8b, w0;\n\t"
|                 "ld4 {v0.8b,v1.8b,v2.8b,v3.8b},[x0],\#32;\n\t"
|                 );
|             void testfn(void);
| 
| int
| main (void)
| {
|  testfn();
|   ;
|   return 0;
| }
configure:20819: result: no
configure:20831: checking whether GCC inline assembler supports AArch64 Crypto Extension instructions
configure:20882: gcc -o conftest -g -O2   conftest.c  >&5
conftest.c:85:26: warning: unknown escape sequence '\#' [-Wunknown-escape-sequence]
   85 |                 "mov w0, \#42;\n\t"
      |                          ^~
conftest.c:87:53: warning: unknown escape sequence '\#' [-Wunknown-escape-sequence]
   87 |                 "ld4 {v0.8b,v1.8b,v2.8b,v3.8b},[x0],\#32;\n\t"
      |                                                     ^~
2 warnings generated.
Undefined symbols for architecture arm64:
  "_testfn", referenced from:
      _main in conftest-c2c84a.o
ld: symbol(s) not found for architecture arm64
clang: error: linker command failed with exit code 1 (use -v to see invocation)
configure:20882: $? = 1
configure: failed program was:
| /* confdefs.h */
| #define PACKAGE_NAME "libgcrypt"
| #define PACKAGE_TARNAME "libgcrypt"
| #define PACKAGE_VERSION "1.12.1-beta10"
| #define PACKAGE_STRING "libgcrypt 1.12.1-beta10"
| #define PACKAGE_BUGREPORT "https://bugs.gnupg.org"
| #define PACKAGE_URL ""
| #define PACKAGE "libgcrypt"
| #define VERSION "1.12.1-beta10"
| #define HAVE_STDIO_H 1
| #define HAVE_STDLIB_H 1
| #define HAVE_STRING_H 1
| #define HAVE_INTTYPES_H 1
| #define HAVE_STDINT_H 1
| #define HAVE_STRINGS_H 1
| #define HAVE_SYS_STAT_H 1
| #define HAVE_SYS_TYPES_H 1
| #define HAVE_UNISTD_H 1
| #define HAVE_WCHAR_H 1
| #define STDC_HEADERS 1
| #define _ALL_SOURCE 1
| #define _DARWIN_C_SOURCE 1
| #define _GNU_SOURCE 1
| #define _HPUX_ALT_XOPEN_SOCKET_API 1
| #define _NETBSD_SOURCE 1
| #define _OPENBSD_SOURCE 1
| #define _POSIX_PTHREAD_SEMANTICS 1
| #define __STDC_WANT_IEC_60559_ATTRIBS_EXT__ 1
| #define __STDC_WANT_IEC_60559_BFP_EXT__ 1
| #define __STDC_WANT_IEC_60559_DFP_EXT__ 1
| #define __STDC_WANT_IEC_60559_EXT__ 1
| #define __STDC_WANT_IEC_60559_FUNCS_EXT__ 1
| #define __STDC_WANT_IEC_60559_TYPES_EXT__ 1
| #define __STDC_WANT_LIB_EXT2__ 1
| #define __STDC_WANT_MATH_SPEC_FUNCS__ 1
| #define _TANDEM_SOURCE 1
| #define __EXTENSIONS__ 1
| #define HAVE_DLFCN_H 1
| #define LT_OBJDIR ".libs/"
| #define _DARWIN_C_SOURCE 1
| #define USE_POSIX_SPAWN_FOR_TESTS 1
| #define HAVE_SPAWN_H 1
| #define SIZEOF_UNSIGNED_SHORT 2
| #define SIZEOF_UNSIGNED_INT 4
| #define SIZEOF_UNSIGNED_LONG 8
| #define SIZEOF_UNSIGNED_LONG_LONG 8
| #define SIZEOF_UNSIGNED___INT128 16
| #define SIZEOF_VOID_P 8
| #define HAVE_UINTPTR_T 1
| #define SIZEOF_UINT64_T 8
| #define EGD_SOCKET_NAME ""
| #define FIPS_MODULE_VERSION ""
| #define PRINTABLE_OS_NAME "Darwin"
| #define NAME_OF_DEV_RANDOM "/dev/random"
| #define NAME_OF_DEV_URANDOM "/dev/urandom"
| #define GPG_ERR_SOURCE_DEFAULT GPG_ERR_SOURCE_GCRYPT
| #define HAVE_PTHREAD 1 
| #define HAVE_UNISTD_H 1
| #define HAVE_SYS_RANDOM_H 1
| #define HAVE_SYS_SYSCTL_H 1
| #define HAVE_USHORT 1
| #define HAVE_BUILTIN_BSWAP32 1
| #define HAVE_BUILTIN_BSWAP64 1
| #define HAVE_BUILTIN_CTZ 1
| #define HAVE_BUILTIN_CTZL 1
| #define HAVE_BUILTIN_CLZ 1
| #define HAVE_BUILTIN_CLZL 1
| #define HAVE_SYNC_SYNCHRONIZE 1
| #define HAVE_VLA 1
| #define HAVE_GCC_ATTRIBUTE_ALIGNED 1
| #define HAVE_GCC_ATTRIBUTE_PACKED 1
| #define HAVE_GCC_ATTRIBUTE_MAY_ALIAS 1
| #define HAVE_GCC_ASM_VOLATILE_MEMORY 1
| #define HAVE_GCC_ASM_CFI_DIRECTIVES 1
| #define WITH_SYMBOL_UNDERSCORE 1
| #define HAVE_GCC_ATTRIBUTE_MS_ABI 1
| #define HAVE_GCC_ATTRIBUTE_SYSV_ABI 1
| #define HAVE_GCC_DEFAULT_ABI_IS_SYSV_ABI 1
| #define HAVE_GCC_STORAGE_CLASS__THREAD 1
| /* end confdefs.h.  */
| __asm__(
|                 ".cpu generic+simd+crypto\n\t"
|                 ".text\n\t"
|                 "testfn:\n\t"
|                 "mov w0, \#42;\n\t"
|                 "dup v0.8b, w0;\n\t"
|                 "ld4 {v0.8b,v1.8b,v2.8b,v3.8b},[x0],\#32;\n\t"
| 
|                 "sha1h s0, s0;\n\t"
|                 "sha1c q0, s0, v0.4s;\n\t"
|                 "sha1p q0, s0, v0.4s;\n\t"
|                 "sha1su0 v0.4s, v0.4s, v0.4s;\n\t"
|                 "sha1su1 v0.4s, v0.4s;\n\t"
| 
|                 "sha256h q0, q0, v0.4s;\n\t"
|                 "sha256h2 q0, q0, v0.4s;\n\t"
|                 "sha1p q0, s0, v0.4s;\n\t"
|                 "sha256su0 v0.4s, v0.4s;\n\t"
|                 "sha256su1 v0.4s, v0.4s, v31.4s;\n\t"
| 
|                 "aese v0.16b, v0.16b;\n\t"
|                 "aesd v0.16b, v0.16b;\n\t"
|                 "aesmc v0.16b, v0.16b;\n\t"
|                 "aesimc v0.16b, v0.16b;\n\t"
| 
|                 "pmull v0.1q, v0.1d, v31.1d;\n\t"
|                 "pmull2 v0.1q, v0.2d, v31.2d;\n\t"
|                 );
|             void testfn(void);
| 
| int
| main (void)
| {
|  testfn();
|   ;
|   return 0;
| }
configure:20891: result: no
configure:20903: checking whether GCC inline assembler supports AArch64 SVE instructions
configure:20935: gcc -o conftest -g -O2   conftest.c  >&5
conftest.c:85:26: warning: unknown escape sequence '\#' [-Wunknown-escape-sequence]
   85 |                 "mov x0, \#60;\n\t"
      |                          ^~
conftest.c:87:34: warning: unknown escape sequence '\#' [-Wunknown-escape-sequence]
   87 |                 "mov z0.s, p0/z, \#55;\n\t"
      |                                  ^~
2 warnings generated.
Undefined symbols for architecture arm64:
  "_testfn", referenced from:
      _main in conftest-9addf9.o
ld: symbol(s) not found for architecture arm64
clang: error: linker command failed with exit code 1 (use -v to see invocation)
configure:20935: $? = 1
configure: failed program was:
| /* confdefs.h */
| #define PACKAGE_NAME "libgcrypt"
| #define PACKAGE_TARNAME "libgcrypt"
| #define PACKAGE_VERSION "1.12.1-beta10"
| #define PACKAGE_STRING "libgcrypt 1.12.1-beta10"
| #define PACKAGE_BUGREPORT "https://bugs.gnupg.org"
| #define PACKAGE_URL ""
| #define PACKAGE "libgcrypt"
| #define VERSION "1.12.1-beta10"
| #define HAVE_STDIO_H 1
| #define HAVE_STDLIB_H 1
| #define HAVE_STRING_H 1
| #define HAVE_INTTYPES_H 1
| #define HAVE_STDINT_H 1
| #define HAVE_STRINGS_H 1
| #define HAVE_SYS_STAT_H 1
| #define HAVE_SYS_TYPES_H 1
| #define HAVE_UNISTD_H 1
| #define HAVE_WCHAR_H 1
| #define STDC_HEADERS 1
| #define _ALL_SOURCE 1
| #define _DARWIN_C_SOURCE 1
| #define _GNU_SOURCE 1
| #define _HPUX_ALT_XOPEN_SOCKET_API 1
| #define _NETBSD_SOURCE 1
| #define _OPENBSD_SOURCE 1
| #define _POSIX_PTHREAD_SEMANTICS 1
| #define __STDC_WANT_IEC_60559_ATTRIBS_EXT__ 1
| #define __STDC_WANT_IEC_60559_BFP_EXT__ 1
| #define __STDC_WANT_IEC_60559_DFP_EXT__ 1
| #define __STDC_WANT_IEC_60559_EXT__ 1
| #define __STDC_WANT_IEC_60559_FUNCS_EXT__ 1
| #define __STDC_WANT_IEC_60559_TYPES_EXT__ 1
| #define __STDC_WANT_LIB_EXT2__ 1
| #define __STDC_WANT_MATH_SPEC_FUNCS__ 1
| #define _TANDEM_SOURCE 1
| #define __EXTENSIONS__ 1
| #define HAVE_DLFCN_H 1
| #define LT_OBJDIR ".libs/"
| #define _DARWIN_C_SOURCE 1
| #define USE_POSIX_SPAWN_FOR_TESTS 1
| #define HAVE_SPAWN_H 1
| #define SIZEOF_UNSIGNED_SHORT 2
| #define SIZEOF_UNSIGNED_INT 4
| #define SIZEOF_UNSIGNED_LONG 8
| #define SIZEOF_UNSIGNED_LONG_LONG 8
| #define SIZEOF_UNSIGNED___INT128 16
| #define SIZEOF_VOID_P 8
| #define HAVE_UINTPTR_T 1
| #define SIZEOF_UINT64_T 8
| #define EGD_SOCKET_NAME ""
| #define FIPS_MODULE_VERSION ""
| #define PRINTABLE_OS_NAME "Darwin"
| #define NAME_OF_DEV_RANDOM "/dev/random"
| #define NAME_OF_DEV_URANDOM "/dev/urandom"
| #define GPG_ERR_SOURCE_DEFAULT GPG_ERR_SOURCE_GCRYPT
| #define HAVE_PTHREAD 1 
| #define HAVE_UNISTD_H 1
| #define HAVE_SYS_RANDOM_H 1
| #define HAVE_SYS_SYSCTL_H 1
| #define HAVE_USHORT 1
| #define HAVE_BUILTIN_BSWAP32 1
| #define HAVE_BUILTIN_BSWAP64 1
| #define HAVE_BUILTIN_CTZ 1
| #define HAVE_BUILTIN_CTZL 1
| #define HAVE_BUILTIN_CLZ 1
| #define HAVE_BUILTIN_CLZL 1
| #define HAVE_SYNC_SYNCHRONIZE 1
| #define HAVE_VLA 1
| #define HAVE_GCC_ATTRIBUTE_ALIGNED 1
| #define HAVE_GCC_ATTRIBUTE_PACKED 1
| #define HAVE_GCC_ATTRIBUTE_MAY_ALIAS 1
| #define HAVE_GCC_ASM_VOLATILE_MEMORY 1
| #define HAVE_GCC_ASM_CFI_DIRECTIVES 1
| #define WITH_SYMBOL_UNDERSCORE 1
| #define HAVE_GCC_ATTRIBUTE_MS_ABI 1
| #define HAVE_GCC_ATTRIBUTE_SYSV_ABI 1
| #define HAVE_GCC_DEFAULT_ABI_IS_SYSV_ABI 1
| #define HAVE_GCC_STORAGE_CLASS__THREAD 1
| /* end confdefs.h.  */
| __asm__(
|                 ".cpu generic+simd+sve\n\t"
|                 ".text\n\t"
|                 "testfn:\n\t"
|                 "mov x0, \#60;\n\t"
|                 "whilelo p0.s, xzr, x0;\n\t"
|                 "mov z0.s, p0/z, \#55;\n\t"
|                 "ld1b {z0.b}, p0/z, [x1];\n\t"
|                 );
|             void testfn(void);
| 
| int
| main (void)
| {
|  testfn();
|   ;
|   return 0;
| }
configure:20944: result: no
configure:20956: checking whether GCC inline assembler supports AArch64 SVE2 instructions
configure:20992: gcc -o conftest -g -O2   conftest.c  >&5
conftest.c:87:44: warning: unknown escape sequence '\#' [-Wunknown-escape-sequence]
   87 |                 "ext z8.b, {z20.b, z21.b}, \#3;\n\t"
      |                                            ^~
conftest.c:91:34: warning: unknown escape sequence '\#' [-Wunknown-escape-sequence]
   91 |                 "mov z0.s, p0/z, \#55;\n\t"
      |                                  ^~
2 warnings generated.
Undefined symbols for architecture arm64:
  "_testfn", referenced from:
      _main in conftest-3f979e.o
ld: symbol(s) not found for architecture arm64
clang: error: linker command failed with exit code 1 (use -v to see invocation)
configure:20992: $? = 1
configure: failed program was:
| /* confdefs.h */
| #define PACKAGE_NAME "libgcrypt"
| #define PACKAGE_TARNAME "libgcrypt"
| #define PACKAGE_VERSION "1.12.1-beta10"
| #define PACKAGE_STRING "libgcrypt 1.12.1-beta10"
| #define PACKAGE_BUGREPORT "https://bugs.gnupg.org"
| #define PACKAGE_URL ""
| #define PACKAGE "libgcrypt"
| #define VERSION "1.12.1-beta10"
| #define HAVE_STDIO_H 1
| #define HAVE_STDLIB_H 1
| #define HAVE_STRING_H 1
| #define HAVE_INTTYPES_H 1
| #define HAVE_STDINT_H 1
| #define HAVE_STRINGS_H 1
| #define HAVE_SYS_STAT_H 1
| #define HAVE_SYS_TYPES_H 1
| #define HAVE_UNISTD_H 1
| #define HAVE_WCHAR_H 1
| #define STDC_HEADERS 1
| #define _ALL_SOURCE 1
| #define _DARWIN_C_SOURCE 1
| #define _GNU_SOURCE 1
| #define _HPUX_ALT_XOPEN_SOCKET_API 1
| #define _NETBSD_SOURCE 1
| #define _OPENBSD_SOURCE 1
| #define _POSIX_PTHREAD_SEMANTICS 1
| #define __STDC_WANT_IEC_60559_ATTRIBS_EXT__ 1
| #define __STDC_WANT_IEC_60559_BFP_EXT__ 1
| #define __STDC_WANT_IEC_60559_DFP_EXT__ 1
| #define __STDC_WANT_IEC_60559_EXT__ 1
| #define __STDC_WANT_IEC_60559_FUNCS_EXT__ 1
| #define __STDC_WANT_IEC_60559_TYPES_EXT__ 1
| #define __STDC_WANT_LIB_EXT2__ 1
| #define __STDC_WANT_MATH_SPEC_FUNCS__ 1
| #define _TANDEM_SOURCE 1
| #define __EXTENSIONS__ 1
| #define HAVE_DLFCN_H 1
| #define LT_OBJDIR ".libs/"
| #define _DARWIN_C_SOURCE 1
| #define USE_POSIX_SPAWN_FOR_TESTS 1
| #define HAVE_SPAWN_H 1
| #define SIZEOF_UNSIGNED_SHORT 2
| #define SIZEOF_UNSIGNED_INT 4
| #define SIZEOF_UNSIGNED_LONG 8
| #define SIZEOF_UNSIGNED_LONG_LONG 8
| #define SIZEOF_UNSIGNED___INT128 16
| #define SIZEOF_VOID_P 8
| #define HAVE_UINTPTR_T 1
| #define SIZEOF_UINT64_T 8
| #define EGD_SOCKET_NAME ""
| #define FIPS_MODULE_VERSION ""
| #define PRINTABLE_OS_NAME "Darwin"
| #define NAME_OF_DEV_RANDOM "/dev/random"
| #define NAME_OF_DEV_URANDOM "/dev/urandom"
| #define GPG_ERR_SOURCE_DEFAULT GPG_ERR_SOURCE_GCRYPT
| #define HAVE_PTHREAD 1 
| #define HAVE_UNISTD_H 1
| #define HAVE_SYS_RANDOM_H 1
| #define HAVE_SYS_SYSCTL_H 1
| #define HAVE_USHORT 1
| #define HAVE_BUILTIN_BSWAP32 1
| #define HAVE_BUILTIN_BSWAP64 1
| #define HAVE_BUILTIN_CTZ 1
| #define HAVE_BUILTIN_CTZL 1
| #define HAVE_BUILTIN_CLZ 1
| #define HAVE_BUILTIN_CLZL 1
| #define HAVE_SYNC_SYNCHRONIZE 1
| #define HAVE_VLA 1
| #define HAVE_GCC_ATTRIBUTE_ALIGNED 1
| #define HAVE_GCC_ATTRIBUTE_PACKED 1
| #define HAVE_GCC_ATTRIBUTE_MAY_ALIAS 1
| #define HAVE_GCC_ASM_VOLATILE_MEMORY 1
| #define HAVE_GCC_ASM_CFI_DIRECTIVES 1
| #define WITH_SYMBOL_UNDERSCORE 1
| #define HAVE_GCC_ATTRIBUTE_MS_ABI 1
| #define HAVE_GCC_ATTRIBUTE_SYSV_ABI 1
| #define HAVE_GCC_DEFAULT_ABI_IS_SYSV_ABI 1
| #define HAVE_GCC_STORAGE_CLASS__THREAD 1
| /* end confdefs.h.  */
| __asm__(
|                 ".cpu generic+simd+sve2\n\t"
|                 ".text\n\t"
|                 "testfn:\n\t"
|                 ";\n\t"
|                 "eor3 z0.d, z0.d, z1.d, z2.d;\n\t"
|                 "ext z8.b, {z20.b, z21.b}, \#3;\n\t"
|                 "adclt z0.d, z1.d, z2.d;\n\t"
|                 "tbl z0.b, {z8.b, z9.b}, z1.b;\n\t"
|                 "addhnb z16.s, z17.d, z18.d;\n\t"
|                 "mov z0.s, p0/z, \#55;\n\t"
|                 "ld1b {z0.b}, p0/z, [x1];\n\t"
|                 );
|             void testfn(void);
| 
| int
| main (void)
| {
|  testfn();
|   ;
|   return 0;
| }
configure:21001: result: no
configure:21013: checking whether GCC inline assembler supports AArch64 SHA3/SHA512/SM3/SM4 instructions
configure:21066: gcc -o conftest -g -O2   conftest.c  >&5
conftest.c:96:43: warning: unknown escape sequence '\#' [-Wunknown-escape-sequence]
   96 |                 "xar v0.2d, v1.2d, v2.2d, \#1;\n\t"
      |                                           ^~
1 warning generated.
Undefined symbols for architecture arm64:
  "_testfn", referenced from:
      _main in conftest-631459.o
ld: symbol(s) not found for architecture arm64
clang: error: linker command failed with exit code 1 (use -v to see invocation)
configure:21066: $? = 1
configure: failed program was:
| /* confdefs.h */
| #define PACKAGE_NAME "libgcrypt"
| #define PACKAGE_TARNAME "libgcrypt"
| #define PACKAGE_VERSION "1.12.1-beta10"
| #define PACKAGE_STRING "libgcrypt 1.12.1-beta10"
| #define PACKAGE_BUGREPORT "https://bugs.gnupg.org"
| #define PACKAGE_URL ""
| #define PACKAGE "libgcrypt"
| #define VERSION "1.12.1-beta10"
| #define HAVE_STDIO_H 1
| #define HAVE_STDLIB_H 1
| #define HAVE_STRING_H 1
| #define HAVE_INTTYPES_H 1
| #define HAVE_STDINT_H 1
| #define HAVE_STRINGS_H 1
| #define HAVE_SYS_STAT_H 1
| #define HAVE_SYS_TYPES_H 1
| #define HAVE_UNISTD_H 1
| #define HAVE_WCHAR_H 1
| #define STDC_HEADERS 1
| #define _ALL_SOURCE 1
| #define _DARWIN_C_SOURCE 1
| #define _GNU_SOURCE 1
| #define _HPUX_ALT_XOPEN_SOCKET_API 1
| #define _NETBSD_SOURCE 1
| #define _OPENBSD_SOURCE 1
| #define _POSIX_PTHREAD_SEMANTICS 1
| #define __STDC_WANT_IEC_60559_ATTRIBS_EXT__ 1
| #define __STDC_WANT_IEC_60559_BFP_EXT__ 1
| #define __STDC_WANT_IEC_60559_DFP_EXT__ 1
| #define __STDC_WANT_IEC_60559_EXT__ 1
| #define __STDC_WANT_IEC_60559_FUNCS_EXT__ 1
| #define __STDC_WANT_IEC_60559_TYPES_EXT__ 1
| #define __STDC_WANT_LIB_EXT2__ 1
| #define __STDC_WANT_MATH_SPEC_FUNCS__ 1
| #define _TANDEM_SOURCE 1
| #define __EXTENSIONS__ 1
| #define HAVE_DLFCN_H 1
| #define LT_OBJDIR ".libs/"
| #define _DARWIN_C_SOURCE 1
| #define USE_POSIX_SPAWN_FOR_TESTS 1
| #define HAVE_SPAWN_H 1
| #define SIZEOF_UNSIGNED_SHORT 2
| #define SIZEOF_UNSIGNED_INT 4
| #define SIZEOF_UNSIGNED_LONG 8
| #define SIZEOF_UNSIGNED_LONG_LONG 8
| #define SIZEOF_UNSIGNED___INT128 16
| #define SIZEOF_VOID_P 8
| #define HAVE_UINTPTR_T 1
| #define SIZEOF_UINT64_T 8
| #define EGD_SOCKET_NAME ""
| #define FIPS_MODULE_VERSION ""
| #define PRINTABLE_OS_NAME "Darwin"
| #define NAME_OF_DEV_RANDOM "/dev/random"
| #define NAME_OF_DEV_URANDOM "/dev/urandom"
| #define GPG_ERR_SOURCE_DEFAULT GPG_ERR_SOURCE_GCRYPT
| #define HAVE_PTHREAD 1 
| #define HAVE_UNISTD_H 1
| #define HAVE_SYS_RANDOM_H 1
| #define HAVE_SYS_SYSCTL_H 1
| #define HAVE_USHORT 1
| #define HAVE_BUILTIN_BSWAP32 1
| #define HAVE_BUILTIN_BSWAP64 1
| #define HAVE_BUILTIN_CTZ 1
| #define HAVE_BUILTIN_CTZL 1
| #define HAVE_BUILTIN_CLZ 1
| #define HAVE_BUILTIN_CLZL 1
| #define HAVE_SYNC_SYNCHRONIZE 1
| #define HAVE_VLA 1
| #define HAVE_GCC_ATTRIBUTE_ALIGNED 1
| #define HAVE_GCC_ATTRIBUTE_PACKED 1
| #define HAVE_GCC_ATTRIBUTE_MAY_ALIAS 1
| #define HAVE_GCC_ASM_VOLATILE_MEMORY 1
| #define HAVE_GCC_ASM_CFI_DIRECTIVES 1
| #define WITH_SYMBOL_UNDERSCORE 1
| #define HAVE_GCC_ATTRIBUTE_MS_ABI 1
| #define HAVE_GCC_ATTRIBUTE_SYSV_ABI 1
| #define HAVE_GCC_DEFAULT_ABI_IS_SYSV_ABI 1
| #define HAVE_GCC_STORAGE_CLASS__THREAD 1
| /* end confdefs.h.  */
| __asm__(
|                 ".arch armv8.2-a+sha3+sm4\n\t"
|                 ".text\n\t"
|                 "testfn:\n\t"
| 
|                 /* Test for SHA512 instructions */
|                 "sha512h q0, q0, v0.2d;\n\t"
|                 "sha512h2 q0, q0, v0.2d;\n\t"
|                 "sha512su0 v0.2d, v0.2d;\n\t"
|                 "sha512su1 v0.2d, v0.2d, v31.2d;\n\t"
| 
|                 /* Test for SHA3 instructions */
|                 "bcax v0.16b, v1.16b, v2.16b, v3.16b;\n\t"
|                 "eor3 v0.16b, v1.16b, v2.16b, v3.16b;\n\t"
|                 "rax1 v0.2d, v1.2d, v2.2d;\n\t"
|                 "xar v0.2d, v1.2d, v2.2d, \#1;\n\t"
| 
|                 /* Test for SM3 instructions */
|                 "sm3partw1 v0.4s, v1.4s, v2.4s;\n\t"
|                 "sm3partw2 v0.4s, v1.4s, v2.4s;\n\t"
|                 "sm3ss1 v0.4s, v1.4s, v2.4s, v3.4s;\n\t"
|                 "sm3tt1a v0.4s, v1.4s, v2.s[0];\n\t"
|                 "sm3tt1b v0.4s, v1.4s, v2.s[0];\n\t"
|                 "sm3tt2a v0.4s, v1.4s, v2.s[0];\n\t"
|                 "sm3tt2b v0.4s, v1.4s, v2.s[0];\n\t"
| 
|                 /* Test for SM4 instructions */
|                 "sm4e v0.4s, v1.4s;\n\t"
|                 "sm4ekey v0.4s, v1.4s, v2.4s;\n\t"
|                 );
|             void testfn(void);
| 
| int
| main (void)
| {
|  testfn();
|   ;
|   return 0;
| }
configure:21075: result: no
configure:21089: checking whether compiler supports AArch64/NEON/crypto intrinsics
configure:21131: gcc -c -g -O2  conftest.c >&5
configure:21131: $? = 0
configure:21139: result: yes
configure:21230: checking whether compiler supports PowerPC AltiVec/VSX/crypto intrinsics
configure:21270: result: n/a
configure:21349: checking whether GCC inline assembler supports PowerPC AltiVec/VSX/crypto instructions
configure:21395: result: n/a
configure:21407: checking whether GCC inline assembler supports PowerISA 3.00 instructions
configure:21446: result: n/a
configure:21458: checking whether compiler supports GCC PowerPC target attributes
configure:21492: result: n/a
configure:21504: checking whether compiler supports clang PowerPC target attributes
configure:21538: result: n/a
configure:21550: checking whether GCC inline assembler supports zSeries instructions
configure:21621: result: n/a
configure:21633: checking whether GCC inline assembler supports zSeries vector instructions
configure:21675: result: n/a
configure:21687: checking whether GCC inline assembler supports RISC-V instructions
configure:21749: result: n/a
configure:21761: checking whether GCC inline assembler supports RISC-V vector instructions
configure:21807: result: n/a
configure:21823: checking whether compiler supports RISC-V -mstrict-align flag
configure:21846: result: n/a
configure:21866: checking whether compiler supports RISC-V vector intrinsics
configure:21925: result: n/a
configure:22030: checking whether compiler supports RISC-V vector cryptography intrinsics
configure:22131: result: n/a
configure:22399: checking for vprintf
configure:22399: gcc -o conftest -g -O2   conftest.c  >&5
conftest.c:98:6: warning: incompatible redeclaration of library function 'vprintf' [-Wincompatible-library-redeclaration]
   98 | char vprintf (void);
      |      ^
conftest.c:98:6: note: 'vprintf' is a builtin with type 'int (const char *restrict, __builtin_va_list)'
1 warning generated.
configure:22399: $? = 0
configure:22399: result: yes
configure:22421: checking for stpcpy
configure:22421: gcc -o conftest -g -O2   conftest.c  >&5
conftest.c:99:6: warning: incompatible redeclaration of library function 'stpcpy' [-Wincompatible-library-redeclaration]
   99 | char stpcpy (void);
      |      ^
conftest.c:99:6: note: 'stpcpy' is a builtin with type 'char *(char *, const char *)'
1 warning generated.
configure:22421: $? = 0
configure:22421: result: yes
configure:22427: checking for strcasecmp
configure:22427: gcc -o conftest -g -O2   conftest.c  >&5
conftest.c:100:6: warning: incompatible redeclaration of library function 'strcasecmp' [-Wincompatible-library-redeclaration]
  100 | char strcasecmp (void);
      |      ^
conftest.c:100:6: note: 'strcasecmp' is a builtin with type 'int (const char *, const char *)'
1 warning generated.
configure:22427: $? = 0
configure:22427: result: yes
configure:22435: checking for strtoul
configure:22435: gcc -o conftest -g -O2   conftest.c  >&5
conftest.c:101:6: warning: incompatible redeclaration of library function 'strtoul' [-Wincompatible-library-redeclaration]
  101 | char strtoul (void);
      |      ^
conftest.c:101:6: note: 'strtoul' is a builtin with type 'unsigned long (const char *, char **, int)'
1 warning generated.
configure:22435: $? = 0
configure:22435: result: yes
configure:22441: checking for memmove
configure:22441: gcc -o conftest -g -O2   conftest.c  >&5
conftest.c:102:6: warning: incompatible redeclaration of library function 'memmove' [-Wincompatible-library-redeclaration]
  102 | char memmove (void);
      |      ^
conftest.c:102:6: note: 'memmove' is a builtin with type 'void *(void *, const void *, unsigned long)'
1 warning generated.
configure:22441: $? = 0
configure:22441: result: yes
configure:22447: checking for stricmp
configure:22447: gcc -o conftest -g -O2   conftest.c  >&5
Undefined symbols for architecture arm64:
  "_stricmp", referenced from:
      _main in conftest-3b628d.o
ld: symbol(s) not found for architecture arm64
clang: error: linker command failed with exit code 1 (use -v to see invocation)
configure:22447: $? = 1
configure: failed program was:
| /* confdefs.h */
| #define PACKAGE_NAME "libgcrypt"
| #define PACKAGE_TARNAME "libgcrypt"
| #define PACKAGE_VERSION "1.12.1-beta10"
| #define PACKAGE_STRING "libgcrypt 1.12.1-beta10"
| #define PACKAGE_BUGREPORT "https://bugs.gnupg.org"
| #define PACKAGE_URL ""
| #define PACKAGE "libgcrypt"
| #define VERSION "1.12.1-beta10"
| #define HAVE_STDIO_H 1
| #define HAVE_STDLIB_H 1
| #define HAVE_STRING_H 1
| #define HAVE_INTTYPES_H 1
| #define HAVE_STDINT_H 1
| #define HAVE_STRINGS_H 1
| #define HAVE_SYS_STAT_H 1
| #define HAVE_SYS_TYPES_H 1
| #define HAVE_UNISTD_H 1
| #define HAVE_WCHAR_H 1
| #define STDC_HEADERS 1
| #define _ALL_SOURCE 1
| #define _DARWIN_C_SOURCE 1
| #define _GNU_SOURCE 1
| #define _HPUX_ALT_XOPEN_SOCKET_API 1
| #define _NETBSD_SOURCE 1
| #define _OPENBSD_SOURCE 1
| #define _POSIX_PTHREAD_SEMANTICS 1
| #define __STDC_WANT_IEC_60559_ATTRIBS_EXT__ 1
| #define __STDC_WANT_IEC_60559_BFP_EXT__ 1
| #define __STDC_WANT_IEC_60559_DFP_EXT__ 1
| #define __STDC_WANT_IEC_60559_EXT__ 1
| #define __STDC_WANT_IEC_60559_FUNCS_EXT__ 1
| #define __STDC_WANT_IEC_60559_TYPES_EXT__ 1
| #define __STDC_WANT_LIB_EXT2__ 1
| #define __STDC_WANT_MATH_SPEC_FUNCS__ 1
| #define _TANDEM_SOURCE 1
| #define __EXTENSIONS__ 1
| #define HAVE_DLFCN_H 1
| #define LT_OBJDIR ".libs/"
| #define _DARWIN_C_SOURCE 1
| #define USE_POSIX_SPAWN_FOR_TESTS 1
| #define HAVE_SPAWN_H 1
| #define SIZEOF_UNSIGNED_SHORT 2
| #define SIZEOF_UNSIGNED_INT 4
| #define SIZEOF_UNSIGNED_LONG 8
| #define SIZEOF_UNSIGNED_LONG_LONG 8
| #define SIZEOF_UNSIGNED___INT128 16
| #define SIZEOF_VOID_P 8
| #define HAVE_UINTPTR_T 1
| #define SIZEOF_UINT64_T 8
| #define EGD_SOCKET_NAME ""
| #define FIPS_MODULE_VERSION ""
| #define PRINTABLE_OS_NAME "Darwin"
| #define NAME_OF_DEV_RANDOM "/dev/random"
| #define NAME_OF_DEV_URANDOM "/dev/urandom"
| #define GPG_ERR_SOURCE_DEFAULT GPG_ERR_SOURCE_GCRYPT
| #define HAVE_PTHREAD 1 
| #define HAVE_UNISTD_H 1
| #define HAVE_SYS_RANDOM_H 1
| #define HAVE_SYS_SYSCTL_H 1
| #define HAVE_USHORT 1
| #define HAVE_BUILTIN_BSWAP32 1
| #define HAVE_BUILTIN_BSWAP64 1
| #define HAVE_BUILTIN_CTZ 1
| #define HAVE_BUILTIN_CTZL 1
| #define HAVE_BUILTIN_CLZ 1
| #define HAVE_BUILTIN_CLZL 1
| #define HAVE_SYNC_SYNCHRONIZE 1
| #define HAVE_VLA 1
| #define HAVE_GCC_ATTRIBUTE_ALIGNED 1
| #define HAVE_GCC_ATTRIBUTE_PACKED 1
| #define HAVE_GCC_ATTRIBUTE_MAY_ALIAS 1
| #define HAVE_GCC_ASM_VOLATILE_MEMORY 1
| #define HAVE_GCC_ASM_CFI_DIRECTIVES 1
| #define WITH_SYMBOL_UNDERSCORE 1
| #define HAVE_GCC_ATTRIBUTE_MS_ABI 1
| #define HAVE_GCC_ATTRIBUTE_SYSV_ABI 1
| #define HAVE_GCC_DEFAULT_ABI_IS_SYSV_ABI 1
| #define HAVE_GCC_STORAGE_CLASS__THREAD 1
| #define HAVE_COMPATIBLE_CC_AARCH64_NEON_INTRINSICS 1
| #define HAVE_VPRINTF 1
| #define HAVE_STPCPY 1
| #define HAVE_STRCASECMP 1
| #define HAVE_STRTOUL 1
| #define HAVE_MEMMOVE 1
| /* end confdefs.h.  */
| /* Define stricmp to an innocuous variant, in case <limits.h> declares stricmp.
|    For example, HP-UX 11i <limits.h> declares gettimeofday.  */
| #define stricmp innocuous_stricmp
| 
| /* System header to define __stub macros and hopefully few prototypes,
|    which can conflict with char stricmp (void); below.  */
| 
| #include <limits.h>
| #undef stricmp
| 
| /* Override any GCC internal prototype to avoid an error.
|    Use char because int might match the return type of a GCC
|    builtin and then its argument prototype would still apply.  */
| #ifdef __cplusplus
| extern "C"
| #endif
| char stricmp (void);
| /* The GNU C library defines this for functions which it implements
|     to always fail with ENOSYS.  Some functions are actually named
|     something starting with __ and the normal name is an alias.  */
| #if defined __stub_stricmp || defined __stub___stricmp
| choke me
| #endif
| 
| int
| main (void)
| {
| return stricmp ();
|   ;
|   return 0;
| }
configure:22447: result: no
configure:22453: checking for atexit
configure:22453: gcc -o conftest -g -O2   conftest.c  >&5
configure:22453: $? = 0
configure:22453: result: yes
configure:22459: checking for raise
configure:22459: gcc -o conftest -g -O2   conftest.c  >&5
configure:22459: $? = 0
configure:22459: result: yes
configure:22467: checking for strerror
configure:22467: gcc -o conftest -g -O2   conftest.c  >&5
conftest.c:105:6: warning: incompatible redeclaration of library function 'strerror' [-Wincompatible-library-redeclaration]
  105 | char strerror (void);
      |      ^
conftest.c:105:6: note: 'strerror' is a builtin with type 'char *(int)'
1 warning generated.
configure:22467: $? = 0
configure:22467: result: yes
configure:22473: checking for rand
configure:22473: gcc -o conftest -g -O2   conftest.c  >&5
configure:22473: $? = 0
configure:22473: result: yes
configure:22479: checking for mmap
configure:22479: gcc -o conftest -g -O2   conftest.c  >&5
configure:22479: $? = 0
configure:22479: result: yes
configure:22485: checking for getpagesize
configure:22485: gcc -o conftest -g -O2   conftest.c  >&5
configure:22485: $? = 0
configure:22485: result: yes
configure:22491: checking for sysconf
configure:22491: gcc -o conftest -g -O2   conftest.c  >&5
configure:22491: $? = 0
configure:22491: result: yes
configure:22497: checking for waitpid
configure:22497: gcc -o conftest -g -O2   conftest.c  >&5
configure:22497: $? = 0
configure:22497: result: yes
configure:22503: checking for wait4
configure:22503: gcc -o conftest -g -O2   conftest.c  >&5
configure:22503: $? = 0
configure:22503: result: yes
configure:22510: checking for gettimeofday
configure:22510: gcc -o conftest -g -O2   conftest.c  >&5
configure:22510: $? = 0
configure:22510: result: yes
configure:22516: checking for getrusage
configure:22516: gcc -o conftest -g -O2   conftest.c  >&5
configure:22516: $? = 0
configure:22516: result: yes
configure:22522: checking for gethrtime
configure:22522: gcc -o conftest -g -O2   conftest.c  >&5
Undefined symbols for architecture arm64:
  "_gethrtime", referenced from:
      _main in conftest-b3e559.o
ld: symbol(s) not found for architecture arm64
clang: error: linker command failed with exit code 1 (use -v to see invocation)
configure:22522: $? = 1
configure: failed program was:
| /* confdefs.h */
| #define PACKAGE_NAME "libgcrypt"
| #define PACKAGE_TARNAME "libgcrypt"
| #define PACKAGE_VERSION "1.12.1-beta10"
| #define PACKAGE_STRING "libgcrypt 1.12.1-beta10"
| #define PACKAGE_BUGREPORT "https://bugs.gnupg.org"
| #define PACKAGE_URL ""
| #define PACKAGE "libgcrypt"
| #define VERSION "1.12.1-beta10"
| #define HAVE_STDIO_H 1
| #define HAVE_STDLIB_H 1
| #define HAVE_STRING_H 1
| #define HAVE_INTTYPES_H 1
| #define HAVE_STDINT_H 1
| #define HAVE_STRINGS_H 1
| #define HAVE_SYS_STAT_H 1
| #define HAVE_SYS_TYPES_H 1
| #define HAVE_UNISTD_H 1
| #define HAVE_WCHAR_H 1
| #define STDC_HEADERS 1
| #define _ALL_SOURCE 1
| #define _DARWIN_C_SOURCE 1
| #define _GNU_SOURCE 1
| #define _HPUX_ALT_XOPEN_SOCKET_API 1
| #define _NETBSD_SOURCE 1
| #define _OPENBSD_SOURCE 1
| #define _POSIX_PTHREAD_SEMANTICS 1
| #define __STDC_WANT_IEC_60559_ATTRIBS_EXT__ 1
| #define __STDC_WANT_IEC_60559_BFP_EXT__ 1
| #define __STDC_WANT_IEC_60559_DFP_EXT__ 1
| #define __STDC_WANT_IEC_60559_EXT__ 1
| #define __STDC_WANT_IEC_60559_FUNCS_EXT__ 1
| #define __STDC_WANT_IEC_60559_TYPES_EXT__ 1
| #define __STDC_WANT_LIB_EXT2__ 1
| #define __STDC_WANT_MATH_SPEC_FUNCS__ 1
| #define _TANDEM_SOURCE 1
| #define __EXTENSIONS__ 1
| #define HAVE_DLFCN_H 1
| #define LT_OBJDIR ".libs/"
| #define _DARWIN_C_SOURCE 1
| #define USE_POSIX_SPAWN_FOR_TESTS 1
| #define HAVE_SPAWN_H 1
| #define SIZEOF_UNSIGNED_SHORT 2
| #define SIZEOF_UNSIGNED_INT 4
| #define SIZEOF_UNSIGNED_LONG 8
| #define SIZEOF_UNSIGNED_LONG_LONG 8
| #define SIZEOF_UNSIGNED___INT128 16
| #define SIZEOF_VOID_P 8
| #define HAVE_UINTPTR_T 1
| #define SIZEOF_UINT64_T 8
| #define EGD_SOCKET_NAME ""
| #define FIPS_MODULE_VERSION ""
| #define PRINTABLE_OS_NAME "Darwin"
| #define NAME_OF_DEV_RANDOM "/dev/random"
| #define NAME_OF_DEV_URANDOM "/dev/urandom"
| #define GPG_ERR_SOURCE_DEFAULT GPG_ERR_SOURCE_GCRYPT
| #define HAVE_PTHREAD 1 
| #define HAVE_UNISTD_H 1
| #define HAVE_SYS_RANDOM_H 1
| #define HAVE_SYS_SYSCTL_H 1
| #define HAVE_USHORT 1
| #define HAVE_BUILTIN_BSWAP32 1
| #define HAVE_BUILTIN_BSWAP64 1
| #define HAVE_BUILTIN_CTZ 1
| #define HAVE_BUILTIN_CTZL 1
| #define HAVE_BUILTIN_CLZ 1
| #define HAVE_BUILTIN_CLZL 1
| #define HAVE_SYNC_SYNCHRONIZE 1
| #define HAVE_VLA 1
| #define HAVE_GCC_ATTRIBUTE_ALIGNED 1
| #define HAVE_GCC_ATTRIBUTE_PACKED 1
| #define HAVE_GCC_ATTRIBUTE_MAY_ALIAS 1
| #define HAVE_GCC_ASM_VOLATILE_MEMORY 1
| #define HAVE_GCC_ASM_CFI_DIRECTIVES 1
| #define WITH_SYMBOL_UNDERSCORE 1
| #define HAVE_GCC_ATTRIBUTE_MS_ABI 1
| #define HAVE_GCC_ATTRIBUTE_SYSV_ABI 1
| #define HAVE_GCC_DEFAULT_ABI_IS_SYSV_ABI 1
| #define HAVE_GCC_STORAGE_CLASS__THREAD 1
| #define HAVE_COMPATIBLE_CC_AARCH64_NEON_INTRINSICS 1
| #define HAVE_VPRINTF 1
| #define HAVE_STPCPY 1
| #define HAVE_STRCASECMP 1
| #define HAVE_STRTOUL 1
| #define HAVE_MEMMOVE 1
| #define HAVE_ATEXIT 1
| #define HAVE_RAISE 1
| #define HAVE_STRERROR 1
| #define HAVE_RAND 1
| #define HAVE_MMAP 1
| #define HAVE_GETPAGESIZE 1
| #define HAVE_SYSCONF 1
| #define HAVE_WAITPID 1
| #define HAVE_WAIT4 1
| #define HAVE_GETTIMEOFDAY 1
| #define HAVE_GETRUSAGE 1
| /* end confdefs.h.  */
| /* Define gethrtime to an innocuous variant, in case <limits.h> declares gethrtime.
|    For example, HP-UX 11i <limits.h> declares gettimeofday.  */
| #define gethrtime innocuous_gethrtime
| 
| /* System header to define __stub macros and hopefully few prototypes,
|    which can conflict with char gethrtime (void); below.  */
| 
| #include <limits.h>
| #undef gethrtime
| 
| /* Override any GCC internal prototype to avoid an error.
|    Use char because int might match the return type of a GCC
|    builtin and then its argument prototype would still apply.  */
| #ifdef __cplusplus
| extern "C"
| #endif
| char gethrtime (void);
| /* The GNU C library defines this for functions which it implements
|     to always fail with ENOSYS.  Some functions are actually named
|     something starting with __ and the normal name is an alias.  */
| #if defined __stub_gethrtime || defined __stub___gethrtime
| choke me
| #endif
| 
| int
| main (void)
| {
| return gethrtime ();
|   ;
|   return 0;
| }
configure:22522: result: no
configure:22528: checking for clock_gettime
configure:22528: gcc -o conftest -g -O2   conftest.c  >&5
configure:22528: $? = 0
configure:22528: result: yes
configure:22534: checking for syslog
configure:22534: gcc -o conftest -g -O2   conftest.c  >&5
configure:22534: $? = 0
configure:22534: result: yes
configure:22541: checking for syscall
configure:22541: gcc -o conftest -g -O2   conftest.c  >&5
configure:22541: $? = 0
configure:22541: result: yes
configure:22547: checking for fcntl
configure:22547: gcc -o conftest -g -O2   conftest.c  >&5
configure:22547: $? = 0
configure:22547: result: yes
configure:22553: checking for ftruncate
configure:22553: gcc -o conftest -g -O2   conftest.c  >&5
configure:22553: $? = 0
configure:22553: result: yes
configure:22559: checking for flockfile
configure:22559: gcc -o conftest -g -O2   conftest.c  >&5
configure:22559: $? = 0
configure:22559: result: yes
configure:22565: checking for getauxval
configure:22565: gcc -o conftest -g -O2   conftest.c  >&5
Undefined symbols for architecture arm64:
  "_getauxval", referenced from:
      _main in conftest-fdd971.o
ld: symbol(s) not found for architecture arm64
clang: error: linker command failed with exit code 1 (use -v to see invocation)
configure:22565: $? = 1
configure: failed program was:
| /* confdefs.h */
| #define PACKAGE_NAME "libgcrypt"
| #define PACKAGE_TARNAME "libgcrypt"
| #define PACKAGE_VERSION "1.12.1-beta10"
| #define PACKAGE_STRING "libgcrypt 1.12.1-beta10"
| #define PACKAGE_BUGREPORT "https://bugs.gnupg.org"
| #define PACKAGE_URL ""
| #define PACKAGE "libgcrypt"
| #define VERSION "1.12.1-beta10"
| #define HAVE_STDIO_H 1
| #define HAVE_STDLIB_H 1
| #define HAVE_STRING_H 1
| #define HAVE_INTTYPES_H 1
| #define HAVE_STDINT_H 1
| #define HAVE_STRINGS_H 1
| #define HAVE_SYS_STAT_H 1
| #define HAVE_SYS_TYPES_H 1
| #define HAVE_UNISTD_H 1
| #define HAVE_WCHAR_H 1
| #define STDC_HEADERS 1
| #define _ALL_SOURCE 1
| #define _DARWIN_C_SOURCE 1
| #define _GNU_SOURCE 1
| #define _HPUX_ALT_XOPEN_SOCKET_API 1
| #define _NETBSD_SOURCE 1
| #define _OPENBSD_SOURCE 1
| #define _POSIX_PTHREAD_SEMANTICS 1
| #define __STDC_WANT_IEC_60559_ATTRIBS_EXT__ 1
| #define __STDC_WANT_IEC_60559_BFP_EXT__ 1
| #define __STDC_WANT_IEC_60559_DFP_EXT__ 1
| #define __STDC_WANT_IEC_60559_EXT__ 1
| #define __STDC_WANT_IEC_60559_FUNCS_EXT__ 1
| #define __STDC_WANT_IEC_60559_TYPES_EXT__ 1
| #define __STDC_WANT_LIB_EXT2__ 1
| #define __STDC_WANT_MATH_SPEC_FUNCS__ 1
| #define _TANDEM_SOURCE 1
| #define __EXTENSIONS__ 1
| #define HAVE_DLFCN_H 1
| #define LT_OBJDIR ".libs/"
| #define _DARWIN_C_SOURCE 1
| #define USE_POSIX_SPAWN_FOR_TESTS 1
| #define HAVE_SPAWN_H 1
| #define SIZEOF_UNSIGNED_SHORT 2
| #define SIZEOF_UNSIGNED_INT 4
| #define SIZEOF_UNSIGNED_LONG 8
| #define SIZEOF_UNSIGNED_LONG_LONG 8
| #define SIZEOF_UNSIGNED___INT128 16
| #define SIZEOF_VOID_P 8
| #define HAVE_UINTPTR_T 1
| #define SIZEOF_UINT64_T 8
| #define EGD_SOCKET_NAME ""
| #define FIPS_MODULE_VERSION ""
| #define PRINTABLE_OS_NAME "Darwin"
| #define NAME_OF_DEV_RANDOM "/dev/random"
| #define NAME_OF_DEV_URANDOM "/dev/urandom"
| #define GPG_ERR_SOURCE_DEFAULT GPG_ERR_SOURCE_GCRYPT
| #define HAVE_PTHREAD 1 
| #define HAVE_UNISTD_H 1
| #define HAVE_SYS_RANDOM_H 1
| #define HAVE_SYS_SYSCTL_H 1
| #define HAVE_USHORT 1
| #define HAVE_BUILTIN_BSWAP32 1
| #define HAVE_BUILTIN_BSWAP64 1
| #define HAVE_BUILTIN_CTZ 1
| #define HAVE_BUILTIN_CTZL 1
| #define HAVE_BUILTIN_CLZ 1
| #define HAVE_BUILTIN_CLZL 1
| #define HAVE_SYNC_SYNCHRONIZE 1
| #define HAVE_VLA 1
| #define HAVE_GCC_ATTRIBUTE_ALIGNED 1
| #define HAVE_GCC_ATTRIBUTE_PACKED 1
| #define HAVE_GCC_ATTRIBUTE_MAY_ALIAS 1
| #define HAVE_GCC_ASM_VOLATILE_MEMORY 1
| #define HAVE_GCC_ASM_CFI_DIRECTIVES 1
| #define WITH_SYMBOL_UNDERSCORE 1
| #define HAVE_GCC_ATTRIBUTE_MS_ABI 1
| #define HAVE_GCC_ATTRIBUTE_SYSV_ABI 1
| #define HAVE_GCC_DEFAULT_ABI_IS_SYSV_ABI 1
| #define HAVE_GCC_STORAGE_CLASS__THREAD 1
| #define HAVE_COMPATIBLE_CC_AARCH64_NEON_INTRINSICS 1
| #define HAVE_VPRINTF 1
| #define HAVE_STPCPY 1
| #define HAVE_STRCASECMP 1
| #define HAVE_STRTOUL 1
| #define HAVE_MEMMOVE 1
| #define HAVE_ATEXIT 1
| #define HAVE_RAISE 1
| #define HAVE_STRERROR 1
| #define HAVE_RAND 1
| #define HAVE_MMAP 1
| #define HAVE_GETPAGESIZE 1
| #define HAVE_SYSCONF 1
| #define HAVE_WAITPID 1
| #define HAVE_WAIT4 1
| #define HAVE_GETTIMEOFDAY 1
| #define HAVE_GETRUSAGE 1
| #define HAVE_CLOCK_GETTIME 1
| #define HAVE_SYSLOG 1
| #define HAVE_SYSCALL 1
| #define HAVE_FCNTL 1
| #define HAVE_FTRUNCATE 1
| #define HAVE_FLOCKFILE 1
| /* end confdefs.h.  */
| /* Define getauxval to an innocuous variant, in case <limits.h> declares getauxval.
|    For example, HP-UX 11i <limits.h> declares gettimeofday.  */
| #define getauxval innocuous_getauxval
| 
| /* System header to define __stub macros and hopefully few prototypes,
|    which can conflict with char getauxval (void); below.  */
| 
| #include <limits.h>
| #undef getauxval
| 
| /* Override any GCC internal prototype to avoid an error.
|    Use char because int might match the return type of a GCC
|    builtin and then its argument prototype would still apply.  */
| #ifdef __cplusplus
| extern "C"
| #endif
| char getauxval (void);
| /* The GNU C library defines this for functions which it implements
|     to always fail with ENOSYS.  Some functions are actually named
|     something starting with __ and the normal name is an alias.  */
| #if defined __stub_getauxval || defined __stub___getauxval
| choke me
| #endif
| 
| int
| main (void)
| {
| return getauxval ();
|   ;
|   return 0;
| }
configure:22565: result: no
configure:22571: checking for elf_aux_info
configure:22571: gcc -o conftest -g -O2   conftest.c  >&5
Undefined symbols for architecture arm64:
  "_elf_aux_info", referenced from:
      _main in conftest-152ac8.o
ld: symbol(s) not found for architecture arm64
clang: error: linker command failed with exit code 1 (use -v to see invocation)
configure:22571: $? = 1
configure: failed program was:
| /* confdefs.h */
| #define PACKAGE_NAME "libgcrypt"
| #define PACKAGE_TARNAME "libgcrypt"
| #define PACKAGE_VERSION "1.12.1-beta10"
| #define PACKAGE_STRING "libgcrypt 1.12.1-beta10"
| #define PACKAGE_BUGREPORT "https://bugs.gnupg.org"
| #define PACKAGE_URL ""
| #define PACKAGE "libgcrypt"
| #define VERSION "1.12.1-beta10"
| #define HAVE_STDIO_H 1
| #define HAVE_STDLIB_H 1
| #define HAVE_STRING_H 1
| #define HAVE_INTTYPES_H 1
| #define HAVE_STDINT_H 1
| #define HAVE_STRINGS_H 1
| #define HAVE_SYS_STAT_H 1
| #define HAVE_SYS_TYPES_H 1
| #define HAVE_UNISTD_H 1
| #define HAVE_WCHAR_H 1
| #define STDC_HEADERS 1
| #define _ALL_SOURCE 1
| #define _DARWIN_C_SOURCE 1
| #define _GNU_SOURCE 1
| #define _HPUX_ALT_XOPEN_SOCKET_API 1
| #define _NETBSD_SOURCE 1
| #define _OPENBSD_SOURCE 1
| #define _POSIX_PTHREAD_SEMANTICS 1
| #define __STDC_WANT_IEC_60559_ATTRIBS_EXT__ 1
| #define __STDC_WANT_IEC_60559_BFP_EXT__ 1
| #define __STDC_WANT_IEC_60559_DFP_EXT__ 1
| #define __STDC_WANT_IEC_60559_EXT__ 1
| #define __STDC_WANT_IEC_60559_FUNCS_EXT__ 1
| #define __STDC_WANT_IEC_60559_TYPES_EXT__ 1
| #define __STDC_WANT_LIB_EXT2__ 1
| #define __STDC_WANT_MATH_SPEC_FUNCS__ 1
| #define _TANDEM_SOURCE 1
| #define __EXTENSIONS__ 1
| #define HAVE_DLFCN_H 1
| #define LT_OBJDIR ".libs/"
| #define _DARWIN_C_SOURCE 1
| #define USE_POSIX_SPAWN_FOR_TESTS 1
| #define HAVE_SPAWN_H 1
| #define SIZEOF_UNSIGNED_SHORT 2
| #define SIZEOF_UNSIGNED_INT 4
| #define SIZEOF_UNSIGNED_LONG 8
| #define SIZEOF_UNSIGNED_LONG_LONG 8
| #define SIZEOF_UNSIGNED___INT128 16
| #define SIZEOF_VOID_P 8
| #define HAVE_UINTPTR_T 1
| #define SIZEOF_UINT64_T 8
| #define EGD_SOCKET_NAME ""
| #define FIPS_MODULE_VERSION ""
| #define PRINTABLE_OS_NAME "Darwin"
| #define NAME_OF_DEV_RANDOM "/dev/random"
| #define NAME_OF_DEV_URANDOM "/dev/urandom"
| #define GPG_ERR_SOURCE_DEFAULT GPG_ERR_SOURCE_GCRYPT
| #define HAVE_PTHREAD 1 
| #define HAVE_UNISTD_H 1
| #define HAVE_SYS_RANDOM_H 1
| #define HAVE_SYS_SYSCTL_H 1
| #define HAVE_USHORT 1
| #define HAVE_BUILTIN_BSWAP32 1
| #define HAVE_BUILTIN_BSWAP64 1
| #define HAVE_BUILTIN_CTZ 1
| #define HAVE_BUILTIN_CTZL 1
| #define HAVE_BUILTIN_CLZ 1
| #define HAVE_BUILTIN_CLZL 1
| #define HAVE_SYNC_SYNCHRONIZE 1
| #define HAVE_VLA 1
| #define HAVE_GCC_ATTRIBUTE_ALIGNED 1
| #define HAVE_GCC_ATTRIBUTE_PACKED 1
| #define HAVE_GCC_ATTRIBUTE_MAY_ALIAS 1
| #define HAVE_GCC_ASM_VOLATILE_MEMORY 1
| #define HAVE_GCC_ASM_CFI_DIRECTIVES 1
| #define WITH_SYMBOL_UNDERSCORE 1
| #define HAVE_GCC_ATTRIBUTE_MS_ABI 1
| #define HAVE_GCC_ATTRIBUTE_SYSV_ABI 1
| #define HAVE_GCC_DEFAULT_ABI_IS_SYSV_ABI 1
| #define HAVE_GCC_STORAGE_CLASS__THREAD 1
| #define HAVE_COMPATIBLE_CC_AARCH64_NEON_INTRINSICS 1
| #define HAVE_VPRINTF 1
| #define HAVE_STPCPY 1
| #define HAVE_STRCASECMP 1
| #define HAVE_STRTOUL 1
| #define HAVE_MEMMOVE 1
| #define HAVE_ATEXIT 1
| #define HAVE_RAISE 1
| #define HAVE_STRERROR 1
| #define HAVE_RAND 1
| #define HAVE_MMAP 1
| #define HAVE_GETPAGESIZE 1
| #define HAVE_SYSCONF 1
| #define HAVE_WAITPID 1
| #define HAVE_WAIT4 1
| #define HAVE_GETTIMEOFDAY 1
| #define HAVE_GETRUSAGE 1
| #define HAVE_CLOCK_GETTIME 1
| #define HAVE_SYSLOG 1
| #define HAVE_SYSCALL 1
| #define HAVE_FCNTL 1
| #define HAVE_FTRUNCATE 1
| #define HAVE_FLOCKFILE 1
| /* end confdefs.h.  */
| /* Define elf_aux_info to an innocuous variant, in case <limits.h> declares elf_aux_info.
|    For example, HP-UX 11i <limits.h> declares gettimeofday.  */
| #define elf_aux_info innocuous_elf_aux_info
| 
| /* System header to define __stub macros and hopefully few prototypes,
|    which can conflict with char elf_aux_info (void); below.  */
| 
| #include <limits.h>
| #undef elf_aux_info
| 
| /* Override any GCC internal prototype to avoid an error.
|    Use char because int might match the return type of a GCC
|    builtin and then its argument prototype would still apply.  */
| #ifdef __cplusplus
| extern "C"
| #endif
| char elf_aux_info (void);
| /* The GNU C library defines this for functions which it implements
|     to always fail with ENOSYS.  Some functions are actually named
|     something starting with __ and the normal name is an alias.  */
| #if defined __stub_elf_aux_info || defined __stub___elf_aux_info
| choke me
| #endif
| 
| int
| main (void)
| {
| return elf_aux_info ();
|   ;
|   return 0;
| }
configure:22571: result: no
configure:22578: checking for explicit_bzero
configure:22578: gcc -o conftest -g -O2   conftest.c  >&5
Undefined symbols for architecture arm64:
  "_explicit_bzero", referenced from:
      _main in conftest-a5fd9a.o
ld: symbol(s) not found for architecture arm64
clang: error: linker command failed with exit code 1 (use -v to see invocation)
configure:22578: $? = 1
configure: failed program was:
| /* confdefs.h */
| #define PACKAGE_NAME "libgcrypt"
| #define PACKAGE_TARNAME "libgcrypt"
| #define PACKAGE_VERSION "1.12.1-beta10"
| #define PACKAGE_STRING "libgcrypt 1.12.1-beta10"
| #define PACKAGE_BUGREPORT "https://bugs.gnupg.org"
| #define PACKAGE_URL ""
| #define PACKAGE "libgcrypt"
| #define VERSION "1.12.1-beta10"
| #define HAVE_STDIO_H 1
| #define HAVE_STDLIB_H 1
| #define HAVE_STRING_H 1
| #define HAVE_INTTYPES_H 1
| #define HAVE_STDINT_H 1
| #define HAVE_STRINGS_H 1
| #define HAVE_SYS_STAT_H 1
| #define HAVE_SYS_TYPES_H 1
| #define HAVE_UNISTD_H 1
| #define HAVE_WCHAR_H 1
| #define STDC_HEADERS 1
| #define _ALL_SOURCE 1
| #define _DARWIN_C_SOURCE 1
| #define _GNU_SOURCE 1
| #define _HPUX_ALT_XOPEN_SOCKET_API 1
| #define _NETBSD_SOURCE 1
| #define _OPENBSD_SOURCE 1
| #define _POSIX_PTHREAD_SEMANTICS 1
| #define __STDC_WANT_IEC_60559_ATTRIBS_EXT__ 1
| #define __STDC_WANT_IEC_60559_BFP_EXT__ 1
| #define __STDC_WANT_IEC_60559_DFP_EXT__ 1
| #define __STDC_WANT_IEC_60559_EXT__ 1
| #define __STDC_WANT_IEC_60559_FUNCS_EXT__ 1
| #define __STDC_WANT_IEC_60559_TYPES_EXT__ 1
| #define __STDC_WANT_LIB_EXT2__ 1
| #define __STDC_WANT_MATH_SPEC_FUNCS__ 1
| #define _TANDEM_SOURCE 1
| #define __EXTENSIONS__ 1
| #define HAVE_DLFCN_H 1
| #define LT_OBJDIR ".libs/"
| #define _DARWIN_C_SOURCE 1
| #define USE_POSIX_SPAWN_FOR_TESTS 1
| #define HAVE_SPAWN_H 1
| #define SIZEOF_UNSIGNED_SHORT 2
| #define SIZEOF_UNSIGNED_INT 4
| #define SIZEOF_UNSIGNED_LONG 8
| #define SIZEOF_UNSIGNED_LONG_LONG 8
| #define SIZEOF_UNSIGNED___INT128 16
| #define SIZEOF_VOID_P 8
| #define HAVE_UINTPTR_T 1
| #define SIZEOF_UINT64_T 8
| #define EGD_SOCKET_NAME ""
| #define FIPS_MODULE_VERSION ""
| #define PRINTABLE_OS_NAME "Darwin"
| #define NAME_OF_DEV_RANDOM "/dev/random"
| #define NAME_OF_DEV_URANDOM "/dev/urandom"
| #define GPG_ERR_SOURCE_DEFAULT GPG_ERR_SOURCE_GCRYPT
| #define HAVE_PTHREAD 1 
| #define HAVE_UNISTD_H 1
| #define HAVE_SYS_RANDOM_H 1
| #define HAVE_SYS_SYSCTL_H 1
| #define HAVE_USHORT 1
| #define HAVE_BUILTIN_BSWAP32 1
| #define HAVE_BUILTIN_BSWAP64 1
| #define HAVE_BUILTIN_CTZ 1
| #define HAVE_BUILTIN_CTZL 1
| #define HAVE_BUILTIN_CLZ 1
| #define HAVE_BUILTIN_CLZL 1
| #define HAVE_SYNC_SYNCHRONIZE 1
| #define HAVE_VLA 1
| #define HAVE_GCC_ATTRIBUTE_ALIGNED 1
| #define HAVE_GCC_ATTRIBUTE_PACKED 1
| #define HAVE_GCC_ATTRIBUTE_MAY_ALIAS 1
| #define HAVE_GCC_ASM_VOLATILE_MEMORY 1
| #define HAVE_GCC_ASM_CFI_DIRECTIVES 1
| #define WITH_SYMBOL_UNDERSCORE 1
| #define HAVE_GCC_ATTRIBUTE_MS_ABI 1
| #define HAVE_GCC_ATTRIBUTE_SYSV_ABI 1
| #define HAVE_GCC_DEFAULT_ABI_IS_SYSV_ABI 1
| #define HAVE_GCC_STORAGE_CLASS__THREAD 1
| #define HAVE_COMPATIBLE_CC_AARCH64_NEON_INTRINSICS 1
| #define HAVE_VPRINTF 1
| #define HAVE_STPCPY 1
| #define HAVE_STRCASECMP 1
| #define HAVE_STRTOUL 1
| #define HAVE_MEMMOVE 1
| #define HAVE_ATEXIT 1
| #define HAVE_RAISE 1
| #define HAVE_STRERROR 1
| #define HAVE_RAND 1
| #define HAVE_MMAP 1
| #define HAVE_GETPAGESIZE 1
| #define HAVE_SYSCONF 1
| #define HAVE_WAITPID 1
| #define HAVE_WAIT4 1
| #define HAVE_GETTIMEOFDAY 1
| #define HAVE_GETRUSAGE 1
| #define HAVE_CLOCK_GETTIME 1
| #define HAVE_SYSLOG 1
| #define HAVE_SYSCALL 1
| #define HAVE_FCNTL 1
| #define HAVE_FTRUNCATE 1
| #define HAVE_FLOCKFILE 1
| /* end confdefs.h.  */
| /* Define explicit_bzero to an innocuous variant, in case <limits.h> declares explicit_bzero.
|    For example, HP-UX 11i <limits.h> declares gettimeofday.  */
| #define explicit_bzero innocuous_explicit_bzero
| 
| /* System header to define __stub macros and hopefully few prototypes,
|    which can conflict with char explicit_bzero (void); below.  */
| 
| #include <limits.h>
| #undef explicit_bzero
| 
| /* Override any GCC internal prototype to avoid an error.
|    Use char because int might match the return type of a GCC
|    builtin and then its argument prototype would still apply.  */
| #ifdef __cplusplus
| extern "C"
| #endif
| char explicit_bzero (void);
| /* The GNU C library defines this for functions which it implements
|     to always fail with ENOSYS.  Some functions are actually named
|     something starting with __ and the normal name is an alias.  */
| #if defined __stub_explicit_bzero || defined __stub___explicit_bzero
| choke me
| #endif
| 
| int
| main (void)
| {
| return explicit_bzero ();
|   ;
|   return 0;
| }
configure:22578: result: no
configure:22584: checking for explicit_memset
configure:22584: gcc -o conftest -g -O2   conftest.c  >&5
Undefined symbols for architecture arm64:
  "_explicit_memset", referenced from:
      _main in conftest-94e0ce.o
ld: symbol(s) not found for architecture arm64
clang: error: linker command failed with exit code 1 (use -v to see invocation)
configure:22584: $? = 1
configure: failed program was:
| /* confdefs.h */
| #define PACKAGE_NAME "libgcrypt"
| #define PACKAGE_TARNAME "libgcrypt"
| #define PACKAGE_VERSION "1.12.1-beta10"
| #define PACKAGE_STRING "libgcrypt 1.12.1-beta10"
| #define PACKAGE_BUGREPORT "https://bugs.gnupg.org"
| #define PACKAGE_URL ""
| #define PACKAGE "libgcrypt"
| #define VERSION "1.12.1-beta10"
| #define HAVE_STDIO_H 1
| #define HAVE_STDLIB_H 1
| #define HAVE_STRING_H 1
| #define HAVE_INTTYPES_H 1
| #define HAVE_STDINT_H 1
| #define HAVE_STRINGS_H 1
| #define HAVE_SYS_STAT_H 1
| #define HAVE_SYS_TYPES_H 1
| #define HAVE_UNISTD_H 1
| #define HAVE_WCHAR_H 1
| #define STDC_HEADERS 1
| #define _ALL_SOURCE 1
| #define _DARWIN_C_SOURCE 1
| #define _GNU_SOURCE 1
| #define _HPUX_ALT_XOPEN_SOCKET_API 1
| #define _NETBSD_SOURCE 1
| #define _OPENBSD_SOURCE 1
| #define _POSIX_PTHREAD_SEMANTICS 1
| #define __STDC_WANT_IEC_60559_ATTRIBS_EXT__ 1
| #define __STDC_WANT_IEC_60559_BFP_EXT__ 1
| #define __STDC_WANT_IEC_60559_DFP_EXT__ 1
| #define __STDC_WANT_IEC_60559_EXT__ 1
| #define __STDC_WANT_IEC_60559_FUNCS_EXT__ 1
| #define __STDC_WANT_IEC_60559_TYPES_EXT__ 1
| #define __STDC_WANT_LIB_EXT2__ 1
| #define __STDC_WANT_MATH_SPEC_FUNCS__ 1
| #define _TANDEM_SOURCE 1
| #define __EXTENSIONS__ 1
| #define HAVE_DLFCN_H 1
| #define LT_OBJDIR ".libs/"
| #define _DARWIN_C_SOURCE 1
| #define USE_POSIX_SPAWN_FOR_TESTS 1
| #define HAVE_SPAWN_H 1
| #define SIZEOF_UNSIGNED_SHORT 2
| #define SIZEOF_UNSIGNED_INT 4
| #define SIZEOF_UNSIGNED_LONG 8
| #define SIZEOF_UNSIGNED_LONG_LONG 8
| #define SIZEOF_UNSIGNED___INT128 16
| #define SIZEOF_VOID_P 8
| #define HAVE_UINTPTR_T 1
| #define SIZEOF_UINT64_T 8
| #define EGD_SOCKET_NAME ""
| #define FIPS_MODULE_VERSION ""
| #define PRINTABLE_OS_NAME "Darwin"
| #define NAME_OF_DEV_RANDOM "/dev/random"
| #define NAME_OF_DEV_URANDOM "/dev/urandom"
| #define GPG_ERR_SOURCE_DEFAULT GPG_ERR_SOURCE_GCRYPT
| #define HAVE_PTHREAD 1 
| #define HAVE_UNISTD_H 1
| #define HAVE_SYS_RANDOM_H 1
| #define HAVE_SYS_SYSCTL_H 1
| #define HAVE_USHORT 1
| #define HAVE_BUILTIN_BSWAP32 1
| #define HAVE_BUILTIN_BSWAP64 1
| #define HAVE_BUILTIN_CTZ 1
| #define HAVE_BUILTIN_CTZL 1
| #define HAVE_BUILTIN_CLZ 1
| #define HAVE_BUILTIN_CLZL 1
| #define HAVE_SYNC_SYNCHRONIZE 1
| #define HAVE_VLA 1
| #define HAVE_GCC_ATTRIBUTE_ALIGNED 1
| #define HAVE_GCC_ATTRIBUTE_PACKED 1
| #define HAVE_GCC_ATTRIBUTE_MAY_ALIAS 1
| #define HAVE_GCC_ASM_VOLATILE_MEMORY 1
| #define HAVE_GCC_ASM_CFI_DIRECTIVES 1
| #define WITH_SYMBOL_UNDERSCORE 1
| #define HAVE_GCC_ATTRIBUTE_MS_ABI 1
| #define HAVE_GCC_ATTRIBUTE_SYSV_ABI 1
| #define HAVE_GCC_DEFAULT_ABI_IS_SYSV_ABI 1
| #define HAVE_GCC_STORAGE_CLASS__THREAD 1
| #define HAVE_COMPATIBLE_CC_AARCH64_NEON_INTRINSICS 1
| #define HAVE_VPRINTF 1
| #define HAVE_STPCPY 1
| #define HAVE_STRCASECMP 1
| #define HAVE_STRTOUL 1
| #define HAVE_MEMMOVE 1
| #define HAVE_ATEXIT 1
| #define HAVE_RAISE 1
| #define HAVE_STRERROR 1
| #define HAVE_RAND 1
| #define HAVE_MMAP 1
| #define HAVE_GETPAGESIZE 1
| #define HAVE_SYSCONF 1
| #define HAVE_WAITPID 1
| #define HAVE_WAIT4 1
| #define HAVE_GETTIMEOFDAY 1
| #define HAVE_GETRUSAGE 1
| #define HAVE_CLOCK_GETTIME 1
| #define HAVE_SYSLOG 1
| #define HAVE_SYSCALL 1
| #define HAVE_FCNTL 1
| #define HAVE_FTRUNCATE 1
| #define HAVE_FLOCKFILE 1
| /* end confdefs.h.  */
| /* Define explicit_memset to an innocuous variant, in case <limits.h> declares explicit_memset.
|    For example, HP-UX 11i <limits.h> declares gettimeofday.  */
| #define explicit_memset innocuous_explicit_memset
| 
| /* System header to define __stub macros and hopefully few prototypes,
|    which can conflict with char explicit_memset (void); below.  */
| 
| #include <limits.h>
| #undef explicit_memset
| 
| /* Override any GCC internal prototype to avoid an error.
|    Use char because int might match the return type of a GCC
|    builtin and then its argument prototype would still apply.  */
| #ifdef __cplusplus
| extern "C"
| #endif
| char explicit_memset (void);
| /* The GNU C library defines this for functions which it implements
|     to always fail with ENOSYS.  Some functions are actually named
|     something starting with __ and the normal name is an alias.  */
| #if defined __stub_explicit_memset || defined __stub___explicit_memset
| choke me
| #endif
| 
| int
| main (void)
| {
| return explicit_memset ();
|   ;
|   return 0;
| }
configure:22584: result: no
configure:22590: checking for getentropy
configure:22590: gcc -o conftest -g -O2   conftest.c  >&5
configure:22590: $? = 0
configure:22590: result: yes
configure:22596: checking for sysctlbyname
configure:22596: gcc -o conftest -g -O2   conftest.c  >&5
configure:22596: $? = 0
configure:22596: result: yes
configure:22604: checking for mlock
configure:22604: gcc -o conftest -g -O2   conftest.c  >&5
configure:22604: $? = 0
configure:22604: result: yes
configure:22728: checking for sysconf
configure:22728: result: yes
configure:22734: checking for getpagesize
configure:22734: result: yes
configure:22741: checking whether mlock is broken
configure:22792: gcc -o conftest -g -O2   conftest.c  >&5
configure:22792: $? = 0
configure:22792: ./conftest
configure:22792: $? = 0
configure:22816: result: no
configure:23001: checking for random device
configure:23011: result: yes
configure:23088: checking for cc features
configure:23092: checking if gcc supports -fno-delete-null-pointer-checks
configure:23107: gcc -c -fno-delete-null-pointer-checks  conftest.c >&5
configure:23107: $? = 0
configure:23115: result: yes
configure:23201: checking whether non excutable stack support is requested
configure:23212: result: yes
configure:23215: checking whether assembler supports --noexecstack option
configure:23226: gcc -g -O2 -fno-delete-null-pointer-checks -Wall 
                     -S -o conftest.s conftest.c >/dev/null
configure:23229: $? = 0
configure:23247: result: no
configure:25057: checking that generated files are newer than configure
configure:25063: result: done
configure:25263: creating ./config.status

## ---------------------- ##
## Running config.status. ##
## ---------------------- ##

This file was extended by libgcrypt config.status 1.12.1-beta10, which was
generated by GNU Autoconf 2.72.  Invocation command line was

  CONFIG_FILES    = 
  CONFIG_HEADERS  = 
  CONFIG_LINKS    = 
  CONFIG_COMMANDS = 
  $ ./config.status 

on MacBook-Pro-van-Andy-9.local

config.status:1429: creating Makefile
config.status:1429: creating m4/Makefile
config.status:1429: creating compat/Makefile
config.status:1429: creating mpi/Makefile
config.status:1429: creating cipher/Makefile
config.status:1429: creating random/Makefile
config.status:1429: creating doc/Makefile
config.status:1429: creating src/Makefile
config.status:1429: creating src/gcrypt.h
config.status:1429: creating src/libgcrypt-config
config.status:1429: creating src/libgcrypt.pc
config.status:1429: creating src/versioninfo.rc
config.status:1429: creating tests/Makefile
config.status:1429: creating tests/hashtest-6g
config.status:1429: creating tests/hashtest-256g
config.status:1429: creating tests/basic-disable-all-hwf
config.status:1429: creating config.h
config.status:1670: linking mpi/aarch64/mpih-add1.S to mpi/mpih-add1-asm.S
config.status:1670: linking mpi/aarch64/mpih-sub1.S to mpi/mpih-sub1-asm.S
config.status:1670: linking mpi/aarch64/mpih-mul1.S to mpi/mpih-mul1-asm.S
config.status:1670: linking mpi/aarch64/mpih-mul2.S to mpi/mpih-mul2-asm.S
config.status:1670: linking mpi/aarch64/mpih-mul3.S to mpi/mpih-mul3-asm.S
config.status:1670: linking mpi/generic/mpih-lshift.c to mpi/mpih-lshift.c
config.status:1670: linking mpi/generic/mpih-rshift.c to mpi/mpih-rshift.c
config.status:1670: linking mpi/aarch64/mpi-asm-defs.h to mpi/mpi-asm-defs.h
config.status:1689: executing depfiles commands
config.status:1766: cd compat       && sed -e '/# am--include-marker/d' Makefile         | make -f - am--depfiles
config.status:1771: $? = 0
config.status:1766: cd mpi       && sed -e '/# am--include-marker/d' Makefile         | make -f - am--depfiles
config.status:1771: $? = 0
config.status:1766: cd cipher       && sed -e '/# am--include-marker/d' Makefile         | make -f - am--depfiles
config.status:1771: $? = 0
config.status:1766: cd random       && sed -e '/# am--include-marker/d' Makefile         | make -f - am--depfiles
config.status:1771: $? = 0
config.status:1766: cd src       && sed -e '/# am--include-marker/d' Makefile         | make -f - am--depfiles
config.status:1771: $? = 0
config.status:1766: cd tests       && sed -e '/# am--include-marker/d' Makefile         | make -f - am--depfiles
config.status:1771: $? = 0
config.status:1689: executing libtool commands
config.status:1689: executing gcrypt-conf commands

## ---------------- ##
## Cache variables. ##
## ---------------- ##

ac_cv_build=aarch64-apple-darwin25.2.0
ac_cv_c_bigendian=no
ac_cv_c_compiler_gnu=yes
ac_cv_c_const=yes
ac_cv_c_inline=inline
ac_cv_env_CCASFLAGS_set=
ac_cv_env_CCASFLAGS_value=
ac_cv_env_CCAS_set=
ac_cv_env_CCAS_value=
ac_cv_env_CC_set=
ac_cv_env_CC_value=
ac_cv_env_CFLAGS_set=
ac_cv_env_CFLAGS_value=
ac_cv_env_CPPFLAGS_set=
ac_cv_env_CPPFLAGS_value=
ac_cv_env_CPP_set=
ac_cv_env_CPP_value=
ac_cv_env_LDFLAGS_set=
ac_cv_env_LDFLAGS_value=
ac_cv_env_LIBS_set=
ac_cv_env_LIBS_value=
ac_cv_env_LT_SYS_LIBRARY_PATH_set=
ac_cv_env_LT_SYS_LIBRARY_PATH_value=
ac_cv_env_SYSROOT_set=
ac_cv_env_SYSROOT_value=
ac_cv_env_build_alias_set=
ac_cv_env_build_alias_value=
ac_cv_env_host_alias_set=
ac_cv_env_host_alias_value=
ac_cv_env_target_alias_set=
ac_cv_env_target_alias_value=
ac_cv_func_atexit=yes
ac_cv_func_clock_gettime=yes
ac_cv_func_elf_aux_info=no
ac_cv_func_explicit_bzero=no
ac_cv_func_explicit_memset=no
ac_cv_func_fcntl=yes
ac_cv_func_flockfile=yes
ac_cv_func_ftruncate=yes
ac_cv_func_getauxval=no
ac_cv_func_getentropy=yes
ac_cv_func_gethrtime=no
ac_cv_func_getpagesize=yes
ac_cv_func_getrusage=yes
ac_cv_func_gettimeofday=yes
ac_cv_func_memmove=yes
ac_cv_func_mlock=yes
ac_cv_func_mmap=yes
ac_cv_func_raise=yes
ac_cv_func_rand=yes
ac_cv_func_stpcpy=yes
ac_cv_func_strcasecmp=yes
ac_cv_func_strerror=yes
ac_cv_func_stricmp=no
ac_cv_func_strtoul=yes
ac_cv_func_syscall=yes
ac_cv_func_sysconf=yes
ac_cv_func_sysctlbyname=yes
ac_cv_func_syslog=yes
ac_cv_func_vprintf=yes
ac_cv_func_wait4=yes
ac_cv_func_waitpid=yes
ac_cv_have_dev_random=yes
ac_cv_header_dlfcn_h=yes
ac_cv_header_inttypes_h=yes
ac_cv_header_minix_config_h=no
ac_cv_header_spawn_h=yes
ac_cv_header_stdint_h=yes
ac_cv_header_stdio_h=yes
ac_cv_header_stdlib_h=yes
ac_cv_header_string_h=yes
ac_cv_header_strings_h=yes
ac_cv_header_sys_auxv_h=no
ac_cv_header_sys_random_h=yes
ac_cv_header_sys_stat_h=yes
ac_cv_header_sys_sysctl_h=yes
ac_cv_header_sys_types_h=yes
ac_cv_header_unistd_h=yes
ac_cv_header_wchar_h=yes
ac_cv_host=aarch64-apple-darwin25.2.0
ac_cv_lib_pthread_pthread_create=yes
ac_cv_mpi_sflags=
ac_cv_objext=o
ac_cv_path_EGREP='/usr/bin/grep -E'
ac_cv_path_EGREP_TRADITIONAL='/usr/bin/grep -E'
ac_cv_path_FGREP='/usr/bin/grep -F'
ac_cv_path_GPGRT_CONFIG=/usr/local/bin/gpgrt-config
ac_cv_path_GPG_ERROR_CONFIG=no
ac_cv_path_GREP=/usr/bin/grep
ac_cv_path_SED=/usr/bin/sed
ac_cv_path_install='/usr/bin/install -c'
ac_cv_path_lt_DD=/bin/dd
ac_cv_prog_AWK=gawk
ac_cv_prog_CPP='gcc -E'
ac_cv_prog_ac_ct_AR=ar
ac_cv_prog_ac_ct_CC=gcc
ac_cv_prog_ac_ct_DSYMUTIL=dsymutil
ac_cv_prog_ac_ct_FILECMD=file
ac_cv_prog_ac_ct_LIPO=lipo
ac_cv_prog_ac_ct_NMEDIT=nmedit
ac_cv_prog_ac_ct_OBJDUMP=objdump
ac_cv_prog_ac_ct_OTOOL=otool
ac_cv_prog_ac_ct_RANLIB=ranlib
ac_cv_prog_ac_ct_RC=windres
ac_cv_prog_ac_ct_STRIP=strip
ac_cv_prog_cc_c11=
ac_cv_prog_cc_g=yes
ac_cv_prog_cc_stdc=
ac_cv_prog_make_make_set=yes
ac_cv_safe_to_define___extensions__=yes
ac_cv_search_setsockopt='none required'
ac_cv_search_strerror='none required'
ac_cv_should_define__xopen_source=no
ac_cv_sizeof_uint64_t=8
ac_cv_sizeof_unsigned___int128=16
ac_cv_sizeof_unsigned_int=4
ac_cv_sizeof_unsigned_long=8
ac_cv_sizeof_unsigned_long_long=8
ac_cv_sizeof_unsigned_short=2
ac_cv_sizeof_void_p=8
ac_cv_sys_symbol_underscore=yes
ac_cv_type_byte=no
ac_cv_type_pid_t=yes
ac_cv_type_size_t=yes
ac_cv_type_u16=no
ac_cv_type_u32=no
ac_cv_type_u64=no
ac_cv_type_uintptr_t=yes
ac_cv_type_ushort=yes
am_cv_CCAS_dependencies_compiler_type=gcc3
am_cv_CC_dependencies_compiler_type=gcc3
am_cv_filesystem_timestamp_resolution=2
am_cv_make_support_nested_variables=yes
am_cv_prog_cc_c_o=yes
am_cv_prog_tar_ustar=gnutar
am_cv_sleep_fractional_seconds=yes
am_cv_xargs_n_works=yes
cl_cv_as_noexecstack=no
gcry_cv_cc_aarch64_neon_intrinsics=yes
gcry_cv_cc_arm_arch_is_v6=n/a
gcry_cv_cc_ppc_altivec=n/a
gcry_cv_cc_riscv_mstrict_align=n/a
gcry_cv_cc_riscv_vector_crypto_intrinsics=n/a
gcry_cv_cc_riscv_vector_intrinsics=n/a
gcry_cv_cc_x86_avx512_intrinsics=n/a
gcry_cv_clang_attribute_ppc_target=n/a
gcry_cv_compiler_defines__x86_64__=n/a
gcry_cv_gcc_aarch64_platform_as_ok=no
gcry_cv_gcc_arm_platform_as_ok=no
gcry_cv_gcc_as_const_division_ok=no
gcry_cv_gcc_as_const_division_with_wadivide_ok=no
gcry_cv_gcc_asm_cfi_directives=yes
gcry_cv_gcc_asm_elf_directives=no
gcry_cv_gcc_attribute_aligned=yes
gcry_cv_gcc_attribute_may_alias=yes
gcry_cv_gcc_attribute_ms_abi=yes
gcry_cv_gcc_attribute_optimize=no
gcry_cv_gcc_attribute_packed=yes
gcry_cv_gcc_attribute_ppc_target=n/a
gcry_cv_gcc_attribute_sysv_abi=yes
gcry_cv_gcc_default_abi_is_ms_abi=no
gcry_cv_gcc_default_abi_is_sysv_abi=yes
gcry_cv_gcc_inline_asm_aarch32_crypto=n/a
gcry_cv_gcc_inline_asm_aarch64_crypto=no
gcry_cv_gcc_inline_asm_aarch64_neon=no
gcry_cv_gcc_inline_asm_aarch64_sha3_sha512_sm3_sm4=no
gcry_cv_gcc_inline_asm_aarch64_sve2=no
gcry_cv_gcc_inline_asm_aarch64_sve=no
gcry_cv_gcc_inline_asm_avx2=n/a
gcry_cv_gcc_inline_asm_avx512=n/a
gcry_cv_gcc_inline_asm_avx=n/a
gcry_cv_gcc_inline_asm_bmi2=n/a
gcry_cv_gcc_inline_asm_gfni=n/a
gcry_cv_gcc_inline_asm_neon=n/a
gcry_cv_gcc_inline_asm_pclmul=n/a
gcry_cv_gcc_inline_asm_ppc_altivec=n/a
gcry_cv_gcc_inline_asm_ppc_arch_3_00=n/a
gcry_cv_gcc_inline_asm_riscv=n/a
gcry_cv_gcc_inline_asm_riscv_v=n/a
gcry_cv_gcc_inline_asm_s390x=n/a
gcry_cv_gcc_inline_asm_s390x_vx=n/a
gcry_cv_gcc_inline_asm_shaext=n/a
gcry_cv_gcc_inline_asm_sse41=n/a
gcry_cv_gcc_inline_asm_ssse3=n/a
gcry_cv_gcc_inline_asm_vaes_vpclmul=n/a
gcry_cv_gcc_platform_as_ok_for_intel_syntax=n/a
gcry_cv_gcc_storage_class__thread=yes
gcry_cv_gcc_x86_platform_as_ok=n/a
gcry_cv_have___asm__=yes
gcry_cv_have_asm=yes
gcry_cv_have_asm_volatile_memory=yes
gcry_cv_have_builtin_bswap32=yes
gcry_cv_have_builtin_bswap64=yes
gcry_cv_have_builtin_clz=yes
gcry_cv_have_builtin_clzl=yes
gcry_cv_have_builtin_ctz=yes
gcry_cv_have_builtin_ctzl=yes
gcry_cv_have_sync_synchronize=yes
gcry_cv_have_vla=yes
gcry_cv_visibility_attribute=no
gnupg_cv_have_broken_mlock=no
gnupg_cv_uint64_c_works=yes
lt_cv_apple_cc_single_mod=no
lt_cv_ar_at_file=no
lt_cv_deplibs_check_method=pass_all
lt_cv_file_magic_cmd='$MAGIC_CMD'
lt_cv_file_magic_test_file=
lt_cv_ld_exported_symbols_list=yes
lt_cv_ld_force_load=yes
lt_cv_ld_reload_flag=-r
lt_cv_nm_interface='BSD nm'
lt_cv_objdir=.libs
lt_cv_path_LD=/Applications/Xcode.app/Contents/Developer/Toolchains/XcodeDefault.xctoolchain/usr/bin/ld
lt_cv_path_NM='/usr/bin/nm -B'
lt_cv_path_mainfest_tool=no
lt_cv_prog_compiler_c_o=yes
lt_cv_prog_compiler_c_o_RC=yes
lt_cv_prog_compiler_pic='-fno-common -DPIC'
lt_cv_prog_compiler_pic_works=yes
lt_cv_prog_compiler_rtti_exceptions=yes
lt_cv_prog_compiler_static_works=no
lt_cv_prog_gnu_ld=no
lt_cv_sharedlib_from_linklib_cmd='printf %s\n'
lt_cv_sys_global_symbol_pipe='/usr/bin/sed -n -e '\''s/^.*[	 ]\([ABCDGIRSTW][ABCDGIRSTW]*\)[	 ][	 ]*_\([_A-Za-z][_A-Za-z0-9]*\)$/\1 _\2 \2/p'\'' | /usr/bin/sed '\''/ __gnu_lto/d'\'''
lt_cv_sys_global_symbol_to_c_name_address='/usr/bin/sed -n -e '\''s/^: \(.*\) .*$/  {"\1", (void *) 0},/p'\'' -e '\''s/^[ABCDGIRSTW][ABCDGIRSTW]* .* \(.*\)$/  {"\1", (void *) \&\1},/p'\'''
lt_cv_sys_global_symbol_to_c_name_address_lib_prefix='/usr/bin/sed -n -e '\''s/^: \(.*\) .*$/  {"\1", (void *) 0},/p'\'' -e '\''s/^[ABCDGIRSTW][ABCDGIRSTW]* .* \(lib.*\)$/  {"\1", (void *) \&\1},/p'\'' -e '\''s/^[ABCDGIRSTW][ABCDGIRSTW]* .* \(.*\)$/  {"lib\1", (void *) \&\1},/p'\'''
lt_cv_sys_global_symbol_to_cdecl='/usr/bin/sed -n -e '\''s/^T .* \(.*\)$/extern int \1();/p'\'' -e '\''s/^[ABCDGIRSTW][ABCDGIRSTW]* .* \(.*\)$/extern char \1;/p'\'''
lt_cv_sys_global_symbol_to_import=
lt_cv_sys_max_cmd_len=786432
lt_cv_to_host_file_cmd=func_convert_file_noop
lt_cv_to_tool_file_cmd=func_convert_file_noop
lt_cv_truncate_bin='/bin/dd bs=4096 count=1'

## ----------------- ##
## Output variables. ##
## ----------------- ##

ACLOCAL='${SHELL} '\''/Users/andyvand/Downloads/rpi5-uefi/edk2/GrubFS/grub/grub-core/lib/libgcrypt/build-aux/missing'\'' aclocal-1.18'
AMDEPBACKSLASH='\'
AMDEP_FALSE='#'
AMDEP_TRUE=''
AMTAR='$${TAR-tar}'
AM_BACKSLASH='\'
AM_DEFAULT_V='$(AM_DEFAULT_VERBOSITY)'
AM_DEFAULT_VERBOSITY='1'
AM_V='$(V)'
AR='ar'
AS='as'
AUTOCONF='${SHELL} '\''/Users/andyvand/Downloads/rpi5-uefi/edk2/GrubFS/grub/grub-core/lib/libgcrypt/build-aux/missing'\'' autoconf'
AUTOHEADER='${SHELL} '\''/Users/andyvand/Downloads/rpi5-uefi/edk2/GrubFS/grub/grub-core/lib/libgcrypt/build-aux/missing'\'' autoheader'
AUTOMAKE='${SHELL} '\''/Users/andyvand/Downloads/rpi5-uefi/edk2/GrubFS/grub/grub-core/lib/libgcrypt/build-aux/missing'\'' automake-1.18'
AWK='gawk'
BUILD_DOC_FALSE='#'
BUILD_DOC_TRUE=''
BUILD_FILEVERSION='1,12,1,19104'
BUILD_REVISION='4aa07eec'
BUILD_TIMESTAMP='<none>'
BUILD_VERSION='1.12.1.19104'
CC='gcc'
CCAS='gcc'
CCASDEPMODE='depmode=gcc3'
CCASFLAGS='-g -O2'
CCDEPMODE='depmode=gcc3'
CC_FOR_BUILD='$(CC)'
CFLAGS='-g -O2 -fno-delete-null-pointer-checks -Wall'
CPP='gcc -E'
CPPFLAGS=''
CROSS_COMPILING_FALSE=''
CROSS_COMPILING_TRUE='#'
CSCOPE='cscope'
CTAGS='ctags'
CYGPATH_W='echo'
DEFS='-DHAVE_CONFIG_H'
DEF_HMAC_BINARY_CHECK=''
DEPDIR='.deps'
DLLTOOL='false'
DL_LIBS=''
DSYMUTIL='dsymutil'
DUMPBIN=''
ECHO_C='\c'
ECHO_N=''
ECHO_T=''
EGREP='/usr/bin/grep -E'
ENABLE_AARCH64_NEON_INTRINSICS_EXTRA_CFLAGS_FALSE=''
ENABLE_AARCH64_NEON_INTRINSICS_EXTRA_CFLAGS_TRUE='#'
ENABLE_INSTRUMENTATION_MUNGING_FALSE='#'
ENABLE_INSTRUMENTATION_MUNGING_TRUE=''
ENABLE_O_FLAG_MUNGING_FALSE='#'
ENABLE_O_FLAG_MUNGING_TRUE=''
ENABLE_PPC_VCRYPTO_EXTRA_CFLAGS_FALSE=''
ENABLE_PPC_VCRYPTO_EXTRA_CFLAGS_TRUE='#'
ENABLE_RISCV_VECTOR_CRYPTO_INTRINSICS_EXTRA_CFLAGS_FALSE=''
ENABLE_RISCV_VECTOR_CRYPTO_INTRINSICS_EXTRA_CFLAGS_TRUE='#'
ENABLE_RISCV_VECTOR_INTRINSICS_EXTRA_CFLAGS_FALSE=''
ENABLE_RISCV_VECTOR_INTRINSICS_EXTRA_CFLAGS_TRUE='#'
ENABLE_X86_AVX512_INTRINSICS_EXTRA_CFLAGS_FALSE=''
ENABLE_X86_AVX512_INTRINSICS_EXTRA_CFLAGS_TRUE='#'
ETAGS='etags'
EXEEXT=''
EXEEXT_FOR_BUILD='$(EXEEXT)'
FGREP='/usr/bin/grep -F'
FILECMD='file'
GCRYPT_CIPHERS=' arcfour.lo blowfish.lo cast5.lo des.lo rijndael.lo twofish.lo serpent.lo rfc2268.lo seed.lo camellia.lo camellia-glue.lo idea.lo salsa20.lo gost28147.lo chacha20.lo sm4.lo aria.lo  rijndael-aarch64.lo rijndael-vp-aarch64.lo rijndael-armv8-ce.lo rijndael-armv8-aarch64-ce.lo twofish-aarch64.lo camellia-aarch64.lo camellia-aarch64-ce.lo chacha20-aarch64.lo sm4-aarch64.lo sm4-armv8-aarch64-ce.lo sm4-armv9-aarch64-sve-ce.lo'
GCRYPT_DIGESTS=' crc.lo gostr3411-94.lo stribog.lo md4.lo md5.lo rmd160.lo sha256.lo sha512.lo keccak.lo tiger.lo whirlpool.lo blake2.lo sm3.lo sha1.lo  crc-armv8-ce.lo crc-armv8-aarch64-ce.lo sha256-armv8-aarch64-ce.lo sha512-armv8-aarch64-ce.lo sm3-aarch64.lo sm3-armv8-aarch64-ce.lo sha1-armv8-aarch64-ce.lo cipher-gcm-aarch64-simd.lo cipher-gcm-armv8-aarch64-ce.lo'
GCRYPT_HWF_MODULES='libgcrypt_la-hwf-arm.lo'
GCRYPT_KDFS=' scrypt.lo'
GCRYPT_PUBKEY_CIPHERS=' dsa.lo rsa.lo elgamal.lo                           ecc.lo ecc-curves.lo ecc-misc.lo                           ecc-ecdh.lo ecc-ecdsa.lo ecc-eddsa.lo ecc-gost.lo                           ecc-sm2.lo                           kyber.lo                           dilithium.lo pubkey-dilithium.lo'
GCRYPT_RANDOM=' rndgetentropy.lo'
GPGRT_CONFIG='/usr/local/bin/gpgrt-config --libdir=/usr/local/lib'
GPG_ERROR_CFLAGS='-I/usr/local/include'
GPG_ERROR_CONFIG='/usr/local/bin/gpgrt-config --libdir=/usr/local/lib gpg-error'
GPG_ERROR_LIBS='-L/usr/local/lib -lgpg-error'
GPG_ERROR_MT_CFLAGS='-I/usr/local/include '
GPG_ERROR_MT_LIBS='-L/usr/local/lib -lgpg-error -lpthread'
GREP='/usr/bin/grep'
HAVE_LD_VERSION_SCRIPT_FALSE=''
HAVE_LD_VERSION_SCRIPT_TRUE='#'
HAVE_W32_SYSTEM_FALSE=''
HAVE_W32_SYSTEM_TRUE='#'
INSTALL_DATA='${INSTALL} -m 644'
INSTALL_PROGRAM='${INSTALL}'
INSTALL_SCRIPT='${INSTALL}'
INSTALL_STRIP_PROGRAM='$(install_sh) -c -s'
LD='/Applications/Xcode.app/Contents/Developer/Toolchains/XcodeDefault.xctoolchain/usr/bin/ld'
LDADD_FOR_TESTS_KLUDGE=''
LDFLAGS=''
LIBGCRYPT_CIPHERS='arcfour blowfish cast5 des aes twofish serpent rfc2268 seed camellia idea salsa20 gost28147 chacha20 sm4 aria'
LIBGCRYPT_CONFIG_API_VERSION='1'
LIBGCRYPT_CONFIG_CFLAGS=''
LIBGCRYPT_CONFIG_HOST='aarch64-apple-darwin25.2.0'
LIBGCRYPT_CONFIG_LIBS='-lgcrypt'
LIBGCRYPT_DIGESTS='crc gostr3411-94  md4 md5 rmd160 sha1 sha256 sha512 sha3 tiger whirlpool stribog blake2 sm3'
LIBGCRYPT_LT_AGE='7'
LIBGCRYPT_LT_CURRENT='27'
LIBGCRYPT_LT_REVISION='0'
LIBGCRYPT_PUBKEY_CIPHERS='dsa elgamal rsa ecc kyber dilithium'
LIBGCRYPT_THREAD_MODULES=''
LIBOBJS=''
LIBS=''
LIBTOOL='$(SHELL) $(top_builddir)/libtool'
LIPO='lipo'
LN_S='ln -s'
LTLIBOBJS=''
LT_SYS_LIBRARY_PATH=''
MAINT='#'
MAINTAINER_MODE_FALSE=''
MAINTAINER_MODE_TRUE='#'
MAKEINFO='${SHELL} '\''/Users/andyvand/Downloads/rpi5-uefi/edk2/GrubFS/grub/grub-core/lib/libgcrypt/build-aux/missing'\'' makeinfo'
MANIFEST_TOOL=':'
MARCH_RVA22U64_WITH_VEC='rv64imafdcv_zba_zbb_zbs'
MARCH_RVA23U64_BASE='rv64imafdcv_zba_zbb_zbs'
MKDIR_P='mkdir -p'
MPI_MOD_ASM_MPIH_ADD1_FALSE='#'
MPI_MOD_ASM_MPIH_ADD1_TRUE=''
MPI_MOD_ASM_MPIH_LSHIFT_FALSE=''
MPI_MOD_ASM_MPIH_LSHIFT_TRUE='#'
MPI_MOD_ASM_MPIH_MUL1_FALSE='#'
MPI_MOD_ASM_MPIH_MUL1_TRUE=''
MPI_MOD_ASM_MPIH_MUL2_FALSE='#'
MPI_MOD_ASM_MPIH_MUL2_TRUE=''
MPI_MOD_ASM_MPIH_MUL3_FALSE='#'
MPI_MOD_ASM_MPIH_MUL3_TRUE=''
MPI_MOD_ASM_MPIH_RSHIFT_FALSE=''
MPI_MOD_ASM_MPIH_RSHIFT_TRUE='#'
MPI_MOD_ASM_MPIH_SUB1_FALSE='#'
MPI_MOD_ASM_MPIH_SUB1_TRUE=''
MPI_MOD_ASM_UDIV_FALSE=''
MPI_MOD_ASM_UDIV_QRNND_FALSE=''
MPI_MOD_ASM_UDIV_QRNND_TRUE='#'
MPI_MOD_ASM_UDIV_TRUE='#'
MPI_MOD_C_MPIH_ADD1_FALSE=''
MPI_MOD_C_MPIH_ADD1_TRUE='#'
MPI_MOD_C_MPIH_LSHIFT_FALSE='#'
MPI_MOD_C_MPIH_LSHIFT_TRUE=''
MPI_MOD_C_MPIH_MUL1_FALSE=''
MPI_MOD_C_MPIH_MUL1_TRUE='#'
MPI_MOD_C_MPIH_MUL2_FALSE=''
MPI_MOD_C_MPIH_MUL2_TRUE='#'
MPI_MOD_C_MPIH_MUL3_FALSE=''
MPI_MOD_C_MPIH_MUL3_TRUE='#'
MPI_MOD_C_MPIH_RSHIFT_FALSE='#'
MPI_MOD_C_MPIH_RSHIFT_TRUE=''
MPI_MOD_C_MPIH_SUB1_FALSE=''
MPI_MOD_C_MPIH_SUB1_TRUE='#'
MPI_MOD_C_UDIV_FALSE=''
MPI_MOD_C_UDIV_QRNND_FALSE=''
MPI_MOD_C_UDIV_QRNND_TRUE='#'
MPI_MOD_C_UDIV_TRUE='#'
MPI_SFLAGS=''
NM='/usr/bin/nm -B'
NMEDIT='nmedit'
NOEXECSTACK_FLAGS=''
OBJCOPY=''
OBJDUMP='objdump'
OBJEXT='o'
OTOOL64=':'
OTOOL='otool'
PACKAGE='libgcrypt'
PACKAGE_BUGREPORT='https://bugs.gnupg.org'
PACKAGE_NAME='libgcrypt'
PACKAGE_STRING='libgcrypt 1.12.1-beta10'
PACKAGE_TARNAME='libgcrypt'
PACKAGE_URL=''
PACKAGE_VERSION='1.12.1-beta10'
PATH_SEPARATOR=':'
RANLIB='ranlib'
RC='windres'
READELF=''
RUN_LARGE_DATA_TESTS='no'
SED='/usr/bin/sed'
SET_MAKE=''
SHELL='/bin/sh'
STRIP='strip'
SUPPORT_CC_RISCV_MSTRICT_ALIGN_FALSE=''
SUPPORT_CC_RISCV_MSTRICT_ALIGN_TRUE='#'
SYSROOT=''
USE_DILITHIUM_FALSE='#'
USE_DILITHIUM_TRUE=''
USE_DSA_FALSE='#'
USE_DSA_TRUE=''
USE_ECC_FALSE='#'
USE_ECC_TRUE=''
USE_ELGAMAL_FALSE='#'
USE_ELGAMAL_TRUE=''
USE_GPGRT_CONFIG_FALSE='#'
USE_GPGRT_CONFIG_TRUE=''
USE_HMAC_BINARY_CHECK_FALSE=''
USE_HMAC_BINARY_CHECK_TRUE='#'
USE_KYBER_FALSE='#'
USE_KYBER_TRUE=''
USE_RSA_FALSE='#'
USE_RSA_TRUE=''
VERSION='1.12.1-beta10'
VERSION_NUMBER='0x010c01'
ac_ct_AR='ar'
ac_ct_CC='gcc'
ac_ct_DUMPBIN=''
am__EXEEXT_FALSE=''
am__EXEEXT_TRUE='#'
am__fastdepCCAS_FALSE='#'
am__fastdepCCAS_TRUE=''
am__fastdepCC_FALSE='#'
am__fastdepCC_TRUE=''
am__include='include'
am__isrc=''
am__leading_dot='.'
am__nodep='_no'
am__quote=''
am__rm_f_notfound=''
am__tar='tar --format=ustar -chf - "$$tardir"'
am__untar='tar -xf -'
am__xargs_n='xargs -n'
bindir='${exec_prefix}/bin'
build='aarch64-apple-darwin25.2.0'
build_alias=''
build_cpu='aarch64'
build_os='darwin25.2.0'
build_vendor='apple'
datadir='${datarootdir}'
datarootdir='${prefix}/share'
docdir='${datarootdir}/doc/${PACKAGE_TARNAME}'
dvidir='${docdir}'
emacs_local_vars_begin='Local Variables:'
emacs_local_vars_end='End:'
emacs_local_vars_read_only='buffer-read-only: t'
exec_prefix='${prefix}'
host='aarch64-apple-darwin25.2.0'
host_alias=''
host_cpu='aarch64'
host_os='darwin25.2.0'
host_vendor='apple'
htmldir='${docdir}'
includedir='${prefix}/include'
infodir='${datarootdir}/info'
install_sh='${SHELL} /Users/andyvand/Downloads/rpi5-uefi/edk2/GrubFS/grub/grub-core/lib/libgcrypt/build-aux/install-sh'
libdir='${exec_prefix}/lib'
libexecdir='${exec_prefix}/libexec'
localedir='${datarootdir}/locale'
localstatedir='${prefix}/var'
mandir='${datarootdir}/man'
mkdir_p='$(MKDIR_P)'
oldincludedir='/usr/include'
pdfdir='${docdir}'
prefix='/usr/local'
program_transform_name='s,x,x,'
psdir='${docdir}'
runstatedir='${localstatedir}/run'
sbindir='${exec_prefix}/sbin'
sharedstatedir='${prefix}/com'
sysconfdir='${prefix}/etc'
target_alias=''

## ----------- ##
## confdefs.h. ##
## ----------- ##

/* confdefs.h */
#define PACKAGE_NAME "libgcrypt"
#define PACKAGE_TARNAME "libgcrypt"
#define PACKAGE_VERSION "1.12.1-beta10"
#define PACKAGE_STRING "libgcrypt 1.12.1-beta10"
#define PACKAGE_BUGREPORT "https://bugs.gnupg.org"
#define PACKAGE_URL ""
#define PACKAGE "libgcrypt"
#define VERSION "1.12.1-beta10"
#define HAVE_STDIO_H 1
#define HAVE_STDLIB_H 1
#define HAVE_STRING_H 1
#define HAVE_INTTYPES_H 1
#define HAVE_STDINT_H 1
#define HAVE_STRINGS_H 1
#define HAVE_SYS_STAT_H 1
#define HAVE_SYS_TYPES_H 1
#define HAVE_UNISTD_H 1
#define HAVE_WCHAR_H 1
#define STDC_HEADERS 1
#define _ALL_SOURCE 1
#define _DARWIN_C_SOURCE 1
#define _GNU_SOURCE 1
#define _HPUX_ALT_XOPEN_SOCKET_API 1
#define _NETBSD_SOURCE 1
#define _OPENBSD_SOURCE 1
#define _POSIX_PTHREAD_SEMANTICS 1
#define __STDC_WANT_IEC_60559_ATTRIBS_EXT__ 1
#define __STDC_WANT_IEC_60559_BFP_EXT__ 1
#define __STDC_WANT_IEC_60559_DFP_EXT__ 1
#define __STDC_WANT_IEC_60559_EXT__ 1
#define __STDC_WANT_IEC_60559_FUNCS_EXT__ 1
#define __STDC_WANT_IEC_60559_TYPES_EXT__ 1
#define __STDC_WANT_LIB_EXT2__ 1
#define __STDC_WANT_MATH_SPEC_FUNCS__ 1
#define _TANDEM_SOURCE 1
#define __EXTENSIONS__ 1
#define HAVE_DLFCN_H 1
#define LT_OBJDIR ".libs/"
#define _DARWIN_C_SOURCE 1
#define USE_POSIX_SPAWN_FOR_TESTS 1
#define HAVE_SPAWN_H 1
#define SIZEOF_UNSIGNED_SHORT 2
#define SIZEOF_UNSIGNED_INT 4
#define SIZEOF_UNSIGNED_LONG 8
#define SIZEOF_UNSIGNED_LONG_LONG 8
#define SIZEOF_UNSIGNED___INT128 16
#define SIZEOF_VOID_P 8
#define HAVE_UINTPTR_T 1
#define SIZEOF_UINT64_T 8
#define EGD_SOCKET_NAME ""
#define FIPS_MODULE_VERSION ""
#define PRINTABLE_OS_NAME "Darwin"
#define NAME_OF_DEV_RANDOM "/dev/random"
#define NAME_OF_DEV_URANDOM "/dev/urandom"
#define GPG_ERR_SOURCE_DEFAULT GPG_ERR_SOURCE_GCRYPT
#define HAVE_PTHREAD 1 
#define HAVE_UNISTD_H 1
#define HAVE_SYS_RANDOM_H 1
#define HAVE_SYS_SYSCTL_H 1
#define HAVE_USHORT 1
#define HAVE_BUILTIN_BSWAP32 1
#define HAVE_BUILTIN_BSWAP64 1
#define HAVE_BUILTIN_CTZ 1
#define HAVE_BUILTIN_CTZL 1
#define HAVE_BUILTIN_CLZ 1
#define HAVE_BUILTIN_CLZL 1
#define HAVE_SYNC_SYNCHRONIZE 1
#define HAVE_VLA 1
#define HAVE_GCC_ATTRIBUTE_ALIGNED 1
#define HAVE_GCC_ATTRIBUTE_PACKED 1
#define HAVE_GCC_ATTRIBUTE_MAY_ALIAS 1
#define HAVE_GCC_ASM_VOLATILE_MEMORY 1
#define HAVE_GCC_ASM_CFI_DIRECTIVES 1
#define WITH_SYMBOL_UNDERSCORE 1
#define HAVE_GCC_ATTRIBUTE_MS_ABI 1
#define HAVE_GCC_ATTRIBUTE_SYSV_ABI 1
#define HAVE_GCC_DEFAULT_ABI_IS_SYSV_ABI 1
#define HAVE_GCC_STORAGE_CLASS__THREAD 1
#define HAVE_COMPATIBLE_CC_AARCH64_NEON_INTRINSICS 1
#define HAVE_VPRINTF 1
#define HAVE_STPCPY 1
#define HAVE_STRCASECMP 1
#define HAVE_STRTOUL 1
#define HAVE_MEMMOVE 1
#define HAVE_ATEXIT 1
#define HAVE_RAISE 1
#define HAVE_STRERROR 1
#define HAVE_RAND 1
#define HAVE_MMAP 1
#define HAVE_GETPAGESIZE 1
#define HAVE_SYSCONF 1
#define HAVE_WAITPID 1
#define HAVE_WAIT4 1
#define HAVE_GETTIMEOFDAY 1
#define HAVE_GETRUSAGE 1
#define HAVE_CLOCK_GETTIME 1
#define HAVE_SYSLOG 1
#define HAVE_SYSCALL 1
#define HAVE_FCNTL 1
#define HAVE_FTRUNCATE 1
#define HAVE_FLOCKFILE 1
#define HAVE_GETENTROPY 1
#define HAVE_SYSCTLBYNAME 1
#define HAVE_MLOCK 1
#define HAVE_SYSCONF 1
#define HAVE_GETPAGESIZE 1
#define HAVE_DEV_RANDOM 1
#define ENABLE_JENT_SUPPORT 1
#define USE_ARCFOUR 1
#define USE_BLOWFISH 1
#define USE_CAST5 1
#define USE_DES 1
#define USE_AES 1
#define USE_TWOFISH 1
#define USE_SERPENT 1
#define USE_RFC2268 1
#define USE_SEED 1
#define USE_CAMELLIA 1
#define USE_IDEA 1
#define USE_SALSA20 1
#define USE_GOST28147 1
#define USE_CHACHA20 1
#define USE_SM4 1
#define USE_ARIA 1
#define USE_DSA 1
#define USE_RSA 1
#define USE_ELGAMAL 1
#define USE_ECC 1
#define USE_KYBER 1
#define USE_DILITHIUM 1
#define USE_CRC 1
#define USE_GOST_R_3411_94 1
#define USE_GOST_R_3411_12 1
#define USE_MD4 1
#define USE_MD5 1
#define USE_RMD160 1
#define USE_SHA256 1
#define USE_SHA512 1
#define USE_SHA3 1
#define USE_TIGER 1
#define USE_WHIRLPOOL 1
#define USE_BLAKE2 1
#define USE_SM3 1
#define USE_SHA1 1
#define USE_SCRYPT 1
#define USE_RNDGETENTROPY 1
#define LIBGCRYPT_CIPHERS "arcfour:blowfish:cast5:des:aes:twofish:serpent:rfc2268:seed:camellia:idea:salsa20:gost28147:chacha20:sm4:aria"
#define LIBGCRYPT_PUBKEY_CIPHERS "dsa:elgamal:rsa:ecc:kyber:dilithium"
#define LIBGCRYPT_DIGESTS "crc:gostr3411-94::md4:md5:rmd160:sha1:sha256:sha512:sha3:tiger:whirlpool:stribog:blake2:sm3"
#define LIBGCRYPT_KDFS "s2k:pkdf2:scrypt"
#define HAVE_CPU_ARCH_ARM 1
#define BUILD_REVISION "4aa07eec"
#define BUILD_TIMESTAMP "<none>"

configure: exit 0
